#
# There is insufficient memory for the Java Runtime Environment to continue.
# Native memory allocation (mmap) failed to map 65536 bytes for Failed to commit area from 0x0000028ef20c0000 to 0x0000028ef20d0000 of length 65536.
# Possible reasons:
#   The system is out of physical RAM or swap space
#   The process is running with CompressedOops enabled, and the Java Heap may be blocking the growth of the native heap
# Possible solutions:
#   Reduce memory load on the system
#   Increase physical memory or swap space
#   Check if swap backing store is full
#   Decrease Java heap size (-Xmx/-Xms)
#   Decrease number of Java threads
#   Decrease Java thread stack sizes (-Xss)
#   Set larger code cache with -XX:ReservedCodeCacheSize=
#   JVM is running with Unscaled Compressed Oops mode in which the Java heap is
#     placed in the first 4GB address space. The Java Heap base address is the
#     maximum limit for the native heap growth. Please use -XX:HeapBaseMinAddress
#     to set the Java Heap base and to place the Java Heap above 4GB virtual address.
# This output file may be truncated or incomplete.
#
#  Out of Memory Error (./open/src/hotspot/os/windows/os_windows.cpp:3292), pid=19500, tid=17940
#
# JRE version: Java(TM) SE Runtime Environment 18.9 (11.0.18+9) (build 11.0.18+9-LTS-195)
# Java VM: Java HotSpot(TM) 64-Bit Server VM 18.9 (11.0.18+9-LTS-195, mixed mode, tiered, compressed oops, g1 gc, windows-amd64)
# No core dump will be written. Minidumps are not enabled by default on client versions of Windows
#

---------------  S U M M A R Y ------------

Command Line: -Dcom.sun.management.jmxremote -Dcom.sun.management.jmxremote.port=65270 -Dcom.sun.management.jmxremote.authenticate=false -Dcom.sun.management.jmxremote.ssl=false -Djava.rmi.server.hostname=localhost -Dspring.jmx.enabled=true -Dmanagement.endpoints.jmx.exposure.include=* -Dspring.application.admin.enabled=true -XX:TieredStopAtLevel=1 -Dspring.boot.project.name=ums-Employee-service -Dfile.encoding=UTF-8 com.ikn.ums.employee.UMSEmployeeServiceApplication --spring.output.ansi.enabled=always

Host: 11th Gen Intel(R) Core(TM) i5-1135G7 @ 2.40GHz, 8 cores, 7G,  Windows 10 , 64 bit Build 19041 (10.0.19041.3155)
Time: Mon Sep 11 19:04:44 2023 India Standard Time elapsed time: 13.507641 seconds (0d 0h 0m 13s)

---------------  T H R E A D  ---------------

Current thread (0x0000028ef94eb000):  VMThread "VM Thread" [stack: 0x000000cb82600000,0x000000cb82700000] [id=17940]

Stack: [0x000000cb82600000,0x000000cb82700000]
[error occurred during error reporting (printing stack bounds), id 0xc0000005, EXCEPTION_ACCESS_VIOLATION (0xc0000005) at pc=0x0000028ee26010e7]

Native frames: (J=compiled Java code, j=interpreted, Vv=VM code, C=native code)
V  [jvm.dll+0x65d8aa]
V  [jvm.dll+0x79fc1f]
V  [jvm.dll+0x7a12e9]
V  [jvm.dll+0x7a18e5]
V  [jvm.dll+0x7a189b]
V  [jvm.dll+0x65cdb3]
V  [jvm.dll+0x65d4a8]
C  [ntdll.dll+0xa23df]
C  [ntdll.dll+0x514b4]
C  [ntdll.dll+0xa0eee]
C  0x0000028ee26010e7

VM_Operation (0x000000cb839f63d0): CollectForMetadataAllocation, mode: safepoint, requested by thread 0x0000028efb5bb000


---------------  P R O C E S S  ---------------

Threads class SMR info:
_java_thread_list=0x0000028efb1a1c70, length=22, elements={
0x0000028ed9556000, 0x0000028ef9d20800, 0x0000028ef9d19800, 0x0000028ef9d6f000,
0x0000028ef9d70000, 0x0000028ef9d72000, 0x0000028ef9d73000, 0x0000028ef9d75800,
0x0000028ef9f1d800, 0x0000028efa90b000, 0x0000028efa8de800, 0x0000028efa913800,
0x0000028efa9a6000, 0x0000028efb18e000, 0x0000028efb1de800, 0x0000028efb22d800,
0x0000028efb5b7000, 0x0000028efb5bb000, 0x0000028efbbf7000, 0x0000028efbbf4000,
0x0000028efbbf1800, 0x0000028efbbf6800
}

Java Threads: ( => current thread )
  0x0000028ed9556000 JavaThread "main" [_thread_blocked, id=33852, stack(0x000000cb82000000,0x000000cb82100000)]
  0x0000028ef9d20800 JavaThread "Reference Handler" daemon [_thread_blocked, id=31464, stack(0x000000cb82700000,0x000000cb82800000)]
  0x0000028ef9d19800 JavaThread "Finalizer" daemon [_thread_blocked, id=17828, stack(0x000000cb82800000,0x000000cb82900000)]
  0x0000028ef9d6f000 JavaThread "Signal Dispatcher" daemon [_thread_blocked, id=34800, stack(0x000000cb82900000,0x000000cb82a00000)]
  0x0000028ef9d70000 JavaThread "Attach Listener" daemon [_thread_blocked, id=22028, stack(0x000000cb82a00000,0x000000cb82b00000)]
  0x0000028ef9d72000 JavaThread "Service Thread" daemon [_thread_blocked, id=24752, stack(0x000000cb82b00000,0x000000cb82c00000)]
  0x0000028ef9d73000 JavaThread "C1 CompilerThread0" daemon [_thread_blocked, id=21960, stack(0x000000cb82c00000,0x000000cb82d00000)]
  0x0000028ef9d75800 JavaThread "Sweeper thread" daemon [_thread_blocked, id=11000, stack(0x000000cb82d00000,0x000000cb82e00000)]
  0x0000028ef9f1d800 JavaThread "Common-Cleaner" daemon [_thread_blocked, id=13172, stack(0x000000cb82e00000,0x000000cb82f00000)]
  0x0000028efa90b000 JavaThread "RMI TCP Accept-0" daemon [_thread_in_native, id=18556, stack(0x000000cb82f00000,0x000000cb83000000)]
  0x0000028efa8de800 JavaThread "RMI TCP Accept-65270" daemon [_thread_in_native, id=28488, stack(0x000000cb83000000,0x000000cb83100000)]
  0x0000028efa913800 JavaThread "RMI TCP Accept-0" daemon [_thread_in_native, id=28328, stack(0x000000cb83100000,0x000000cb83200000)]
  0x0000028efa9a6000 JavaThread "RMI TCP Connection(1)-127.0.0.1" daemon [_thread_in_native, id=6724, stack(0x000000cb83300000,0x000000cb83400000)]
  0x0000028efb18e000 JavaThread "RMI Scheduler(0)" daemon [_thread_blocked, id=31420, stack(0x000000cb83400000,0x000000cb83500000)]
  0x0000028efb1de800 JavaThread "RMI TCP Connection(2)-127.0.0.1" daemon [_thread_in_native, id=19524, stack(0x000000cb83500000,0x000000cb83600000)]
  0x0000028efb22d800 JavaThread "JMX server connection timeout 20" daemon [_thread_blocked, id=6672, stack(0x000000cb83700000,0x000000cb83800000)]
  0x0000028efb5b7000 JavaThread "Thread-0" [_thread_blocked, id=29960, stack(0x000000cb83800000,0x000000cb83900000)]
  0x0000028efb5bb000 JavaThread "restartedMain" [_thread_blocked, id=1724, stack(0x000000cb83900000,0x000000cb83a00000)]
  0x0000028efbbf7000 JavaThread "Keep-Alive-Timer" daemon [_thread_blocked, id=24644, stack(0x000000cb84200000,0x000000cb84300000)]
  0x0000028efbbf4000 JavaThread "Catalina-utility-1" [_thread_blocked, id=26508, stack(0x000000cb84300000,0x000000cb84400000)]
  0x0000028efbbf1800 JavaThread "Catalina-utility-2" [_thread_blocked, id=12476, stack(0x000000cb84400000,0x000000cb84500000)]
  0x0000028efbbf6800 JavaThread "container-0" [_thread_blocked, id=12716, stack(0x000000cb84500000,0x000000cb84600000)]

Other Threads:
=>0x0000028ef94eb000 VMThread "VM Thread" [stack: 0x000000cb82600000,0x000000cb82700000] [id=17940]
  0x0000028efa916000 WatcherThread [stack: 0x000000cb83200000,0x000000cb83300000] [id=5792]
  0x0000028ed956b000 GCTaskThread "GC Thread#0" [stack: 0x000000cb82100000,0x000000cb82200000] [id=17472]
  0x0000028efb190800 GCTaskThread "GC Thread#1" [stack: 0x000000cb83600000,0x000000cb83700000] [id=31140]
  0x0000028efb6a7800 GCTaskThread "GC Thread#2" [stack: 0x000000cb83a00000,0x000000cb83b00000] [id=15200]
  0x0000028efb6b9800 GCTaskThread "GC Thread#3" [stack: 0x000000cb83b00000,0x000000cb83c00000] [id=28060]
  0x0000028efb687800 GCTaskThread "GC Thread#4" [stack: 0x000000cb83c00000,0x000000cb83d00000] [id=16016]
  0x0000028efb6fb000 GCTaskThread "GC Thread#5" [stack: 0x000000cb83d00000,0x000000cb83e00000] [id=24172]
  0x0000028efb7a4800 GCTaskThread "GC Thread#6" [stack: 0x000000cb84000000,0x000000cb84100000] [id=31092]
  0x0000028efb821800 GCTaskThread "GC Thread#7" [stack: 0x000000cb84100000,0x000000cb84200000] [id=11836]
  0x0000028ed959b000 ConcurrentGCThread "G1 Main Marker" [stack: 0x000000cb82200000,0x000000cb82300000] [id=28464]
  0x0000028ed959e800 ConcurrentGCThread "G1 Conc#0" [stack: 0x000000cb82300000,0x000000cb82400000] [id=34048]
  0x0000028efb724800 ConcurrentGCThread "G1 Conc#1" [stack: 0x000000cb83e00000,0x000000cb83f00000] [id=33148]
  0x0000028ef933e800 ConcurrentGCThread "G1 Refine#0" [stack: 0x000000cb82400000,0x000000cb82500000] [id=14288]
  0x0000028ef933f000 ConcurrentGCThread "G1 Young RemSet Sampling" [stack: 0x000000cb82500000,0x000000cb82600000] [id=7368]

Threads with active compile tasks:

VM state:at safepoint (normal execution)

VM Mutex/Monitor currently owned by a thread:  ([mutex/lock_event])
[0x0000028ed9550fc0] Threads_lock - owner thread: 0x0000028ef94eb000
[0x0000028ed9552910] Heap_lock - owner thread: 0x0000028efb5bb000

Heap address: 0x0000000084a00000, size: 1974 MB, Compressed Oops mode: 32-bit
Narrow klass base: 0x0000000000000000, Narrow klass shift: 3
Compressed class space size: 1073741824 Address: 0x0000000100000000

Heap:
 garbage-first heap   total 152576K, used 32134K [0x0000000084a00000, 0x0000000100000000)
  region size 1024K, 4 young (4096K), 4 survivors (4096K)
 Metaspace       used 58417K, capacity 59948K, committed 60028K, reserved 1101824K
  class space    used 7912K, capacity 8598K, committed 8652K, reserved 1048576K
Heap Regions: E=young(eden), S=young(survivor), O=old, HS=humongous(starts), HC=humongous(continues), CS=collection set, F=free, A=archive, TAMS=top-at-mark-start (previous, next)
|   0|0x0000000084a00000, 0x0000000084b00000, 0x0000000084b00000|100%|HS|  |TAMS 0x0000000084b00000, 0x0000000084b00000| Complete 
|   1|0x0000000084b00000, 0x0000000084c00000, 0x0000000084c00000|100%| O|  |TAMS 0x0000000084c00000, 0x0000000084c00000| Untracked 
|   2|0x0000000084c00000, 0x0000000084d00000, 0x0000000084d00000|100%|HS|  |TAMS 0x0000000084d00000, 0x0000000084d00000| Complete 
|   3|0x0000000084d00000, 0x0000000084e00000, 0x0000000084e00000|100%|HC|  |TAMS 0x0000000084e00000, 0x0000000084e00000| Complete 
|   4|0x0000000084e00000, 0x0000000084f00000, 0x0000000084f00000|100%| O|  |TAMS 0x0000000084f00000, 0x0000000084f00000| Untracked 
|   5|0x0000000084f00000, 0x0000000085000000, 0x0000000085000000|100%| O|  |TAMS 0x0000000085000000, 0x0000000085000000| Untracked 
|   6|0x0000000085000000, 0x0000000085100000, 0x0000000085100000|100%| O|  |TAMS 0x0000000085100000, 0x0000000085100000| Untracked 
|   7|0x0000000085100000, 0x0000000085200000, 0x0000000085200000|100%| O|  |TAMS 0x0000000085200000, 0x0000000085200000| Untracked 
|   8|0x0000000085200000, 0x0000000085300000, 0x0000000085300000|100%| O|  |TAMS 0x0000000085300000, 0x0000000085300000| Untracked 
|   9|0x0000000085300000, 0x0000000085400000, 0x0000000085400000|100%| O|  |TAMS 0x0000000085400000, 0x0000000085400000| Untracked 
|  10|0x0000000085400000, 0x0000000085500000, 0x0000000085500000|100%| O|  |TAMS 0x0000000085500000, 0x0000000085500000| Untracked 
|  11|0x0000000085500000, 0x0000000085600000, 0x0000000085600000|100%| O|  |TAMS 0x0000000085600000, 0x0000000085600000| Untracked 
|  12|0x0000000085600000, 0x0000000085700000, 0x0000000085700000|100%| O|  |TAMS 0x0000000085700000, 0x0000000085700000| Untracked 
|  13|0x0000000085700000, 0x0000000085800000, 0x0000000085800000|100%| O|  |TAMS 0x0000000085800000, 0x0000000085800000| Untracked 
|  14|0x0000000085800000, 0x0000000085900000, 0x0000000085900000|100%| O|  |TAMS 0x0000000085900000, 0x0000000085900000| Untracked 
|  15|0x0000000085900000, 0x0000000085a00000, 0x0000000085a00000|100%| O|  |TAMS 0x0000000085911a00, 0x0000000085a00000| Untracked 
|  16|0x0000000085a00000, 0x0000000085b00000, 0x0000000085b00000|100%| O|  |TAMS 0x0000000085a00000, 0x0000000085b00000| Untracked 
|  17|0x0000000085b00000, 0x0000000085b00000, 0x0000000085c00000|  0%| F|  |TAMS 0x0000000085b00000, 0x0000000085b00000| Untracked 
|  18|0x0000000085c00000, 0x0000000085c00000, 0x0000000085d00000|  0%| F|  |TAMS 0x0000000085c00000, 0x0000000085c00000| Untracked 
|  19|0x0000000085d00000, 0x0000000085d00000, 0x0000000085e00000|  0%| F|  |TAMS 0x0000000085d00000, 0x0000000085d00000| Untracked 
|  20|0x0000000085e00000, 0x0000000085e00000, 0x0000000085f00000|  0%| F|  |TAMS 0x0000000085e00000, 0x0000000085e00000| Untracked 
|  21|0x0000000085f00000, 0x0000000085f00000, 0x0000000086000000|  0%| F|  |TAMS 0x0000000085f00000, 0x0000000085f00000| Untracked 
|  22|0x0000000086000000, 0x0000000086100000, 0x0000000086100000|100%| O|  |TAMS 0x0000000086000000, 0x0000000086100000| Untracked 
|  23|0x0000000086100000, 0x0000000086200000, 0x0000000086200000|100%| O|  |TAMS 0x0000000086100000, 0x0000000086200000| Untracked 
|  24|0x0000000086200000, 0x0000000086300000, 0x0000000086300000|100%| O|  |TAMS 0x0000000086200000, 0x0000000086300000| Untracked 
|  25|0x0000000086300000, 0x0000000086400000, 0x0000000086400000|100%| O|  |TAMS 0x0000000086300000, 0x0000000086400000| Untracked 
|  26|0x0000000086400000, 0x0000000086500000, 0x0000000086500000|100%| O|  |TAMS 0x0000000086400000, 0x0000000086500000| Untracked 
|  27|0x0000000086500000, 0x0000000086600000, 0x0000000086600000|100%| O|  |TAMS 0x0000000086500000, 0x0000000086600000| Untracked 
|  28|0x0000000086600000, 0x0000000086700000, 0x0000000086700000|100%| O|  |TAMS 0x0000000086600000, 0x0000000086700000| Untracked 
|  29|0x0000000086700000, 0x0000000086800000, 0x0000000086800000|100%| O|  |TAMS 0x0000000086700000, 0x0000000086800000| Untracked 
|  30|0x0000000086800000, 0x0000000086900000, 0x0000000086900000|100%| O|  |TAMS 0x0000000086800000, 0x0000000086900000| Untracked 
|  31|0x0000000086900000, 0x0000000086a00000, 0x0000000086a00000|100%| O|  |TAMS 0x0000000086900000, 0x0000000086a00000| Untracked 
|  32|0x0000000086a00000, 0x0000000086b00000, 0x0000000086b00000|100%| O|  |TAMS 0x0000000086a00000, 0x0000000086b00000| Untracked 
|  33|0x0000000086b00000, 0x0000000086b20200, 0x0000000086c00000| 12%| O|  |TAMS 0x0000000086b00000, 0x0000000086b20200| Untracked 
|  34|0x0000000086c00000, 0x0000000086c00000, 0x0000000086d00000|  0%| F|  |TAMS 0x0000000086c00000, 0x0000000086c00000| Untracked 
|  35|0x0000000086d00000, 0x0000000086d00000, 0x0000000086e00000|  0%| F|  |TAMS 0x0000000086d00000, 0x0000000086d00000| Untracked 
|  36|0x0000000086e00000, 0x0000000086e00000, 0x0000000086f00000|  0%| F|  |TAMS 0x0000000086e00000, 0x0000000086e00000| Untracked 
|  37|0x0000000086f00000, 0x0000000086f00000, 0x0000000087000000|  0%| F|  |TAMS 0x0000000086f00000, 0x0000000086f00000| Untracked 
|  38|0x0000000087000000, 0x0000000087000000, 0x0000000087100000|  0%| F|  |TAMS 0x0000000087000000, 0x0000000087000000| Untracked 
|  39|0x0000000087100000, 0x0000000087100000, 0x0000000087200000|  0%| F|  |TAMS 0x0000000087100000, 0x0000000087100000| Untracked 
|  40|0x0000000087200000, 0x0000000087200000, 0x0000000087300000|  0%| F|  |TAMS 0x0000000087200000, 0x0000000087200000| Untracked 
|  41|0x0000000087300000, 0x0000000087300000, 0x0000000087400000|  0%| F|  |TAMS 0x0000000087300000, 0x0000000087300000| Untracked 
|  42|0x0000000087400000, 0x0000000087400000, 0x0000000087500000|  0%| F|  |TAMS 0x0000000087400000, 0x0000000087400000| Untracked 
|  43|0x0000000087500000, 0x0000000087500000, 0x0000000087600000|  0%| F|  |TAMS 0x0000000087500000, 0x0000000087500000| Untracked 
|  44|0x0000000087600000, 0x0000000087600000, 0x0000000087700000|  0%| F|  |TAMS 0x0000000087600000, 0x0000000087600000| Untracked 
|  45|0x0000000087700000, 0x0000000087700000, 0x0000000087800000|  0%| F|  |TAMS 0x0000000087700000, 0x0000000087700000| Untracked 
|  46|0x0000000087800000, 0x0000000087800000, 0x0000000087900000|  0%| F|  |TAMS 0x0000000087800000, 0x0000000087800000| Untracked 
|  47|0x0000000087900000, 0x0000000087900000, 0x0000000087a00000|  0%| F|  |TAMS 0x0000000087900000, 0x0000000087900000| Untracked 
|  48|0x0000000087a00000, 0x0000000087a00000, 0x0000000087b00000|  0%| F|  |TAMS 0x0000000087a00000, 0x0000000087a00000| Untracked 
|  49|0x0000000087b00000, 0x0000000087b00000, 0x0000000087c00000|  0%| F|  |TAMS 0x0000000087b00000, 0x0000000087b00000| Untracked 
|  50|0x0000000087c00000, 0x0000000087c00000, 0x0000000087d00000|  0%| F|  |TAMS 0x0000000087c00000, 0x0000000087c00000| Untracked 
|  51|0x0000000087d00000, 0x0000000087d00000, 0x0000000087e00000|  0%| F|  |TAMS 0x0000000087d00000, 0x0000000087d00000| Untracked 
|  52|0x0000000087e00000, 0x0000000087e00000, 0x0000000087f00000|  0%| F|  |TAMS 0x0000000087e00000, 0x0000000087e00000| Untracked 
|  53|0x0000000087f00000, 0x0000000087f00000, 0x0000000088000000|  0%| F|  |TAMS 0x0000000087f00000, 0x0000000087f00000| Untracked 
|  54|0x0000000088000000, 0x0000000088000000, 0x0000000088100000|  0%| F|  |TAMS 0x0000000088000000, 0x0000000088000000| Untracked 
|  55|0x0000000088100000, 0x0000000088100000, 0x0000000088200000|  0%| F|  |TAMS 0x0000000088100000, 0x0000000088100000| Untracked 
|  56|0x0000000088200000, 0x0000000088200000, 0x0000000088300000|  0%| F|  |TAMS 0x0000000088200000, 0x0000000088200000| Untracked 
|  57|0x0000000088300000, 0x0000000088300000, 0x0000000088400000|  0%| F|  |TAMS 0x0000000088300000, 0x0000000088300000| Untracked 
|  58|0x0000000088400000, 0x0000000088400000, 0x0000000088500000|  0%| F|  |TAMS 0x0000000088400000, 0x0000000088400000| Untracked 
|  59|0x0000000088500000, 0x0000000088500000, 0x0000000088600000|  0%| F|  |TAMS 0x0000000088500000, 0x0000000088500000| Untracked 
|  60|0x0000000088600000, 0x0000000088600000, 0x0000000088700000|  0%| F|  |TAMS 0x0000000088600000, 0x0000000088600000| Untracked 
|  61|0x0000000088700000, 0x0000000088700000, 0x0000000088800000|  0%| F|  |TAMS 0x0000000088700000, 0x0000000088700000| Untracked 
|  62|0x0000000088800000, 0x0000000088800000, 0x0000000088900000|  0%| F|  |TAMS 0x0000000088800000, 0x0000000088800000| Untracked 
|  63|0x0000000088900000, 0x0000000088900000, 0x0000000088a00000|  0%| F|  |TAMS 0x0000000088900000, 0x0000000088900000| Untracked 
|  64|0x0000000088a00000, 0x0000000088a00000, 0x0000000088b00000|  0%| F|  |TAMS 0x0000000088a00000, 0x0000000088a00000| Untracked 
|  65|0x0000000088b00000, 0x0000000088b00000, 0x0000000088c00000|  0%| F|  |TAMS 0x0000000088b00000, 0x0000000088b00000| Untracked 
|  66|0x0000000088c00000, 0x0000000088c00000, 0x0000000088d00000|  0%| F|  |TAMS 0x0000000088c00000, 0x0000000088c00000| Untracked 
|  67|0x0000000088d00000, 0x0000000088d00000, 0x0000000088e00000|  0%| F|  |TAMS 0x0000000088d00000, 0x0000000088d00000| Untracked 
|  68|0x0000000088e00000, 0x0000000088e00000, 0x0000000088f00000|  0%| F|  |TAMS 0x0000000088e00000, 0x0000000088e00000| Untracked 
|  69|0x0000000088f00000, 0x0000000088f00000, 0x0000000089000000|  0%| F|  |TAMS 0x0000000088f00000, 0x0000000088f00000| Untracked 
|  70|0x0000000089000000, 0x0000000089000000, 0x0000000089100000|  0%| F|  |TAMS 0x0000000089000000, 0x0000000089000000| Untracked 
|  71|0x0000000089100000, 0x0000000089100000, 0x0000000089200000|  0%| F|  |TAMS 0x0000000089100000, 0x0000000089100000| Untracked 
|  72|0x0000000089200000, 0x0000000089200000, 0x0000000089300000|  0%| F|  |TAMS 0x0000000089200000, 0x0000000089200000| Untracked 
|  73|0x0000000089300000, 0x0000000089300000, 0x0000000089400000|  0%| F|  |TAMS 0x0000000089300000, 0x0000000089300000| Untracked 
|  74|0x0000000089400000, 0x00000000894417d8, 0x0000000089500000| 25%| S|CS|TAMS 0x0000000089400000, 0x0000000089400000| Complete 
|  75|0x0000000089500000, 0x0000000089600000, 0x0000000089600000|100%| S|CS|TAMS 0x0000000089500000, 0x0000000089500000| Complete 
|  76|0x0000000089600000, 0x0000000089700000, 0x0000000089700000|100%| S|CS|TAMS 0x0000000089600000, 0x0000000089600000| Complete 
|  77|0x0000000089700000, 0x0000000089800000, 0x0000000089800000|100%| S|CS|TAMS 0x0000000089700000, 0x0000000089700000| Complete 
|  78|0x0000000089800000, 0x0000000089800000, 0x0000000089900000|  0%| F|  |TAMS 0x0000000089800000, 0x0000000089800000| Untracked 
|  79|0x0000000089900000, 0x0000000089900000, 0x0000000089a00000|  0%| F|  |TAMS 0x0000000089900000, 0x0000000089900000| Untracked 
|  80|0x0000000089a00000, 0x0000000089a00000, 0x0000000089b00000|  0%| F|  |TAMS 0x0000000089a00000, 0x0000000089a00000| Untracked 
|  81|0x0000000089b00000, 0x0000000089b00000, 0x0000000089c00000|  0%| F|  |TAMS 0x0000000089b00000, 0x0000000089b00000| Untracked 
|  82|0x0000000089c00000, 0x0000000089c00000, 0x0000000089d00000|  0%| F|  |TAMS 0x0000000089c00000, 0x0000000089c00000| Untracked 
|  83|0x0000000089d00000, 0x0000000089d00000, 0x0000000089e00000|  0%| F|  |TAMS 0x0000000089d00000, 0x0000000089d00000| Untracked 
|  84|0x0000000089e00000, 0x0000000089e00000, 0x0000000089f00000|  0%| F|  |TAMS 0x0000000089e00000, 0x0000000089e00000| Untracked 
|  85|0x0000000089f00000, 0x0000000089f00000, 0x000000008a000000|  0%| F|  |TAMS 0x0000000089f00000, 0x0000000089f00000| Untracked 
|  86|0x000000008a000000, 0x000000008a000000, 0x000000008a100000|  0%| F|  |TAMS 0x000000008a000000, 0x000000008a000000| Untracked 
|  87|0x000000008a100000, 0x000000008a100000, 0x000000008a200000|  0%| F|  |TAMS 0x000000008a100000, 0x000000008a100000| Untracked 
|  88|0x000000008a200000, 0x000000008a200000, 0x000000008a300000|  0%| F|  |TAMS 0x000000008a200000, 0x000000008a200000| Untracked 
|  89|0x000000008a300000, 0x000000008a300000, 0x000000008a400000|  0%| F|  |TAMS 0x000000008a300000, 0x000000008a300000| Untracked 
|  90|0x000000008a400000, 0x000000008a400000, 0x000000008a500000|  0%| F|  |TAMS 0x000000008a400000, 0x000000008a400000| Untracked 
|  91|0x000000008a500000, 0x000000008a500000, 0x000000008a600000|  0%| F|  |TAMS 0x000000008a500000, 0x000000008a500000| Untracked 
|  92|0x000000008a600000, 0x000000008a600000, 0x000000008a700000|  0%| F|  |TAMS 0x000000008a600000, 0x000000008a600000| Untracked 
|  93|0x000000008a700000, 0x000000008a700000, 0x000000008a800000|  0%| F|  |TAMS 0x000000008a700000, 0x000000008a700000| Untracked 
|  94|0x000000008a800000, 0x000000008a800000, 0x000000008a900000|  0%| F|  |TAMS 0x000000008a800000, 0x000000008a800000| Untracked 
|  95|0x000000008a900000, 0x000000008a900000, 0x000000008aa00000|  0%| F|  |TAMS 0x000000008a900000, 0x000000008a900000| Untracked 
|  96|0x000000008aa00000, 0x000000008aa00000, 0x000000008ab00000|  0%| F|  |TAMS 0x000000008aa00000, 0x000000008aa00000| Untracked 
|  97|0x000000008ab00000, 0x000000008ab00000, 0x000000008ac00000|  0%| F|  |TAMS 0x000000008ab00000, 0x000000008ab00000| Untracked 
|  98|0x000000008ac00000, 0x000000008ac00000, 0x000000008ad00000|  0%| F|  |TAMS 0x000000008ac00000, 0x000000008ac00000| Untracked 
|  99|0x000000008ad00000, 0x000000008ad00000, 0x000000008ae00000|  0%| F|  |TAMS 0x000000008ad00000, 0x000000008ad00000| Untracked 
| 100|0x000000008ae00000, 0x000000008ae00000, 0x000000008af00000|  0%| F|  |TAMS 0x000000008ae00000, 0x000000008ae00000| Untracked 
| 101|0x000000008af00000, 0x000000008af00000, 0x000000008b000000|  0%| F|  |TAMS 0x000000008af00000, 0x000000008af00000| Untracked 
| 102|0x000000008b000000, 0x000000008b000000, 0x000000008b100000|  0%| F|  |TAMS 0x000000008b000000, 0x000000008b000000| Untracked 
| 103|0x000000008b100000, 0x000000008b100000, 0x000000008b200000|  0%| F|  |TAMS 0x000000008b100000, 0x000000008b100000| Untracked 
| 104|0x000000008b200000, 0x000000008b200000, 0x000000008b300000|  0%| F|  |TAMS 0x000000008b200000, 0x000000008b200000| Untracked 
| 105|0x000000008b300000, 0x000000008b300000, 0x000000008b400000|  0%| F|  |TAMS 0x000000008b300000, 0x000000008b300000| Untracked 
| 106|0x000000008b400000, 0x000000008b400000, 0x000000008b500000|  0%| F|  |TAMS 0x000000008b400000, 0x000000008b400000| Untracked 
| 107|0x000000008b500000, 0x000000008b500000, 0x000000008b600000|  0%| F|  |TAMS 0x000000008b500000, 0x000000008b500000| Untracked 
| 108|0x000000008b600000, 0x000000008b600000, 0x000000008b700000|  0%| F|  |TAMS 0x000000008b600000, 0x000000008b600000| Untracked 
| 109|0x000000008b700000, 0x000000008b700000, 0x000000008b800000|  0%| F|  |TAMS 0x000000008b700000, 0x000000008b700000| Untracked 
| 110|0x000000008b800000, 0x000000008b800000, 0x000000008b900000|  0%| F|  |TAMS 0x000000008b800000, 0x000000008b800000| Untracked 
| 111|0x000000008b900000, 0x000000008b900000, 0x000000008ba00000|  0%| F|  |TAMS 0x000000008b900000, 0x000000008b900000| Untracked 
| 112|0x000000008ba00000, 0x000000008ba00000, 0x000000008bb00000|  0%| F|  |TAMS 0x000000008ba00000, 0x000000008ba00000| Untracked 
| 113|0x000000008bb00000, 0x000000008bb00000, 0x000000008bc00000|  0%| F|  |TAMS 0x000000008bb00000, 0x000000008bb00000| Untracked 
| 114|0x000000008bc00000, 0x000000008bc00000, 0x000000008bd00000|  0%| F|  |TAMS 0x000000008bc00000, 0x000000008bc00000| Untracked 
| 115|0x000000008bd00000, 0x000000008bd00000, 0x000000008be00000|  0%| F|  |TAMS 0x000000008bd00000, 0x000000008bd00000| Untracked 
| 116|0x000000008be00000, 0x000000008be00000, 0x000000008bf00000|  0%| F|  |TAMS 0x000000008be00000, 0x000000008be00000| Untracked 
| 117|0x000000008bf00000, 0x000000008bf00000, 0x000000008c000000|  0%| F|  |TAMS 0x000000008bf00000, 0x000000008bf00000| Untracked 
| 118|0x000000008c000000, 0x000000008c000000, 0x000000008c100000|  0%| F|  |TAMS 0x000000008c000000, 0x000000008c000000| Untracked 
| 119|0x000000008c100000, 0x000000008c100000, 0x000000008c200000|  0%| F|  |TAMS 0x000000008c100000, 0x000000008c100000| Untracked 
| 120|0x000000008c200000, 0x000000008c200000, 0x000000008c300000|  0%| F|  |TAMS 0x000000008c200000, 0x000000008c200000| Untracked 
| 121|0x000000008c300000, 0x000000008c300000, 0x000000008c400000|  0%| F|  |TAMS 0x000000008c300000, 0x000000008c300000| Untracked 
| 122|0x000000008c400000, 0x000000008c400000, 0x000000008c500000|  0%| F|  |TAMS 0x000000008c400000, 0x000000008c400000| Untracked 
| 123|0x000000008c500000, 0x000000008c500000, 0x000000008c600000|  0%| F|  |TAMS 0x000000008c500000, 0x000000008c500000| Untracked 

Card table byte_map: [0x0000028ef2460000,0x0000028ef2840000] _byte_map_base: 0x0000028ef203b000

Marking Bits (Prev, Next): (CMBitMap*) 0x0000028ed95925b8, (CMBitMap*) 0x0000028ed95925f0
 Prev Bits: [0x0000028ef2c20000, 0x0000028ef4af8000)
 Next Bits: [0x0000028ef4b00000, 0x0000028ef69d8000)

Polling page: 0x0000028ed99b0000

Metaspace:

Usage:
  Non-class:     50.15 MB capacity,    49.32 MB ( 98%) used,   661.70 KB (  1%) free+waste,   182.75 KB ( <1%) overhead. 
      Class:      8.40 MB capacity,     7.73 MB ( 92%) used,   591.80 KB (  7%) free+waste,    93.81 KB (  1%) overhead. 
       Both:     58.54 MB capacity,    57.05 MB ( 97%) used,     1.22 MB (  2%) free+waste,   276.56 KB ( <1%) overhead. 

Virtual space:
  Non-class space:       52.00 MB reserved,      50.17 MB ( 96%) committed 
      Class space:        1.00 GB reserved,       8.45 MB ( <1%) committed 
             Both:        1.05 GB reserved,      58.62 MB (  5%) committed 

Chunk freelists:
   Non-Class:  3.25 KB
       Class:  1.25 KB
        Both:  4.50 KB

CodeHeap 'non-profiled nmethods': size=238336Kb used=7366Kb max_used=7366Kb free=230969Kb
 bounds [0x0000028ee2d40000, 0x0000028ee3480000, 0x0000028ef1600000]
CodeHeap 'non-nmethods': size=7424Kb used=1226Kb max_used=1226Kb free=6197Kb
 bounds [0x0000028ee2600000, 0x0000028ee2870000, 0x0000028ee2d40000]
 total_blobs=5310 nmethods=4731 adapters=504
 compilation: enabled
              stopped_count=0, restarted_count=0
 full_count=0

Compilation events (10 events):
Event: 13.488 Thread 0x0000028ef9d73000 4729       1       net.bytebuddy.description.type.TypeDescription$AbstractBase::getInternalName (12 bytes)
Event: 13.488 Thread 0x0000028ef9d73000 nmethod 4729 0x0000028ee3470510 code [0x0000028ee34706c0, 0x0000028ee34707b8]
Event: 13.488 Thread 0x0000028ef9d73000 4724       1       net.bytebuddy.jar.asm.Symbol::<init> (38 bytes)
Event: 13.488 Thread 0x0000028ef9d73000 nmethod 4724 0x0000028ee3470890 code [0x0000028ee3470a20, 0x0000028ee3470bf8]
Event: 13.488 Thread 0x0000028ef9d73000 4730       1       net.bytebuddy.jar.asm.Type::getDescriptor (18 bytes)
Event: 13.488 Thread 0x0000028ef9d73000 nmethod 4730 0x0000028ee3470c90 code [0x0000028ee3470e60, 0x0000028ee3471118]
Event: 13.488 Thread 0x0000028ef9d73000 4727       1       net.bytebuddy.implementation.bytecode.collection.ArrayFactory::access$000 (5 bytes)
Event: 13.488 Thread 0x0000028ef9d73000 nmethod 4727 0x0000028ee3471290 code [0x0000028ee3471420, 0x0000028ee34714b8]
Event: 13.489 Thread 0x0000028ef9d73000 4731       1       net.bytebuddy.jar.asm.ByteVector::putShort (52 bytes)
Event: 13.489 Thread 0x0000028ef9d73000 nmethod 4731 0x0000028ee3471590 code [0x0000028ee3471740, 0x0000028ee34718a8]

GC Heap History (10 events):
Event: 6.813 GC heap after
{Heap after GC invocations=8 (full 0):
 garbage-first heap   total 126976K, used 20956K [0x0000000084a00000, 0x0000000100000000)
  region size 1024K, 6 young (6144K), 6 survivors (6144K)
 Metaspace       used 34092K, capacity 35191K, committed 35376K, reserved 1079296K
  class space    used 4237K, capacity 4663K, committed 4736K, reserved 1048576K
}
Event: 6.872 GC heap before
{Heap before GC invocations=8 (full 0):
 garbage-first heap   total 126976K, used 26076K [0x0000000084a00000, 0x0000000100000000)
  region size 1024K, 12 young (12288K), 6 survivors (6144K)
 Metaspace       used 34528K, capacity 35585K, committed 35632K, reserved 1081344K
  class space    used 4289K, capacity 4730K, committed 4736K, reserved 1048576K
}
Event: 6.880 GC heap after
{Heap after GC invocations=9 (full 0):
 garbage-first heap   total 126976K, used 21045K [0x0000000084a00000, 0x0000000100000000)
  region size 1024K, 6 young (6144K), 6 survivors (6144K)
 Metaspace       used 34528K, capacity 35585K, committed 35632K, reserved 1081344K
  class space    used 4289K, capacity 4730K, committed 4736K, reserved 1048576K
}
Event: 7.621 GC heap before
{Heap before GC invocations=10 (full 0):
 garbage-first heap   total 126976K, used 90677K [0x0000000084a00000, 0x0000000100000000)
  region size 1024K, 74 young (75776K), 6 survivors (6144K)
 Metaspace       used 38988K, capacity 40204K, committed 40368K, reserved 1083392K
  class space    used 5052K, capacity 5584K, committed 5632K, reserved 1048576K
}
Event: 7.627 GC heap after
{Heap after GC invocations=11 (full 0):
 garbage-first heap   total 126976K, used 23035K [0x0000000084a00000, 0x0000000100000000)
  region size 1024K, 7 young (7168K), 7 survivors (7168K)
 Metaspace       used 38988K, capacity 40204K, committed 40368K, reserved 1083392K
  class space    used 5052K, capacity 5584K, committed 5632K, reserved 1048576K
}
Event: 8.556 GC heap before
{Heap before GC invocations=11 (full 0):
 garbage-first heap   total 126976K, used 99835K [0x0000000084a00000, 0x0000000100000000)
  region size 1024K, 74 young (75776K), 7 survivors (7168K)
 Metaspace       used 44120K, capacity 45472K, committed 45744K, reserved 1089536K
  class space    used 5700K, capacity 6277K, committed 6400K, reserved 1048576K
}
Event: 8.564 GC heap after
{Heap after GC invocations=12 (full 0):
 garbage-first heap   total 126976K, used 29103K [0x0000000084a00000, 0x0000000100000000)
  region size 1024K, 10 young (10240K), 10 survivors (10240K)
 Metaspace       used 44120K, capacity 45472K, committed 45744K, reserved 1089536K
  class space    used 5700K, capacity 6277K, committed 6400K, reserved 1048576K
}
Event: 11.297 GC heap before
{Heap before GC invocations=12 (full 0):
 garbage-first heap   total 126976K, used 99759K [0x0000000084a00000, 0x0000000100000000)
  region size 1024K, 74 young (75776K), 10 survivors (10240K)
 Metaspace       used 50635K, capacity 52133K, committed 52400K, reserved 1093632K
  class space    used 6641K, capacity 7300K, committed 7424K, reserved 1048576K
}
Event: 11.309 GC heap after
{Heap after GC invocations=13 (full 0):
 garbage-first heap   total 126976K, used 31506K [0x0000000084a00000, 0x0000000100000000)
  region size 1024K, 3 young (3072K), 3 survivors (3072K)
 Metaspace       used 50635K, capacity 52133K, committed 52400K, reserved 1093632K
  class space    used 6641K, capacity 7300K, committed 7424K, reserved 1048576K
}
Event: 13.494 GC heap before
{Heap before GC invocations=13 (full 0):
 garbage-first heap   total 126976K, used 77586K [0x0000000084a00000, 0x0000000100000000)
  region size 1024K, 49 young (50176K), 3 survivors (3072K)
 Metaspace       used 58417K, capacity 59948K, committed 60028K, reserved 1101824K
  class space    used 7912K, capacity 8598K, committed 8652K, reserved 1048576K
}

Deoptimization events (0 events):
No events

Classes redefined (0 events):
No events

Internal exceptions (10 events):
Event: 8.489 Thread 0x0000028efb5bb000 Exception <a 'sun/nio/fs/WindowsException'{0x0000000088622d88}> (0x0000000088622d88) thrown at [./open/src/hotspot/share/prims/jni.cpp, line 611]
Event: 8.489 Thread 0x0000028efb5bb000 Exception <a 'sun/nio/fs/WindowsException'{0x0000000088623480}> (0x0000000088623480) thrown at [./open/src/hotspot/share/prims/jni.cpp, line 611]
Event: 8.846 Thread 0x0000028efb5bb000 Exception <a 'java/io/FileNotFoundException'{0x000000008b9434d0}> (0x000000008b9434d0) thrown at [./open/src/hotspot/share/prims/jni.cpp, line 611]
Event: 8.876 Thread 0x0000028efb5bb000 Exception <a 'java/lang/NoSuchMethodError'{0x000000008b6beb90}: java.lang.invoke.DirectMethodHandle$Holder.invokeInterface(Ljava/lang/Object;Ljava/lang/Object;Ljava/lang/Object;Ljava/lang/Object;)I> (0x000000008b6beb90) thrown at [./open/src/hotspot/share
Event: 8.917 Thread 0x0000028efb1de800 Exception <a 'java/lang/reflect/InvocationTargetException'{0x000000008b182340}> (0x000000008b182340) thrown at [./open/src/hotspot/share/runtime/reflection.cpp, line 1242]
Event: 9.471 Thread 0x0000028efb1de800 Exception <a 'java/lang/reflect/InvocationTargetException'{0x000000008ad02010}> (0x000000008ad02010) thrown at [./open/src/hotspot/share/runtime/reflection.cpp, line 1242]
Event: 9.538 Thread 0x0000028efb5bb000 Exception <a 'sun/nio/fs/WindowsException'{0x000000008aa34c08}> (0x000000008aa34c08) thrown at [./open/src/hotspot/share/prims/jni.cpp, line 611]
Event: 10.688 Thread 0x0000028efb5bb000 Exception <a 'java/lang/NoSuchMethodError'{0x000000008a69b6e8}: java.lang.invoke.DirectMethodHandle$Holder.invokeVirtual(Ljava/lang/Object;Ljava/lang/Object;)J> (0x000000008a69b6e8) thrown at [./open/src/hotspot/share/interpreter/linkResolver.cpp, line 77
Event: 10.692 Thread 0x0000028efb5bb000 Exception <a 'java/io/FileNotFoundException'{0x000000008a6eb640}> (0x000000008a6eb640) thrown at [./open/src/hotspot/share/prims/jni.cpp, line 611]
Event: 13.173 Thread 0x0000028efb5bb000 Exception <a 'java/lang/NoSuchMethodError'{0x000000008afefdc8}: java.lang.invoke.DirectMethodHandle$Holder.newInvokeSpecial(Ljava/lang/Object;Ljava/lang/Object;ILjava/lang/Object;Ljava/lang/Object;)Ljava/lang/Object;> (0x000000008afefdc8) thrown at [./ope

Events (10 events):
Event: 13.492 loading class org/hibernate/internal/CoreMessageLogger_$logger_en_IN done
Event: 13.492 loading class org/hibernate/internal/CoreMessageLogger_$logger_en
Event: 13.492 loading class org/hibernate/internal/CoreMessageLogger_$logger_en done
Event: 13.492 loading class net/bytebuddy/dynamic/loading/ClassInjector$UsingLookup
Event: 13.492 loading class net/bytebuddy/dynamic/loading/ClassInjector$UsingLookup done
Event: 13.493 loading class net/bytebuddy/dynamic/loading/ClassInjector$AbstractBase
Event: 13.493 loading class net/bytebuddy/dynamic/loading/ClassInjector$AbstractBase done
Event: 13.493 loading class net/bytebuddy/dynamic/loading/ClassInjector
Event: 13.493 loading class net/bytebuddy/dynamic/loading/ClassInjector done
Event: 13.493 Executing VM operation: CollectForMetadataAllocation


Dynamic libraries:
0x00007ff6d4fc0000 - 0x00007ff6d4fd0000 	C:\Program Files\Java\jdk-11\bin\javaw.exe
0x00007ffa84c30000 - 0x00007ffa84e28000 	C:\Windows\SYSTEM32\ntdll.dll
0x00007ffa84b00000 - 0x00007ffa84bbf000 	C:\Windows\System32\KERNEL32.dll
0x00007ffa81f80000 - 0x00007ffa8209b000 	C:\Windows\system32\hmpalert.dll
0x00007ffa82700000 - 0x00007ffa829f6000 	C:\Windows\System32\KERNELBASE.dll
0x00007ffa82aa0000 - 0x00007ffa82ba0000 	C:\Windows\System32\ucrtbase.dll
0x00007ffa56dd0000 - 0x00007ffa56deb000 	C:\Program Files\Java\jdk-11\bin\VCRUNTIME140.dll
0x00007ffa571c0000 - 0x00007ffa571d8000 	C:\Program Files\Java\jdk-11\bin\jli.dll
0x00007ffa82dc0000 - 0x00007ffa82e6f000 	C:\Windows\System32\ADVAPI32.dll
0x00007ffa83b10000 - 0x00007ffa83bae000 	C:\Windows\System32\msvcrt.dll
0x00007ffa83860000 - 0x00007ffa838fc000 	C:\Windows\System32\sechost.dll
0x00007ffa82c90000 - 0x00007ffa82db6000 	C:\Windows\System32\RPCRT4.dll
0x00007ffa83530000 - 0x00007ffa836cd000 	C:\Windows\System32\USER32.dll
0x00007ffa82c30000 - 0x00007ffa82c52000 	C:\Windows\System32\win32u.dll
0x00007ffa84bc0000 - 0x00007ffa84bec000 	C:\Windows\System32\GDI32.dll
0x00007ffa82360000 - 0x00007ffa82475000 	C:\Windows\System32\gdi32full.dll
0x00007ffa82a00000 - 0x00007ffa82a9d000 	C:\Windows\System32\msvcp_win.dll
0x00007ffa6b940000 - 0x00007ffa6bbda000 	C:\Windows\WinSxS\amd64_microsoft.windows.common-controls_6595b64144ccf1df_6.0.19041.1110_none_60b5254171f9507e\COMCTL32.dll
0x00007ffa796e0000 - 0x00007ffa796ea000 	C:\Windows\SYSTEM32\VERSION.dll
0x00007ffa83a00000 - 0x00007ffa83a30000 	C:\Windows\System32\IMM32.DLL
0x00007ffa6c2f0000 - 0x00007ffa6c2fc000 	C:\Program Files\Java\jdk-11\bin\vcruntime140_1.dll
0x00007ffa4c280000 - 0x00007ffa4c30e000 	C:\Program Files\Java\jdk-11\bin\msvcp140.dll
0x00007ffa1c540000 - 0x00007ffa1d0a8000 	C:\Program Files\Java\jdk-11\bin\server\jvm.dll
0x00007ffa83340000 - 0x00007ffa83348000 	C:\Windows\System32\PSAPI.DLL
0x00007ffa76a00000 - 0x00007ffa76a27000 	C:\Windows\SYSTEM32\WINMM.dll
0x00007ffa64bf0000 - 0x00007ffa64bf9000 	C:\Windows\SYSTEM32\WSOCK32.dll
0x00007ffa83990000 - 0x00007ffa839fb000 	C:\Windows\System32\WS2_32.dll
0x00007ffa809a0000 - 0x00007ffa809b2000 	C:\Windows\SYSTEM32\kernel.appcore.dll
0x00007ffa6b0e0000 - 0x00007ffa6b0f0000 	C:\Program Files\Java\jdk-11\bin\verify.dll
0x00007ffa7fcb0000 - 0x00007ffa7fe94000 	C:\Windows\SYSTEM32\DBGHELP.DLL
0x00007ffa769c0000 - 0x00007ffa769f4000 	C:\Windows\SYSTEM32\dbgcore.DLL
0x00007ffa82ba0000 - 0x00007ffa82c22000 	C:\Windows\System32\bcryptPrimitives.dll
0x00007ffa53470000 - 0x00007ffa53498000 	C:\Program Files\Java\jdk-11\bin\java.dll
0x00007ffa68460000 - 0x00007ffa6846a000 	C:\Program Files\Java\jdk-11\bin\jimage.dll
0x00007ffa56950000 - 0x00007ffa56967000 	C:\Program Files\Java\jdk-11\bin\zip.dll
0x00007ffa84060000 - 0x00007ffa847a4000 	C:\Windows\System32\SHELL32.dll
0x00007ffa7fea0000 - 0x00007ffa80633000 	C:\Windows\SYSTEM32\windows.storage.dll
0x00007ffa83ce0000 - 0x00007ffa84034000 	C:\Windows\System32\combase.dll
0x00007ffa81c30000 - 0x00007ffa81c5e000 	C:\Windows\SYSTEM32\Wldp.dll
0x00007ffa84a50000 - 0x00007ffa84afd000 	C:\Windows\System32\SHCORE.dll
0x00007ffa832e0000 - 0x00007ffa83335000 	C:\Windows\System32\shlwapi.dll
0x00007ffa82240000 - 0x00007ffa82265000 	C:\Windows\SYSTEM32\profapi.dll
0x00007ffa563a0000 - 0x00007ffa563b9000 	C:\Program Files\Java\jdk-11\bin\net.dll
0x00007ffa811b0000 - 0x00007ffa812ba000 	C:\Windows\SYSTEM32\WINHTTP.dll
0x00007ffa81990000 - 0x00007ffa819fa000 	C:\Windows\system32\mswsock.dll
0x00007ffa53df0000 - 0x00007ffa53e02000 	C:\Program Files\Java\jdk-11\bin\nio.dll
0x00007ffa667f0000 - 0x00007ffa667f9000 	C:\Program Files\Java\jdk-11\bin\management.dll
0x00007ffa65a80000 - 0x00007ffa65a8b000 	C:\Program Files\Java\jdk-11\bin\management_ext.dll
0x00007ffa3ca50000 - 0x00007ffa3ca67000 	C:\Windows\system32\napinsp.dll
0x00007ffa3b400000 - 0x00007ffa3b41b000 	C:\Windows\system32\pnrpnsp.dll
0x00007ffa57b00000 - 0x00007ffa57b15000 	C:\Windows\system32\wshbth.dll
0x00007ffa7b430000 - 0x00007ffa7b44d000 	C:\Windows\system32\NLAapi.dll
0x00007ffa81630000 - 0x00007ffa8166b000 	C:\Windows\SYSTEM32\IPHLPAPI.DLL
0x00007ffa81680000 - 0x00007ffa8174a000 	C:\Windows\SYSTEM32\DNSAPI.dll
0x00007ffa84a30000 - 0x00007ffa84a38000 	C:\Windows\System32\NSI.dll
0x00007ffa38d10000 - 0x00007ffa38d22000 	C:\Windows\System32\winrnr.dll
0x00007ffa769b0000 - 0x00007ffa769ba000 	C:\Windows\System32\rasadhlp.dll
0x00007ffa74a00000 - 0x00007ffa74a82000 	C:\Windows\System32\fwpuclnt.dll
0x00007ffa82c60000 - 0x00007ffa82c87000 	C:\Windows\System32\bcrypt.dll
0x00007ffa81b80000 - 0x00007ffa81b98000 	C:\Windows\SYSTEM32\CRYPTSP.dll
0x00007ffa81120000 - 0x00007ffa81154000 	C:\Windows\system32\rsaenh.dll
0x00007ffa821c0000 - 0x00007ffa821ee000 	C:\Windows\SYSTEM32\USERENV.dll
0x00007ffa81ba0000 - 0x00007ffa81bac000 	C:\Windows\SYSTEM32\CRYPTBASE.dll
0x00007ffa787d0000 - 0x00007ffa787e7000 	C:\Windows\SYSTEM32\dhcpcsvc6.DLL
0x00007ffa78b30000 - 0x00007ffa78b4d000 	C:\Windows\SYSTEM32\dhcpcsvc.DLL
0x00007ffa637f0000 - 0x00007ffa637fd000 	C:\Program Files\Java\jdk-11\bin\sunmscapi.dll
0x00007ffa82480000 - 0x00007ffa825de000 	C:\Windows\System32\CRYPT32.dll
0x00007ffa81ca0000 - 0x00007ffa81cc8000 	C:\Windows\SYSTEM32\ncrypt.dll
0x00007ffa81c60000 - 0x00007ffa81c9b000 	C:\Windows\SYSTEM32\NTASN1.dll
0x00007ffa53100000 - 0x00007ffa53127000 	C:\Program Files\Java\jdk-11\bin\sunec.dll

dbghelp: loaded successfully - version: 4.0.5 - missing functions: none
symbol engine: initialized successfully - sym options: 0x614 - pdb path: .;C:\Program Files\Java\jdk-11\bin;C:\Windows\SYSTEM32;C:\Windows\WinSxS\amd64_microsoft.windows.common-controls_6595b64144ccf1df_6.0.19041.1110_none_60b5254171f9507e;C:\Program Files\Java\jdk-11\bin\server

VM Arguments:
jvm_args: -Dcom.sun.management.jmxremote -Dcom.sun.management.jmxremote.port=65270 -Dcom.sun.management.jmxremote.authenticate=false -Dcom.sun.management.jmxremote.ssl=false -Djava.rmi.server.hostname=localhost -Dspring.jmx.enabled=true -Dmanagement.endpoints.jmx.exposure.include=* -Dspring.application.admin.enabled=true -XX:TieredStopAtLevel=1 -Dspring.boot.project.name=ums-Employee-service -Dfile.encoding=UTF-8 
java_command: com.ikn.ums.employee.UMSEmployeeServiceApplication --spring.output.ansi.enabled=always
java_class_path (initial): C:\STS-4\IKCON\Products\UMS\ums-employee-service\target\classes;C:\Users\VaishnavPuthiyanampa\.m2\repository\org\springframework\boot\spring-boot-starter-data-jpa\2.7.14\spring-boot-starter-data-jpa-2.7.14.jar;C:\Users\VaishnavPuthiyanampa\.m2\repository\org\springframework\boot\spring-boot-starter-aop\2.7.14\spring-boot-starter-aop-2.7.14.jar;C:\Users\VaishnavPuthiyanampa\.m2\repository\org\springframework\spring-aop\5.3.29\spring-aop-5.3.29.jar;C:\Users\VaishnavPuthiyanampa\.m2\repository\org\aspectj\aspectjweaver\1.9.7\aspectjweaver-1.9.7.jar;C:\Users\VaishnavPuthiyanampa\.m2\repository\org\springframework\boot\spring-boot-starter-jdbc\2.7.14\spring-boot-starter-jdbc-2.7.14.jar;C:\Users\VaishnavPuthiyanampa\.m2\repository\com\zaxxer\HikariCP\4.0.3\HikariCP-4.0.3.jar;C:\Users\VaishnavPuthiyanampa\.m2\repository\org\springframework\spring-jdbc\5.3.29\spring-jdbc-5.3.29.jar;C:\Users\VaishnavPuthiyanampa\.m2\repository\jakarta\transaction\jakarta.transaction-api\1.3.3\jakarta.transaction-api-1.3.3.jar;C:\Users\VaishnavPuthiyanampa\.m2\repository\jakarta\persistence\jakarta.persistence-api\2.2.3\jakarta.persistence-api-2.2.3.jar;C:\Users\VaishnavPuthiyanampa\.m2\repository\org\hibernate\hibernate-core\5.6.15.Final\hibernate-core-5.6.15.Final.jar;C:\Users\VaishnavPuthiyanampa\.m2\repository\org\jboss\logging\jboss-logging\3.4.3.Final\jboss-logging-3.4.3.Final.jar;C:\Users\VaishnavPuthiyanampa\.m2\repository\net\bytebuddy\byte-buddy\1.12.23\byte-buddy-1.12.23.jar;C:\Users\VaishnavPuthiyanampa\.m2\repository\antlr\antlr\2.7.7\antlr-2.7.7.jar;C:\Users\VaishnavPuthiyanampa\.m2\repository\org\jboss\jandex\2.4.2.Final\jandex-2.4.2.Final.jar;C:\Users\VaishnavPuthiyanampa\.m2\repository\com\fasterxml\classmate\1.5.1\classmate-1.5.1.jar;C:\Users\VaishnavPuthiyanampa\.m2\repository\org\hibernate\common\hibernate-commons-annotations\5.1.2.Final\hibernate-commons-annotations-5.1.2.Final.jar;C:\Users\VaishnavPuthiyanampa\.m2\repository\org\glassfish\jax
Launcher Type: SUN_STANDARD

[Global flags]
     intx CICompilerCount                          = 4                                         {product} {ergonomic}
     uint ConcGCThreads                            = 2                                         {product} {ergonomic}
     uint G1ConcRefinementThreads                  = 8                                         {product} {ergonomic}
   size_t G1HeapRegionSize                         = 1048576                                   {product} {ergonomic}
    uintx GCDrainStackTargetSize                   = 64                                        {product} {ergonomic}
   size_t InitialHeapSize                          = 130023424                                 {product} {ergonomic}
     bool ManagementServer                         = true                                      {product} {command line}
   size_t MarkStackSize                            = 4194304                                   {product} {ergonomic}
   size_t MaxHeapSize                              = 2069889024                                {product} {ergonomic}
   size_t MaxNewSize                               = 1241513984                                {product} {ergonomic}
   size_t MinHeapDeltaBytes                        = 1048576                                   {product} {ergonomic}
    uintx NonNMethodCodeHeapSize                   = 7549744                                {pd product} {ergonomic}
    uintx NonProfiledCodeHeapSize                  = 244108496                              {pd product} {ergonomic}
    uintx ProfiledCodeHeapSize                     = 0                                      {pd product} {ergonomic}
    uintx ReservedCodeCacheSize                    = 251658240                              {pd product} {ergonomic}
     bool SegmentedCodeCache                       = true                                      {product} {ergonomic}
     intx TieredStopAtLevel                        = 1                                         {product} {command line}
     bool UseCompressedClassPointers               = true                                 {lp64_product} {ergonomic}
     bool UseCompressedOops                        = true                                 {lp64_product} {ergonomic}
     bool UseG1GC                                  = true                                      {product} {ergonomic}
     bool UseLargePagesIndividualAllocation        = false                                  {pd product} {ergonomic}

Logging:
Log output configuration:
 #0: stdout all=warning uptime,level,tags
 #1: stderr all=off uptime,level,tags

Environment Variables:
JAVA_HOME=C:\Program Files\Java\jdk-11\bin
PATH=C:/Softwares/sts-4.19.0.RELEASE//plugins/org.eclipse.justj.openjdk.hotspot.jre.full.win32.x86_64_17.0.7.v20230425-1502/jre/bin/server;C:/Softwares/sts-4.19.0.RELEASE//plugins/org.eclipse.justj.openjdk.hotspot.jre.full.win32.x86_64_17.0.7.v20230425-1502/jre/bin;C:\Program Files\Common Files\Oracle\Java\javapath;C:\Python310\Scripts\;C:\Python310\;C:\app\dbhomeXE\bin;C:\Program Files (x86)\Common Files\Oracle\Java\javapath;C:\Windows\system32;C:\Windows;C:\Windows\System32\Wbem;C:\Windows\System32\WindowsPowerShell\v1.0\;C:\Windows\System32\OpenSSH\;C:\ProgramData\chocolatey\bin;C:\Program Files\nodejs;C:\Program Files\nodejs\;C:\Program Files\Microsoft SQL Server\Client SDK\ODBC\170\Tools\Binn\;C:\Program Files\dotnet\;C:\Program Files (x86)\Microsoft SQL Server\150\DTS\Binn\;C:\Program Files\Azure Data Studio\bin;C:\Program Files (x86)\Microsoft SQL Server\150\Tools\Binn\;C:\Program Files\Microsoft SQL Server\150\Tools\Binn\;C:\Program Files\Microsoft SQL Server\150\DTS\Binn\;C:\Softwares\apache-maven-3.8.6\bin;C:\Program Files\Java\jdk1.8.0_202\bin;C:\Users\VaishnavPuthiyanampa\AppData\Local\Microsoft\WindowsApps;C:\Users\VaishnavPuthiyanampa\AppData\Local\Programs\Microsoft VS Code\bin;C:\Users\VaishnavPuthiyanampa\AppData\Roaming\npm;C:\Users\VaishnavPuthiyanampa\.dotnet\tools;C:\Users\VaishnavPuthiyanampa\AppData\Local\Programs\Git\cmd;C:\Softwares\sts-4.19.0.RELEASE;
USERNAME=VaishnavPuthiyanampa
OS=Windows_NT
PROCESSOR_IDENTIFIER=Intel64 Family 6 Model 140 Stepping 1, GenuineIntel



---------------  S Y S T E M  ---------------

OS: Windows 10 , 64 bit Build 19041 (10.0.19041.3155)

CPU:total 8 (initial active 8) (4 cores per cpu, 2 threads per core) family 6 model 140 stepping 1 microcode 0x86, cmov, cx8, fxsr, mmx, sse, sse2, sse3, ssse3, sse4.1, sse4.2, popcnt, avx, avx2, aes, clmul, erms, 3dnowpref, lzcnt, ht, tsc, tscinvbit, bmi1, bmi2, adx, evex, sha, fma

Memory: 4k page, system-wide physical 7894M (415M free)
TotalPageFile size 20694M (AvailPageFile size 0M)
current process WorkingSet (physical memory assigned to process): 239M, peak: 239M
current process commit charge ("private bytes"): 324M, peak: 324M

vm_info: Java HotSpot(TM) 64-Bit Server VM (11.0.18+9-LTS-195) for windows-amd64 JRE (11.0.18+9-LTS-195), built on Dec  6 2022 15:50:58 by "mach5one" with MS VC++ 17.1 (VS2022)

END.
