09:53:53.748 [restartedMain] INFO  o.s.b.d.e.DevToolsPropertyDefaultsPostProcessor - Devtools property defaults active! Set 'spring.devtools.add-properties' to 'false' to disable
09:53:55.412 [restartedMain] INFO  o.s.c.c.c.ConfigServicePropertySourceLocator - Fetching config from server at : http://localhost:9296
09:53:57.839 [restartedMain] INFO  o.s.c.c.c.ConfigServicePropertySourceLocator - Located environment: name=UMS-EMPLOYEE-SERVICE, profiles=[default], label=null, version=abc948351d8765c2e5a2691c8f7f75664420de7d, state=null
09:53:57.843 [restartedMain] INFO  o.s.c.b.c.PropertySourceBootstrapConfiguration - Located property source: [BootstrapPropertySource {name='bootstrapProperties-configClient'}, BootstrapPropertySource {name='bootstrapProperties-https://github.com/IKCONDev/ums-config-server/application.yaml'}]
09:53:57.857 [restartedMain] INFO  c.i.u.e.UMSEmployeeServiceApplication - No active profile set, falling back to 1 default profile: "default"
09:53:59.934 [restartedMain] INFO  o.s.d.r.c.RepositoryConfigurationDelegate - Bootstrapping Spring Data JPA repositories in DEFAULT mode.
09:54:00.443 [restartedMain] INFO  o.s.d.r.c.RepositoryConfigurationDelegate - Finished Spring Data repository scanning in 494 ms. Found 1 JPA repository interfaces.
09:54:00.979 [restartedMain] INFO  o.s.cloud.context.scope.GenericScope - BeanFactory id=2615fba1-6132-35e5-95f3-750289286465
09:54:02.764 [restartedMain] INFO  o.s.b.w.e.tomcat.TomcatWebServer - Tomcat initialized with port(s): 9002 (http)
09:54:02.854 [restartedMain] INFO  o.a.coyote.http11.Http11NioProtocol - Initializing ProtocolHandler ["http-nio-9002"]
09:54:02.858 [restartedMain] INFO  o.a.catalina.core.StandardService - Starting service [Tomcat]
09:54:02.858 [restartedMain] INFO  o.a.catalina.core.StandardEngine - Starting Servlet engine: [Apache Tomcat/9.0.78]
09:54:04.095 [restartedMain] INFO  o.a.c.c.C.[Tomcat].[localhost].[/] - Initializing Spring embedded WebApplicationContext
09:54:04.095 [restartedMain] INFO  o.s.b.w.s.c.ServletWebServerApplicationContext - Root WebApplicationContext: initialization completed in 6150 ms
09:54:04.150 [restartedMain] INFO  com.zaxxer.hikari.HikariDataSource - HikariPool-1 - Starting...
09:54:04.580 [restartedMain] INFO  com.zaxxer.hikari.HikariDataSource - HikariPool-1 - Start completed.
09:54:04.603 [restartedMain] INFO  o.s.b.a.h.H2ConsoleAutoConfiguration - H2 console available at '/h2-console'. Database available at 'jdbc:postgresql://localhost:5432/authentication'
09:54:05.048 [restartedMain] INFO  o.h.jpa.internal.util.LogHelper - HHH000204: Processing PersistenceUnitInfo [name: default]
09:54:05.174 [restartedMain] INFO  org.hibernate.Version - HHH000412: Hibernate ORM core version 5.6.15.Final
09:54:05.680 [restartedMain] INFO  o.h.annotations.common.Version - HCANN000001: Hibernate Commons Annotations {5.1.2.Final}
09:54:06.026 [restartedMain] INFO  org.hibernate.dialect.Dialect - HHH000400: Using dialect: org.hibernate.dialect.PostgreSQLDialect
09:54:08.482 [restartedMain] INFO  o.h.e.t.j.p.i.JtaPlatformInitiator - HHH000490: Using JtaPlatform implementation: [org.hibernate.engine.transaction.jta.platform.internal.NoJtaPlatform]
09:54:08.505 [restartedMain] INFO  o.s.o.j.LocalContainerEntityManagerFactoryBean - Initialized JPA EntityManagerFactory for persistence unit 'default'
09:54:10.288 [restartedMain] WARN  o.s.b.a.o.j.JpaBaseConfiguration$JpaWebConfiguration - spring.jpa.open-in-view is enabled by default. Therefore, database queries may be performed during view rendering. Explicitly configure spring.jpa.open-in-view to disable this warning
09:54:11.240 [restartedMain] WARN  o.s.b.d.a.OptionalLiveReloadServer - Unable to start LiveReload server
09:54:12.469 [restartedMain] INFO  o.s.c.n.e.c.DiscoveryClientOptionalArgsConfiguration - Eureka HTTP Client uses RestTemplate.
09:54:13.628 [restartedMain] WARN  o.s.c.l.c.LoadBalancerCacheAutoConfiguration$LoadBalancerCaffeineWarnLogger - Spring Cloud LoadBalancer is currently working with the default cache. While this cache implementation is useful for development and tests, it's recommended to use Caffeine cache in production.You can switch to using Caffeine cache, by adding it and org.springframework.cache.caffeine.CaffeineCacheManager to the classpath.
09:54:13.770 [restartedMain] INFO  o.s.c.n.eureka.InstanceInfoFactory - Setting initial instance status as: STARTING
09:54:13.839 [restartedMain] INFO  c.netflix.discovery.DiscoveryClient - Initializing Eureka in region us-east-1
09:54:13.849 [restartedMain] INFO  c.n.d.s.r.aws.ConfigClusterResolver - Resolving eureka endpoints via configuration
09:54:13.896 [restartedMain] INFO  c.netflix.discovery.DiscoveryClient - Disable delta property : false
09:54:13.897 [restartedMain] INFO  c.netflix.discovery.DiscoveryClient - Single vip registry refresh property : null
09:54:13.897 [restartedMain] INFO  c.netflix.discovery.DiscoveryClient - Force full registry fetch : false
09:54:13.897 [restartedMain] INFO  c.netflix.discovery.DiscoveryClient - Application is null : false
09:54:13.898 [restartedMain] INFO  c.netflix.discovery.DiscoveryClient - Registered Applications size is zero : true
09:54:13.898 [restartedMain] INFO  c.netflix.discovery.DiscoveryClient - Application version is -1: true
09:54:13.898 [restartedMain] INFO  c.netflix.discovery.DiscoveryClient - Getting all instance registry info from the eureka server
09:54:14.357 [restartedMain] INFO  c.netflix.discovery.DiscoveryClient - The response status is 200
09:54:14.361 [restartedMain] INFO  c.netflix.discovery.DiscoveryClient - Starting heartbeat executor: renew interval is: 30
09:54:14.367 [restartedMain] INFO  c.n.discovery.InstanceInfoReplicator - InstanceInfoReplicator onDemand update allowed rate per min is 4
09:54:14.376 [restartedMain] INFO  c.netflix.discovery.DiscoveryClient - Discovery Client initialized at timestamp 1695183854374 with initial instances count: 5
09:54:14.379 [restartedMain] INFO  o.s.c.n.e.s.EurekaServiceRegistry - Registering application UMS-EMPLOYEE-SERVICE with eureka with status UP
09:54:14.380 [restartedMain] INFO  c.netflix.discovery.DiscoveryClient - Saw local status change event StatusChangeEvent [timestamp=1695183854380, current=UP, previous=STARTING]
09:54:14.384 [restartedMain] INFO  o.a.coyote.http11.Http11NioProtocol - Starting ProtocolHandler ["http-nio-9002"]
09:54:14.384 [DiscoveryClient-InstanceInfoReplicator-0] INFO  c.netflix.discovery.DiscoveryClient - DiscoveryClient_UMS-EMPLOYEE-SERVICE/IKCON1049:UMS-EMPLOYEE-SERVICE:9002: registering service...
09:54:14.432 [restartedMain] INFO  o.s.b.w.e.tomcat.TomcatWebServer - Tomcat started on port(s): 9002 (http) with context path ''
09:54:14.434 [restartedMain] INFO  o.s.c.n.e.s.EurekaAutoServiceRegistration - Updating port to 9002
09:54:14.507 [DiscoveryClient-InstanceInfoReplicator-0] INFO  c.netflix.discovery.DiscoveryClient - DiscoveryClient_UMS-EMPLOYEE-SERVICE/IKCON1049:UMS-EMPLOYEE-SERVICE:9002 - registration status: 204
09:54:15.191 [restartedMain] INFO  c.i.u.e.UMSEmployeeServiceApplication - Started UMSEmployeeServiceApplication in 24.571 seconds (JVM running for 30.035)
09:56:04.327 [http-nio-9002-exec-2] INFO  o.a.c.c.C.[Tomcat].[localhost].[/] - Initializing Spring DispatcherServlet 'dispatcherServlet'
09:56:04.333 [http-nio-9002-exec-2] INFO  o.s.web.servlet.DispatcherServlet - Initializing Servlet 'dispatcherServlet'
09:56:04.440 [http-nio-9002-exec-2] INFO  o.s.web.servlet.DispatcherServlet - Completed initialization in 107 ms
09:56:04.638 [http-nio-9002-exec-2] INFO  c.i.u.e.c.EmployeeController - EmployeeController.getAllEmployees() ENTERED
09:57:00.020 [http-nio-9002-exec-1] INFO  c.i.u.e.c.EmployeeController - EmployeeController.getAllEmployees() ENTERED
09:58:00.024 [http-nio-9002-exec-3] INFO  c.i.u.e.c.EmployeeController - EmployeeController.getAllEmployees() ENTERED
09:59:00.013 [http-nio-9002-exec-4] INFO  c.i.u.e.c.EmployeeController - EmployeeController.getAllEmployees() ENTERED
09:59:13.909 [AsyncResolver-bootstrap-executor-0] INFO  c.n.d.s.r.aws.ConfigClusterResolver - Resolving eureka endpoints via configuration
10:00:00.018 [http-nio-9002-exec-5] INFO  c.i.u.e.c.EmployeeController - EmployeeController.getAllEmployees() ENTERED
10:01:00.108 [http-nio-9002-exec-7] INFO  c.i.u.e.c.EmployeeController - EmployeeController.getAllEmployees() ENTERED
10:02:00.038 [http-nio-9002-exec-8] INFO  c.i.u.e.c.EmployeeController - EmployeeController.getAllEmployees() ENTERED
10:03:01.346 [http-nio-9002-exec-10] INFO  c.i.u.e.c.EmployeeController - EmployeeController.getAllEmployees() ENTERED
10:04:00.020 [http-nio-9002-exec-2] INFO  c.i.u.e.c.EmployeeController - EmployeeController.getAllEmployees() ENTERED
10:04:13.918 [AsyncResolver-bootstrap-executor-0] INFO  c.n.d.s.r.aws.ConfigClusterResolver - Resolving eureka endpoints via configuration
10:05:00.548 [http-nio-9002-exec-3] INFO  c.i.u.e.c.EmployeeController - EmployeeController.getAllEmployees() ENTERED
10:06:00.404 [http-nio-9002-exec-4] INFO  c.i.u.e.c.EmployeeController - EmployeeController.getAllEmployees() ENTERED
10:07:28.729 [http-nio-9002-exec-7] INFO  c.i.u.e.c.EmployeeController - EmployeeController.getEmployeeDetailsWithDepartment() ENTERED : email : Vaishnav.P@ikcontech.com
10:07:28.729 [http-nio-9002-exec-6] INFO  c.i.u.e.c.EmployeeController - EmployeeController.getEmployeeDetailsWithDepartment() ENTERED : email : Vaishnav.P@ikcontech.com
10:07:31.353 [http-nio-9002-exec-8] INFO  c.i.u.e.c.EmployeeController - EmployeeController.getEmployeeDetailsWithDepartment() ENTERED : email : Vaishnav.P@ikcontech.com
10:07:32.807 [http-nio-9002-exec-9] INFO  c.i.u.e.c.EmployeeController - EmployeeController.getEmployeeDetailsWithDepartment() ENTERED : email : Vaishnav.P@ikcontech.com
10:07:40.055 [http-nio-9002-exec-10] INFO  c.i.u.e.c.EmployeeController - EmployeeController.getEmployeeDetailsWithDepartment() ENTERED : email : Vaishnav.P@ikcontech.com
10:07:54.228 [http-nio-9002-exec-2] INFO  c.i.u.e.c.EmployeeController - EmployeeController.getEmployeeDetailsWithDepartment() ENTERED : email : Vaishnav.P@ikcontech.com
10:08:00.032 [http-nio-9002-exec-1] INFO  c.i.u.e.c.EmployeeController - EmployeeController.getAllEmployees() ENTERED
10:09:00.023 [http-nio-9002-exec-6] INFO  c.i.u.e.c.EmployeeController - EmployeeController.getAllEmployees() ENTERED
10:09:13.931 [AsyncResolver-bootstrap-executor-0] INFO  c.n.d.s.r.aws.ConfigClusterResolver - Resolving eureka endpoints via configuration
10:10:00.066 [http-nio-9002-exec-7] INFO  c.i.u.e.c.EmployeeController - EmployeeController.getAllEmployees() ENTERED
10:11:00.021 [http-nio-9002-exec-9] INFO  c.i.u.e.c.EmployeeController - EmployeeController.getAllEmployees() ENTERED
10:11:03.357 [http-nio-9002-exec-10] INFO  c.i.u.e.c.EmployeeController - EmployeeController.getEmployeeDetailsWithDepartment() ENTERED : email : Vaishnav.P@ikcontech.com
10:11:25.463 [http-nio-9002-exec-2] INFO  c.i.u.e.c.EmployeeController - EmployeeController.getEmployeeDetailsWithDepartment() ENTERED : email : Vaishnav.P@ikcontech.com
10:12:00.028 [http-nio-9002-exec-1] INFO  c.i.u.e.c.EmployeeController - EmployeeController.getAllEmployees() ENTERED
10:12:02.987 [http-nio-9002-exec-3] INFO  c.i.u.e.c.EmployeeController - EmployeeController.getEmployeeDetailsWithDepartment() ENTERED : email : Vaishnav.P@ikcontech.com
10:12:09.748 [http-nio-9002-exec-4] INFO  c.i.u.e.c.EmployeeController - EmployeeController.getEmployeeDetailsWithDepartment() ENTERED : email : Vaishnav.P@ikcontech.com
10:12:12.863 [http-nio-9002-exec-5] INFO  c.i.u.e.c.EmployeeController - EmployeeController.getEmployeeDetailsWithDepartment() ENTERED : email : Vaishnav.P@ikcontech.com
10:12:14.592 [http-nio-9002-exec-6] INFO  c.i.u.e.c.EmployeeController - EmployeeController.getEmployeeDetailsWithDepartment() ENTERED : email : Vaishnav.P@ikcontech.com
10:12:17.634 [http-nio-9002-exec-8] INFO  c.i.u.e.c.EmployeeController - EmployeeController.getEmployeeDetailsWithDepartment() ENTERED : email : Vaishnav.P@ikcontech.com
10:12:20.739 [http-nio-9002-exec-7] INFO  c.i.u.e.c.EmployeeController - EmployeeController.getEmployeeDetailsWithDepartment() ENTERED : email : Vaishnav.P@ikcontech.com
10:12:22.061 [http-nio-9002-exec-9] INFO  c.i.u.e.c.EmployeeController - EmployeeController.getEmployeeDetailsWithDepartment() ENTERED : email : Vaishnav.P@ikcontech.com
10:13:00.028 [http-nio-9002-exec-10] INFO  c.i.u.e.c.EmployeeController - EmployeeController.getAllEmployees() ENTERED
10:14:00.041 [http-nio-9002-exec-1] INFO  c.i.u.e.c.EmployeeController - EmployeeController.getAllEmployees() ENTERED
10:14:13.947 [AsyncResolver-bootstrap-executor-0] INFO  c.n.d.s.r.aws.ConfigClusterResolver - Resolving eureka endpoints via configuration
10:15:00.018 [http-nio-9002-exec-3] INFO  c.i.u.e.c.EmployeeController - EmployeeController.getAllEmployees() ENTERED
10:16:59.175 [http-nio-9002-exec-5] INFO  c.i.u.e.c.EmployeeController - EmployeeController.getEmployeeDetailsWithDepartment() ENTERED : email : Vaishnav.P@ikcontech.com
10:19:09.284 [http-nio-9002-exec-8] INFO  c.i.u.e.c.EmployeeController - EmployeeController.getEmployeeDetailsWithDepartment() ENTERED : email : Vaishnav.P@ikcontech.com
10:19:13.967 [AsyncResolver-bootstrap-executor-0] INFO  c.n.d.s.r.aws.ConfigClusterResolver - Resolving eureka endpoints via configuration
10:19:42.388 [http-nio-9002-exec-7] INFO  c.i.u.e.c.EmployeeController - EmployeeController.getEmployeeDetailsWithDepartment() ENTERED : email : Vaishnav.P@ikcontech.com
10:20:21.815 [http-nio-9002-exec-9] INFO  c.i.u.e.c.EmployeeController - EmployeeController.getEmployeeDetailsWithDepartment() ENTERED : email : Vaishnav.P@ikcontech.com
10:20:24.500 [http-nio-9002-exec-10] INFO  c.i.u.e.c.EmployeeController - EmployeeController.getEmployeeDetailsWithDepartment() ENTERED : email : Vaishnav.P@ikcontech.com
10:20:28.167 [http-nio-9002-exec-2] INFO  c.i.u.e.c.EmployeeController - EmployeeController.getEmployeeDetailsWithDepartment() ENTERED : email : Vaishnav.P@ikcontech.com
10:20:36.861 [http-nio-9002-exec-1] INFO  c.i.u.e.c.EmployeeController - EmployeeController.getEmployeeDetailsWithDepartment() ENTERED : email : Vaishnav.P@ikcontech.com
10:20:39.801 [http-nio-9002-exec-3] INFO  c.i.u.e.c.EmployeeController - EmployeeController.getEmployeeDetailsWithDepartment() ENTERED : email : Vaishnav.P@ikcontech.com
10:20:53.472 [http-nio-9002-exec-4] INFO  c.i.u.e.c.EmployeeController - EmployeeController.getEmployeeDetailsWithDepartment() ENTERED : email : Vaishnav.P@ikcontech.com
10:21:01.260 [http-nio-9002-exec-5] INFO  c.i.u.e.c.EmployeeController - EmployeeController.getEmployeeDetailsWithDepartment() ENTERED : email : Vaishnav.P@ikcontech.com
10:21:06.692 [http-nio-9002-exec-6] INFO  c.i.u.e.c.EmployeeController - EmployeeController.getEmployeeDetailsWithDepartment() ENTERED : email : Vaishnav.P@ikcontech.com
10:21:38.505 [http-nio-9002-exec-8] INFO  c.i.u.e.c.EmployeeController - EmployeeController.getEmployeeDetailsWithDepartment() ENTERED : email : Vaishnav.P@ikcontech.com
10:21:49.888 [http-nio-9002-exec-7] INFO  c.i.u.e.c.EmployeeController - EmployeeController.getEmployeeDetailsWithDepartment() ENTERED : email : Vaishnav.P@ikcontech.com
10:21:53.991 [http-nio-9002-exec-9] INFO  c.i.u.e.c.EmployeeController - EmployeeController.getEmployeeDetailsWithDepartment() ENTERED : email : Vaishnav.P@ikcontech.com
10:22:00.802 [http-nio-9002-exec-10] INFO  c.i.u.e.c.EmployeeController - EmployeeController.getEmployeeDetailsWithDepartment() ENTERED : email : Vaishnav.P@ikcontech.com
10:22:38.308 [http-nio-9002-exec-2] INFO  c.i.u.e.c.EmployeeController - EmployeeController.getEmployeeDetailsWithDepartment() ENTERED : email : Vaishnav.P@ikcontech.com
10:22:40.390 [http-nio-9002-exec-1] INFO  c.i.u.e.c.EmployeeController - EmployeeController.getEmployeeDetailsWithDepartment() ENTERED : email : Vaishnav.P@ikcontech.com
10:22:45.741 [http-nio-9002-exec-3] INFO  c.i.u.e.c.EmployeeController - EmployeeController.getEmployeeDetailsWithDepartment() ENTERED : email : Vaishnav.P@ikcontech.com
10:23:10.380 [http-nio-9002-exec-4] INFO  c.i.u.e.c.EmployeeController - EmployeeController.getEmployeeDetailsWithDepartment() ENTERED : email : Vaishnav.P@ikcontech.com
10:23:11.246 [http-nio-9002-exec-5] INFO  c.i.u.e.c.EmployeeController - EmployeeController.getEmployeeDetailsWithDepartment() ENTERED : email : Vaishnav.P@ikcontech.com
10:23:14.447 [http-nio-9002-exec-6] INFO  c.i.u.e.c.EmployeeController - EmployeeController.getEmployeeDetailsWithDepartment() ENTERED : email : Vaishnav.P@ikcontech.com
10:23:29.702 [http-nio-9002-exec-8] INFO  c.i.u.e.c.EmployeeController - EmployeeController.getEmployeeDetailsWithDepartment() ENTERED : email : Vaishnav.P@ikcontech.com
10:24:13.987 [AsyncResolver-bootstrap-executor-0] INFO  c.n.d.s.r.aws.ConfigClusterResolver - Resolving eureka endpoints via configuration
10:24:43.870 [http-nio-9002-exec-9] INFO  c.i.u.e.c.EmployeeController - EmployeeController.getEmployeeDetailsWithDepartment() ENTERED : email : Vaishnav.P@ikcontech.com
10:24:54.423 [http-nio-9002-exec-10] INFO  c.i.u.e.c.EmployeeController - EmployeeController.getEmployeeDetailsWithDepartment() ENTERED : email : Vaishnav.P@ikcontech.com
10:24:59.170 [http-nio-9002-exec-2] INFO  c.i.u.e.c.EmployeeController - EmployeeController.getEmployeeDetailsWithDepartment() ENTERED : email : Vaishnav.P@ikcontech.com
10:29:14.009 [AsyncResolver-bootstrap-executor-0] INFO  c.n.d.s.r.aws.ConfigClusterResolver - Resolving eureka endpoints via configuration
10:31:46.020 [http-nio-9002-exec-3] INFO  c.i.u.e.c.EmployeeController - EmployeeController.getEmployeeDetailsWithDepartment() ENTERED : email : Vaishnav.P@ikcontech.com
10:32:09.973 [http-nio-9002-exec-4] INFO  c.i.u.e.c.EmployeeController - EmployeeController.getEmployeeDetailsWithDepartment() ENTERED : email : Vaishnav.P@ikcontech.com
10:32:25.322 [http-nio-9002-exec-5] INFO  c.i.u.e.c.EmployeeController - EmployeeController.getEmployeeDetailsWithDepartment() ENTERED : email : Vaishnav.P@ikcontech.com
10:32:26.991 [http-nio-9002-exec-6] INFO  c.i.u.e.c.EmployeeController - EmployeeController.getEmployeeDetailsWithDepartment() ENTERED : email : Vaishnav.P@ikcontech.com
10:32:29.190 [http-nio-9002-exec-8] INFO  c.i.u.e.c.EmployeeController - EmployeeController.getEmployeeDetailsWithDepartment() ENTERED : email : Vaishnav.P@ikcontech.com
10:34:11.987 [http-nio-9002-exec-9] INFO  c.i.u.e.c.EmployeeController - EmployeeController.getEmployeeDetailsWithDepartment() ENTERED : email : Vaishnav.P@ikcontech.com
10:34:14.046 [AsyncResolver-bootstrap-executor-0] INFO  c.n.d.s.r.aws.ConfigClusterResolver - Resolving eureka endpoints via configuration
10:34:14.187 [http-nio-9002-exec-10] INFO  c.i.u.e.c.EmployeeController - EmployeeController.getEmployeeDetailsWithDepartment() ENTERED : email : Vaishnav.P@ikcontech.com
10:34:49.816 [http-nio-9002-exec-2] INFO  c.i.u.e.c.EmployeeController - EmployeeController.getEmployeeDetailsWithDepartment() ENTERED : email : Vaishnav.P@ikcontech.com
10:36:12.237 [http-nio-9002-exec-3] INFO  c.i.u.e.c.EmployeeController - EmployeeController.getEmployeeDetailsWithDepartment() ENTERED : email : Vaishnav.P@ikcontech.com
10:36:36.814 [http-nio-9002-exec-4] INFO  c.i.u.e.c.EmployeeController - EmployeeController.getEmployeeDetailsWithDepartment() ENTERED : email : Vaishnav.P@ikcontech.com
10:36:37.026 [http-nio-9002-exec-5] INFO  c.i.u.e.c.EmployeeController - EmployeeController.getEmployeeDetailsWithDepartment() ENTERED : email : Vaishnav.P@ikcontech.com
10:39:07.846 [http-nio-9002-exec-8] INFO  c.i.u.e.c.EmployeeController - EmployeeController.getEmployeeDetailsWithDepartment() ENTERED : email : Vaishnav.P@ikcontech.com
10:39:08.077 [http-nio-9002-exec-7] INFO  c.i.u.e.c.EmployeeController - EmployeeController.getEmployeeDetailsWithDepartment() ENTERED : email : Vaishnav.P@ikcontech.com
10:39:14.072 [AsyncResolver-bootstrap-executor-0] INFO  c.n.d.s.r.aws.ConfigClusterResolver - Resolving eureka endpoints via configuration
10:39:17.081 [http-nio-9002-exec-9] INFO  c.i.u.e.c.EmployeeController - EmployeeController.getEmployeeDetailsWithDepartment() ENTERED : email : Vaishnav.P@ikcontech.com
10:39:27.346 [http-nio-9002-exec-10] INFO  c.i.u.e.c.EmployeeController - EmployeeController.getEmployeeDetailsWithDepartment() ENTERED : email : Vaishnav.P@ikcontech.com
10:40:40.722 [http-nio-9002-exec-1] INFO  c.i.u.e.c.EmployeeController - EmployeeController.getEmployeeDetailsWithDepartment() ENTERED : email : Vaishnav.P@ikcontech.com
10:40:41.608 [http-nio-9002-exec-3] INFO  c.i.u.e.c.EmployeeController - EmployeeController.getEmployeeDetailsWithDepartment() ENTERED : email : Vaishnav.P@ikcontech.com
10:41:21.563 [http-nio-9002-exec-4] INFO  c.i.u.e.c.EmployeeController - EmployeeController.getEmployeeDetailsWithDepartment() ENTERED : email : Vaishnav.P@ikcontech.com
10:41:22.646 [http-nio-9002-exec-5] INFO  c.i.u.e.c.EmployeeController - EmployeeController.getEmployeeDetailsWithDepartment() ENTERED : email : Vaishnav.P@ikcontech.com
10:41:23.241 [http-nio-9002-exec-6] INFO  c.i.u.e.c.EmployeeController - EmployeeController.getEmployeeDetailsWithDepartment() ENTERED : email : Vaishnav.P@ikcontech.com
10:41:24.040 [http-nio-9002-exec-8] INFO  c.i.u.e.c.EmployeeController - EmployeeController.getEmployeeDetailsWithDepartment() ENTERED : email : Vaishnav.P@ikcontech.com
10:41:32.274 [http-nio-9002-exec-7] INFO  c.i.u.e.c.EmployeeController - EmployeeController.getEmployeeDetailsWithDepartment() ENTERED : email : Vaishnav.P@ikcontech.com
10:43:40.021 [http-nio-9002-exec-10] INFO  c.i.u.e.c.EmployeeController - EmployeeController.getEmployeeDetailsWithDepartment() ENTERED : email : Vaishnav.P@ikcontech.com
10:43:43.797 [http-nio-9002-exec-2] INFO  c.i.u.e.c.EmployeeController - EmployeeController.getEmployeeDetailsWithDepartment() ENTERED : email : Vaishnav.P@ikcontech.com
10:43:45.082 [http-nio-9002-exec-1] INFO  c.i.u.e.c.EmployeeController - EmployeeController.getEmployeeDetailsWithDepartment() ENTERED : email : Vaishnav.P@ikcontech.com
10:43:49.265 [http-nio-9002-exec-3] INFO  c.i.u.e.c.EmployeeController - EmployeeController.getEmployeeDetailsWithDepartment() ENTERED : email : Vaishnav.P@ikcontech.com
10:44:14.089 [AsyncResolver-bootstrap-executor-0] INFO  c.n.d.s.r.aws.ConfigClusterResolver - Resolving eureka endpoints via configuration
10:49:14.105 [AsyncResolver-bootstrap-executor-0] INFO  c.n.d.s.r.aws.ConfigClusterResolver - Resolving eureka endpoints via configuration
10:54:14.152 [AsyncResolver-bootstrap-executor-0] INFO  c.n.d.s.r.aws.ConfigClusterResolver - Resolving eureka endpoints via configuration
10:59:14.191 [AsyncResolver-bootstrap-executor-0] INFO  c.n.d.s.r.aws.ConfigClusterResolver - Resolving eureka endpoints via configuration
11:04:14.284 [AsyncResolver-bootstrap-executor-0] INFO  c.n.d.s.r.aws.ConfigClusterResolver - Resolving eureka endpoints via configuration
11:09:14.344 [AsyncResolver-bootstrap-executor-0] INFO  c.n.d.s.r.aws.ConfigClusterResolver - Resolving eureka endpoints via configuration
11:14:14.376 [AsyncResolver-bootstrap-executor-0] INFO  c.n.d.s.r.aws.ConfigClusterResolver - Resolving eureka endpoints via configuration
11:19:14.385 [AsyncResolver-bootstrap-executor-0] INFO  c.n.d.s.r.aws.ConfigClusterResolver - Resolving eureka endpoints via configuration
11:24:14.400 [AsyncResolver-bootstrap-executor-0] INFO  c.n.d.s.r.aws.ConfigClusterResolver - Resolving eureka endpoints via configuration
11:29:14.419 [AsyncResolver-bootstrap-executor-0] INFO  c.n.d.s.r.aws.ConfigClusterResolver - Resolving eureka endpoints via configuration
11:39:12.426 [HikariPool-1 housekeeper] WARN  com.zaxxer.hikari.pool.HikariPool - HikariPool-1 - Thread starvation or clock leap detected (housekeeper delta=8m6s111ms648µs200ns).
11:41:07.978 [http-nio-9002-exec-5] INFO  c.i.u.e.c.EmployeeController - EmployeeController.getEmployeeDetailsWithDepartment() ENTERED : email : Vaishnav.P@ikcontech.com
11:41:50.531 [AsyncResolver-bootstrap-executor-0] INFO  c.n.d.s.r.aws.ConfigClusterResolver - Resolving eureka endpoints via configuration
11:43:25.094 [http-nio-9002-exec-8] INFO  c.i.u.e.c.EmployeeController - EmployeeController.getEmployeeDetailsWithDepartment() ENTERED : email : Vaishnav.P@ikcontech.com
11:43:27.779 [http-nio-9002-exec-7] INFO  c.i.u.e.c.EmployeeController - EmployeeController.getEmployeeDetailsWithDepartment() ENTERED : email : Vaishnav.P@ikcontech.com
11:43:34.066 [http-nio-9002-exec-9] INFO  c.i.u.e.c.EmployeeController - EmployeeController.getEmployeeDetailsWithDepartment() ENTERED : email : Vaishnav.P@ikcontech.com
11:46:50.547 [AsyncResolver-bootstrap-executor-0] INFO  c.n.d.s.r.aws.ConfigClusterResolver - Resolving eureka endpoints via configuration
11:49:00.885 [http-nio-9002-exec-2] INFO  c.i.u.e.c.EmployeeController - EmployeeController.getAllEmployees() ENTERED
11:50:00.066 [http-nio-9002-exec-1] INFO  c.i.u.e.c.EmployeeController - EmployeeController.getAllEmployees() ENTERED
11:51:00.015 [http-nio-9002-exec-3] INFO  c.i.u.e.c.EmployeeController - EmployeeController.getAllEmployees() ENTERED
11:51:50.553 [AsyncResolver-bootstrap-executor-0] INFO  c.n.d.s.r.aws.ConfigClusterResolver - Resolving eureka endpoints via configuration
11:52:00.027 [http-nio-9002-exec-4] INFO  c.i.u.e.c.EmployeeController - EmployeeController.getAllEmployees() ENTERED
11:53:00.046 [http-nio-9002-exec-5] INFO  c.i.u.e.c.EmployeeController - EmployeeController.getAllEmployees() ENTERED
11:54:00.031 [http-nio-9002-exec-6] INFO  c.i.u.e.c.EmployeeController - EmployeeController.getAllEmployees() ENTERED
11:55:00.017 [http-nio-9002-exec-8] INFO  c.i.u.e.c.EmployeeController - EmployeeController.getAllEmployees() ENTERED
11:55:55.668 [http-nio-9002-exec-7] INFO  c.i.u.e.c.EmployeeController - EmployeeController.getEmployeeDetailsWithDepartment() ENTERED : email : Vaishnav.P@ikcontech.com
11:56:00.018 [http-nio-9002-exec-9] INFO  c.i.u.e.c.EmployeeController - EmployeeController.getAllEmployees() ENTERED
11:56:50.615 [AsyncResolver-bootstrap-executor-0] INFO  c.n.d.s.r.aws.ConfigClusterResolver - Resolving eureka endpoints via configuration
11:57:00.026 [http-nio-9002-exec-2] INFO  c.i.u.e.c.EmployeeController - EmployeeController.getAllEmployees() ENTERED
11:58:00.013 [http-nio-9002-exec-1] INFO  c.i.u.e.c.EmployeeController - EmployeeController.getAllEmployees() ENTERED
11:58:06.215 [http-nio-9002-exec-3] INFO  c.i.u.e.c.EmployeeController - EmployeeController.getEmployeeDetailsWithDepartment() ENTERED : email : Vaishnav.P@ikcontech.com
11:59:00.010 [http-nio-9002-exec-4] INFO  c.i.u.e.c.EmployeeController - EmployeeController.getAllEmployees() ENTERED
12:00:00.027 [http-nio-9002-exec-6] INFO  c.i.u.e.c.EmployeeController - EmployeeController.getAllEmployees() ENTERED
12:00:18.441 [http-nio-9002-exec-8] INFO  c.i.u.e.c.EmployeeController - EmployeeController.getEmployeeDetailsWithDepartment() ENTERED : email : Vaishnav.P@ikcontech.com
12:01:00.032 [http-nio-9002-exec-7] INFO  c.i.u.e.c.EmployeeController - EmployeeController.getAllEmployees() ENTERED
12:01:50.636 [AsyncResolver-bootstrap-executor-0] INFO  c.n.d.s.r.aws.ConfigClusterResolver - Resolving eureka endpoints via configuration
12:02:00.022 [http-nio-9002-exec-10] INFO  c.i.u.e.c.EmployeeController - EmployeeController.getAllEmployees() ENTERED
12:03:00.025 [http-nio-9002-exec-2] INFO  c.i.u.e.c.EmployeeController - EmployeeController.getAllEmployees() ENTERED
12:03:21.458 [http-nio-9002-exec-1] INFO  c.i.u.e.c.EmployeeController - EmployeeController.getEmployeeDetailsWithDepartment() ENTERED : email : Vaishnav.P@ikcontech.com
12:03:37.165 [http-nio-9002-exec-3] INFO  c.i.u.e.c.EmployeeController - EmployeeController.getEmployeeDetailsWithDepartment() ENTERED : email : Vaishnav.P@ikcontech.com
12:06:00.172 [http-nio-9002-exec-6] INFO  c.i.u.e.c.EmployeeController - EmployeeController.getAllEmployees() ENTERED
12:06:50.659 [AsyncResolver-bootstrap-executor-0] INFO  c.n.d.s.r.aws.ConfigClusterResolver - Resolving eureka endpoints via configuration
12:07:58.169 [http-nio-9002-exec-7] INFO  c.i.u.e.c.EmployeeController - EmployeeController.getEmployeeDetailsWithDepartment() ENTERED : email : Vaishnav.P@ikcontech.com
12:07:58.840 [http-nio-9002-exec-9] INFO  c.i.u.e.c.EmployeeController - EmployeeController.getEmployeeDetailsWithDepartment() ENTERED : email : Vaishnav.P@ikcontech.com
12:08:01.156 [http-nio-9002-exec-10] INFO  c.i.u.e.c.EmployeeController - EmployeeController.getEmployeeDetailsWithDepartment() ENTERED : email : Vaishnav.P@ikcontech.com
12:09:00.052 [http-nio-9002-exec-2] INFO  c.i.u.e.c.EmployeeController - EmployeeController.getAllEmployees() ENTERED
12:11:50.672 [AsyncResolver-bootstrap-executor-0] INFO  c.n.d.s.r.aws.ConfigClusterResolver - Resolving eureka endpoints via configuration
12:12:00.058 [http-nio-9002-exec-4] INFO  c.i.u.e.c.EmployeeController - EmployeeController.getAllEmployees() ENTERED
12:15:00.033 [http-nio-9002-exec-6] INFO  c.i.u.e.c.EmployeeController - EmployeeController.getAllEmployees() ENTERED
12:16:01.086 [http-nio-9002-exec-7] INFO  c.i.u.e.c.EmployeeController - EmployeeController.getEmployeeDetailsWithDepartment() ENTERED : email : Vaishnav.P@ikcontech.com
12:16:50.694 [AsyncResolver-bootstrap-executor-0] INFO  c.n.d.s.r.aws.ConfigClusterResolver - Resolving eureka endpoints via configuration
12:18:00.239 [http-nio-9002-exec-10] INFO  c.i.u.e.c.EmployeeController - EmployeeController.getAllEmployees() ENTERED
12:18:59.374 [http-nio-9002-exec-2] INFO  c.i.u.e.c.EmployeeController - EmployeeController.getEmployeeDetailsWithDepartment() ENTERED : email : Vaishnav.P@ikcontech.com
12:19:31.312 [http-nio-9002-exec-3] INFO  c.i.u.e.c.EmployeeController - EmployeeController.getEmployeeDetailsWithDepartment() ENTERED : email : Vaishnav.P@ikcontech.com
12:20:00.066 [http-nio-9002-exec-4] INFO  c.i.u.e.c.EmployeeController - EmployeeController.getAllEmployees() ENTERED
12:21:50.701 [AsyncResolver-bootstrap-executor-0] INFO  c.n.d.s.r.aws.ConfigClusterResolver - Resolving eureka endpoints via configuration
12:23:10.203 [http-nio-9002-exec-8] INFO  c.i.u.e.c.EmployeeController - EmployeeController.getEmployeeDetailsWithDepartment() ENTERED : email : Vaishnav.P@ikcontech.com
12:25:00.087 [http-nio-9002-exec-9] INFO  c.i.u.e.c.EmployeeController - EmployeeController.getAllEmployees() ENTERED
12:26:37.932 [http-nio-9002-exec-2] INFO  c.i.u.e.c.EmployeeController - EmployeeController.getEmployeeDetailsWithDepartment() ENTERED : email : Vaishnav.P@ikcontech.com
12:26:50.716 [AsyncResolver-bootstrap-executor-0] INFO  c.n.d.s.r.aws.ConfigClusterResolver - Resolving eureka endpoints via configuration
12:27:01.260 [http-nio-9002-exec-1] INFO  c.i.u.e.c.EmployeeController - EmployeeController.getEmployeeDetailsWithDepartment() ENTERED : email : Vaishnav.P@ikcontech.com
12:27:53.896 [http-nio-9002-exec-3] INFO  c.i.u.e.c.EmployeeController - EmployeeController.getEmployeeDetailsWithDepartment() ENTERED : email : Vaishnav.P@ikcontech.com
12:29:28.536 [http-nio-9002-exec-5] INFO  c.i.u.e.c.EmployeeController - EmployeeController.getEmployeeDetailsWithDepartment() ENTERED : email : Vaishnav.P@ikcontech.com
12:30:00.045 [http-nio-9002-exec-6] INFO  c.i.u.e.c.EmployeeController - EmployeeController.getAllEmployees() ENTERED
12:31:01.883 [http-nio-9002-exec-9] INFO  c.i.u.e.c.EmployeeController - EmployeeController.getEmployeeDetailsWithDepartment() ENTERED : email : Vaishnav.P@ikcontech.com
12:31:06.644 [http-nio-9002-exec-10] INFO  c.i.u.e.c.EmployeeController - EmployeeController.getEmployeeDetailsWithDepartment() ENTERED : email : Vaishnav.P@ikcontech.com
12:31:50.737 [AsyncResolver-bootstrap-executor-0] INFO  c.n.d.s.r.aws.ConfigClusterResolver - Resolving eureka endpoints via configuration
12:32:43.180 [http-nio-9002-exec-1] INFO  c.i.u.e.c.EmployeeController - EmployeeController.getEmployeeDetailsWithDepartment() ENTERED : email : Vaishnav.P@ikcontech.com
12:32:53.554 [http-nio-9002-exec-3] INFO  c.i.u.e.c.EmployeeController - EmployeeController.getEmployeeDetailsWithDepartment() ENTERED : email : Vaishnav.P@ikcontech.com
12:35:00.326 [http-nio-9002-exec-5] INFO  c.i.u.e.c.EmployeeController - EmployeeController.getAllEmployees() ENTERED
12:36:50.744 [AsyncResolver-bootstrap-executor-0] INFO  c.n.d.s.r.aws.ConfigClusterResolver - Resolving eureka endpoints via configuration
12:40:00.021 [http-nio-9002-exec-8] INFO  c.i.u.e.c.EmployeeController - EmployeeController.getAllEmployees() ENTERED
12:41:50.754 [AsyncResolver-bootstrap-executor-0] INFO  c.n.d.s.r.aws.ConfigClusterResolver - Resolving eureka endpoints via configuration
12:42:23.283 [http-nio-9002-exec-9] INFO  c.i.u.e.c.EmployeeController - EmployeeController.getEmployeeDetailsWithDepartment() ENTERED : email : Vaishnav.P@ikcontech.com
12:45:00.053 [http-nio-9002-exec-2] INFO  c.i.u.e.c.EmployeeController - EmployeeController.getAllEmployees() ENTERED
12:46:50.757 [AsyncResolver-bootstrap-executor-0] INFO  c.n.d.s.r.aws.ConfigClusterResolver - Resolving eureka endpoints via configuration
12:50:00.620 [http-nio-9002-exec-3] INFO  c.i.u.e.c.EmployeeController - EmployeeController.getAllEmployees() ENTERED
12:51:50.763 [AsyncResolver-bootstrap-executor-0] INFO  c.n.d.s.r.aws.ConfigClusterResolver - Resolving eureka endpoints via configuration
12:54:46.177 [http-nio-9002-exec-5] INFO  c.i.u.e.c.EmployeeController - EmployeeController.getEmployeeDetailsWithDepartment() ENTERED : email : Vaishnav.P@ikcontech.com
12:55:00.023 [http-nio-9002-exec-6] INFO  c.i.u.e.c.EmployeeController - EmployeeController.getAllEmployees() ENTERED
12:56:50.770 [AsyncResolver-bootstrap-executor-0] INFO  c.n.d.s.r.aws.ConfigClusterResolver - Resolving eureka endpoints via configuration
13:00:00.018 [http-nio-9002-exec-9] INFO  c.i.u.e.c.EmployeeController - EmployeeController.getAllEmployees() ENTERED
13:01:50.777 [AsyncResolver-bootstrap-executor-0] INFO  c.n.d.s.r.aws.ConfigClusterResolver - Resolving eureka endpoints via configuration
13:05:00.015 [http-nio-9002-exec-2] INFO  c.i.u.e.c.EmployeeController - EmployeeController.getAllEmployees() ENTERED
13:06:50.778 [AsyncResolver-bootstrap-executor-0] INFO  c.n.d.s.r.aws.ConfigClusterResolver - Resolving eureka endpoints via configuration
13:10:00.029 [http-nio-9002-exec-3] INFO  c.i.u.e.c.EmployeeController - EmployeeController.getAllEmployees() ENTERED
13:11:50.780 [AsyncResolver-bootstrap-executor-0] INFO  c.n.d.s.r.aws.ConfigClusterResolver - Resolving eureka endpoints via configuration
13:15:00.023 [http-nio-9002-exec-5] INFO  c.i.u.e.c.EmployeeController - EmployeeController.getAllEmployees() ENTERED
13:16:50.786 [AsyncResolver-bootstrap-executor-0] INFO  c.n.d.s.r.aws.ConfigClusterResolver - Resolving eureka endpoints via configuration
13:20:01.377 [http-nio-9002-exec-8] INFO  c.i.u.e.c.EmployeeController - EmployeeController.getAllEmployees() ENTERED
13:21:52.186 [AsyncResolver-bootstrap-executor-0] INFO  c.n.d.s.r.aws.ConfigClusterResolver - Resolving eureka endpoints via configuration
13:25:00.043 [http-nio-9002-exec-9] INFO  c.i.u.e.c.EmployeeController - EmployeeController.getAllEmployees() ENTERED
13:26:52.193 [AsyncResolver-bootstrap-executor-0] INFO  c.n.d.s.r.aws.ConfigClusterResolver - Resolving eureka endpoints via configuration
13:30:00.023 [http-nio-9002-exec-2] INFO  c.i.u.e.c.EmployeeController - EmployeeController.getAllEmployees() ENTERED
13:31:52.212 [AsyncResolver-bootstrap-executor-0] INFO  c.n.d.s.r.aws.ConfigClusterResolver - Resolving eureka endpoints via configuration
13:35:00.022 [http-nio-9002-exec-3] INFO  c.i.u.e.c.EmployeeController - EmployeeController.getAllEmployees() ENTERED
13:36:52.217 [AsyncResolver-bootstrap-executor-0] INFO  c.n.d.s.r.aws.ConfigClusterResolver - Resolving eureka endpoints via configuration
13:40:00.041 [http-nio-9002-exec-5] INFO  c.i.u.e.c.EmployeeController - EmployeeController.getAllEmployees() ENTERED
13:41:52.232 [AsyncResolver-bootstrap-executor-0] INFO  c.n.d.s.r.aws.ConfigClusterResolver - Resolving eureka endpoints via configuration
13:45:00.020 [http-nio-9002-exec-8] INFO  c.i.u.e.c.EmployeeController - EmployeeController.getAllEmployees() ENTERED
13:46:52.237 [AsyncResolver-bootstrap-executor-0] INFO  c.n.d.s.r.aws.ConfigClusterResolver - Resolving eureka endpoints via configuration
13:50:00.644 [http-nio-9002-exec-9] INFO  c.i.u.e.c.EmployeeController - EmployeeController.getAllEmployees() ENTERED
13:51:52.254 [AsyncResolver-bootstrap-executor-0] INFO  c.n.d.s.r.aws.ConfigClusterResolver - Resolving eureka endpoints via configuration
13:54:38.867 [http-nio-9002-exec-2] INFO  c.i.u.e.c.EmployeeController - EmployeeController.getEmployeeDetailsWithDepartment() ENTERED : email : Vaishnav.P@ikcontech.com
13:55:00.022 [http-nio-9002-exec-1] INFO  c.i.u.e.c.EmployeeController - EmployeeController.getAllEmployees() ENTERED
13:56:52.298 [AsyncResolver-bootstrap-executor-0] INFO  c.n.d.s.r.aws.ConfigClusterResolver - Resolving eureka endpoints via configuration
14:00:00.034 [http-nio-9002-exec-5] INFO  c.i.u.e.c.EmployeeController - EmployeeController.getAllEmployees() ENTERED
14:01:52.305 [AsyncResolver-bootstrap-executor-0] INFO  c.n.d.s.r.aws.ConfigClusterResolver - Resolving eureka endpoints via configuration
14:05:00.023 [http-nio-9002-exec-8] INFO  c.i.u.e.c.EmployeeController - EmployeeController.getAllEmployees() ENTERED
14:06:52.310 [AsyncResolver-bootstrap-executor-0] INFO  c.n.d.s.r.aws.ConfigClusterResolver - Resolving eureka endpoints via configuration
14:10:00.031 [http-nio-9002-exec-9] INFO  c.i.u.e.c.EmployeeController - EmployeeController.getAllEmployees() ENTERED
14:11:52.322 [AsyncResolver-bootstrap-executor-0] INFO  c.n.d.s.r.aws.ConfigClusterResolver - Resolving eureka endpoints via configuration
14:15:00.022 [http-nio-9002-exec-2] INFO  c.i.u.e.c.EmployeeController - EmployeeController.getAllEmployees() ENTERED
14:16:52.336 [AsyncResolver-bootstrap-executor-0] INFO  c.n.d.s.r.aws.ConfigClusterResolver - Resolving eureka endpoints via configuration
14:20:00.076 [http-nio-9002-exec-3] INFO  c.i.u.e.c.EmployeeController - EmployeeController.getAllEmployees() ENTERED
14:21:52.340 [AsyncResolver-bootstrap-executor-0] INFO  c.n.d.s.r.aws.ConfigClusterResolver - Resolving eureka endpoints via configuration
14:25:00.037 [http-nio-9002-exec-5] INFO  c.i.u.e.c.EmployeeController - EmployeeController.getAllEmployees() ENTERED
14:26:52.343 [AsyncResolver-bootstrap-executor-0] INFO  c.n.d.s.r.aws.ConfigClusterResolver - Resolving eureka endpoints via configuration
14:30:00.024 [http-nio-9002-exec-8] INFO  c.i.u.e.c.EmployeeController - EmployeeController.getAllEmployees() ENTERED
14:31:52.351 [AsyncResolver-bootstrap-executor-0] INFO  c.n.d.s.r.aws.ConfigClusterResolver - Resolving eureka endpoints via configuration
14:32:55.343 [http-nio-9002-exec-9] INFO  c.i.u.e.c.EmployeeController - EmployeeController.getEmployeeDetailsWithDepartment() ENTERED : email : Vaishnav.P@ikcontech.com
14:33:42.143 [http-nio-9002-exec-10] INFO  c.i.u.e.c.EmployeeController - EmployeeController.getEmployeeDetailsWithDepartment() ENTERED : email : Vaishnav.P@ikcontech.com
14:34:38.908 [http-nio-9002-exec-2] INFO  c.i.u.e.c.EmployeeController - EmployeeController.getEmployeeDetailsWithDepartment() ENTERED : email : Vaishnav.P@ikcontech.com
14:35:00.088 [http-nio-9002-exec-1] INFO  c.i.u.e.c.EmployeeController - EmployeeController.getAllEmployees() ENTERED
14:35:37.717 [http-nio-9002-exec-3] INFO  c.i.u.e.c.EmployeeController - EmployeeController.getEmployeeDetailsWithDepartment() ENTERED : email : Vaishnav.P@ikcontech.com
14:36:09.083 [http-nio-9002-exec-5] INFO  c.i.u.e.c.EmployeeController - EmployeeController.getEmployeeDetailsWithDepartment() ENTERED : email : Vaishnav.P@ikcontech.com
14:36:23.673 [http-nio-9002-exec-6] INFO  c.i.u.e.c.EmployeeController - EmployeeController.getEmployeeDetailsWithDepartment() ENTERED : email : Vaishnav.P@ikcontech.com
14:36:52.359 [AsyncResolver-bootstrap-executor-0] INFO  c.n.d.s.r.aws.ConfigClusterResolver - Resolving eureka endpoints via configuration
14:37:22.999 [http-nio-9002-exec-8] INFO  c.i.u.e.c.EmployeeController - EmployeeController.getEmployeeDetailsWithDepartment() ENTERED : email : Vaishnav.P@ikcontech.com
14:40:00.031 [http-nio-9002-exec-9] INFO  c.i.u.e.c.EmployeeController - EmployeeController.getAllEmployees() ENTERED
14:40:35.936 [http-nio-9002-exec-10] INFO  c.i.u.e.c.EmployeeController - EmployeeController.getEmployeeDetailsWithDepartment() ENTERED : email : Vaishnav.P@ikcontech.com
14:40:45.529 [http-nio-9002-exec-2] INFO  c.i.u.e.c.EmployeeController - EmployeeController.getEmployeeDetailsWithDepartment() ENTERED : email : Vaishnav.P@ikcontech.com
14:40:46.787 [http-nio-9002-exec-1] INFO  c.i.u.e.c.EmployeeController - EmployeeController.getEmployeeDetailsWithDepartment() ENTERED : email : Vaishnav.P@ikcontech.com
14:40:50.364 [http-nio-9002-exec-3] INFO  c.i.u.e.c.EmployeeController - EmployeeController.getEmployeeDetailsWithDepartment() ENTERED : email : Vaishnav.P@ikcontech.com
14:40:52.001 [http-nio-9002-exec-4] INFO  c.i.u.e.c.EmployeeController - EmployeeController.getEmployeeDetailsWithDepartment() ENTERED : email : Vaishnav.P@ikcontech.com
14:40:52.990 [http-nio-9002-exec-5] INFO  c.i.u.e.c.EmployeeController - EmployeeController.getEmployeeDetailsWithDepartment() ENTERED : email : Vaishnav.P@ikcontech.com
14:40:54.091 [http-nio-9002-exec-6] INFO  c.i.u.e.c.EmployeeController - EmployeeController.getEmployeeDetailsWithDepartment() ENTERED : email : Vaishnav.P@ikcontech.com
14:40:55.197 [http-nio-9002-exec-8] INFO  c.i.u.e.c.EmployeeController - EmployeeController.getEmployeeDetailsWithDepartment() ENTERED : email : Vaishnav.P@ikcontech.com
14:40:56.057 [http-nio-9002-exec-7] INFO  c.i.u.e.c.EmployeeController - EmployeeController.getEmployeeDetailsWithDepartment() ENTERED : email : Vaishnav.P@ikcontech.com
14:40:58.294 [http-nio-9002-exec-9] INFO  c.i.u.e.c.EmployeeController - EmployeeController.getEmployeeDetailsWithDepartment() ENTERED : email : Vaishnav.P@ikcontech.com
14:41:03.819 [http-nio-9002-exec-2] INFO  c.i.u.e.c.EmployeeController - EmployeeController.getEmployeeDetailsWithDepartment() ENTERED : email : Vaishnav.P@ikcontech.com
14:41:04.966 [http-nio-9002-exec-1] INFO  c.i.u.e.c.EmployeeController - EmployeeController.getEmployeeDetailsWithDepartment() ENTERED : email : Vaishnav.P@ikcontech.com
14:41:06.136 [http-nio-9002-exec-3] INFO  c.i.u.e.c.EmployeeController - EmployeeController.getEmployeeDetailsWithDepartment() ENTERED : email : Vaishnav.P@ikcontech.com
14:41:07.266 [http-nio-9002-exec-4] INFO  c.i.u.e.c.EmployeeController - EmployeeController.getEmployeeDetailsWithDepartment() ENTERED : email : Vaishnav.P@ikcontech.com
14:41:11.581 [http-nio-9002-exec-5] INFO  c.i.u.e.c.EmployeeController - EmployeeController.getEmployeeDetailsWithDepartment() ENTERED : email : Vaishnav.P@ikcontech.com
14:41:22.891 [http-nio-9002-exec-6] INFO  c.i.u.e.c.EmployeeController - EmployeeController.getEmployeeDetailsWithDepartment() ENTERED : email : Vaishnav.P@ikcontech.com
14:41:23.700 [http-nio-9002-exec-8] INFO  c.i.u.e.c.EmployeeController - EmployeeController.getEmployeeDetailsWithDepartment() ENTERED : email : Vaishnav.P@ikcontech.com
14:41:24.533 [http-nio-9002-exec-7] INFO  c.i.u.e.c.EmployeeController - EmployeeController.getEmployeeDetailsWithDepartment() ENTERED : email : Vaishnav.P@ikcontech.com
14:41:28.840 [http-nio-9002-exec-9] INFO  c.i.u.e.c.EmployeeController - EmployeeController.getEmployeeDetailsWithDepartment() ENTERED : email : Vaishnav.P@ikcontech.com
14:41:52.304 [http-nio-9002-exec-10] INFO  c.i.u.e.c.EmployeeController - EmployeeController.getEmployeeDetailsWithDepartment() ENTERED : email : Vaishnav.P@ikcontech.com
14:41:52.366 [AsyncResolver-bootstrap-executor-0] INFO  c.n.d.s.r.aws.ConfigClusterResolver - Resolving eureka endpoints via configuration
14:42:10.815 [http-nio-9002-exec-2] INFO  c.i.u.e.c.EmployeeController - EmployeeController.getEmployeeDetailsWithDepartment() ENTERED : email : Vaishnav.P@ikcontech.com
14:43:14.129 [http-nio-9002-exec-3] INFO  c.i.u.e.c.EmployeeController - EmployeeController.getEmployeeDetailsWithDepartment() ENTERED : email : Vaishnav.P@ikcontech.com
14:43:24.411 [http-nio-9002-exec-4] INFO  c.i.u.e.c.EmployeeController - EmployeeController.getEmployeeDetailsWithDepartment() ENTERED : email : Vaishnav.P@ikcontech.com
14:43:55.275 [http-nio-9002-exec-5] INFO  c.i.u.e.c.EmployeeController - EmployeeController.getEmployeeDetailsWithDepartment() ENTERED : email : Vaishnav.P@ikcontech.com
14:45:00.027 [http-nio-9002-exec-8] INFO  c.i.u.e.c.EmployeeController - EmployeeController.getAllEmployees() ENTERED
14:46:52.382 [AsyncResolver-bootstrap-executor-0] INFO  c.n.d.s.r.aws.ConfigClusterResolver - Resolving eureka endpoints via configuration
14:48:52.106 [http-nio-9002-exec-9] INFO  c.i.u.e.c.EmployeeController - EmployeeController.getEmployeeDetailsWithDepartment() ENTERED : email : Vaishnav.P@ikcontech.com
14:50:01.058 [http-nio-9002-exec-2] INFO  c.i.u.e.c.EmployeeController - EmployeeController.getAllEmployees() ENTERED
14:50:19.540 [http-nio-9002-exec-1] INFO  c.i.u.e.c.EmployeeController - EmployeeController.getEmployeeDetailsWithDepartment() ENTERED : email : Vaishnav.P@ikcontech.com
14:51:52.383 [AsyncResolver-bootstrap-executor-0] INFO  c.n.d.s.r.aws.ConfigClusterResolver - Resolving eureka endpoints via configuration
14:55:00.022 [http-nio-9002-exec-5] INFO  c.i.u.e.c.EmployeeController - EmployeeController.getAllEmployees() ENTERED
14:56:52.390 [AsyncResolver-bootstrap-executor-0] INFO  c.n.d.s.r.aws.ConfigClusterResolver - Resolving eureka endpoints via configuration
15:00:00.024 [http-nio-9002-exec-8] INFO  c.i.u.e.c.EmployeeController - EmployeeController.getAllEmployees() ENTERED
15:01:52.406 [AsyncResolver-bootstrap-executor-0] INFO  c.n.d.s.r.aws.ConfigClusterResolver - Resolving eureka endpoints via configuration
15:05:00.030 [http-nio-9002-exec-9] INFO  c.i.u.e.c.EmployeeController - EmployeeController.getAllEmployees() ENTERED
15:06:52.414 [AsyncResolver-bootstrap-executor-0] INFO  c.n.d.s.r.aws.ConfigClusterResolver - Resolving eureka endpoints via configuration
15:10:00.034 [http-nio-9002-exec-2] INFO  c.i.u.e.c.EmployeeController - EmployeeController.getAllEmployees() ENTERED
15:11:52.430 [AsyncResolver-bootstrap-executor-0] INFO  c.n.d.s.r.aws.ConfigClusterResolver - Resolving eureka endpoints via configuration
15:15:00.049 [http-nio-9002-exec-3] INFO  c.i.u.e.c.EmployeeController - EmployeeController.getAllEmployees() ENTERED
15:16:52.454 [AsyncResolver-bootstrap-executor-0] INFO  c.n.d.s.r.aws.ConfigClusterResolver - Resolving eureka endpoints via configuration
15:18:11.913 [http-nio-9002-exec-5] INFO  c.i.u.e.c.EmployeeController - EmployeeController.getEmployeeDetailsWithDepartment() ENTERED : email : Vaishnav.P@ikcontech.com
15:22:04.893 [AsyncResolver-bootstrap-executor-0] INFO  c.n.d.s.r.aws.ConfigClusterResolver - Resolving eureka endpoints via configuration
15:25:01.369 [http-nio-9002-exec-8] INFO  c.i.u.e.c.EmployeeController - EmployeeController.getAllEmployees() ENTERED
15:27:04.933 [AsyncResolver-bootstrap-executor-0] INFO  c.n.d.s.r.aws.ConfigClusterResolver - Resolving eureka endpoints via configuration
15:32:04.944 [AsyncResolver-bootstrap-executor-0] INFO  c.n.d.s.r.aws.ConfigClusterResolver - Resolving eureka endpoints via configuration
15:37:04.946 [AsyncResolver-bootstrap-executor-0] INFO  c.n.d.s.r.aws.ConfigClusterResolver - Resolving eureka endpoints via configuration
15:42:04.963 [AsyncResolver-bootstrap-executor-0] INFO  c.n.d.s.r.aws.ConfigClusterResolver - Resolving eureka endpoints via configuration
15:47:04.988 [AsyncResolver-bootstrap-executor-0] INFO  c.n.d.s.r.aws.ConfigClusterResolver - Resolving eureka endpoints via configuration
15:52:04.989 [AsyncResolver-bootstrap-executor-0] INFO  c.n.d.s.r.aws.ConfigClusterResolver - Resolving eureka endpoints via configuration
15:57:04.998 [AsyncResolver-bootstrap-executor-0] INFO  c.n.d.s.r.aws.ConfigClusterResolver - Resolving eureka endpoints via configuration
16:02:05.010 [AsyncResolver-bootstrap-executor-0] INFO  c.n.d.s.r.aws.ConfigClusterResolver - Resolving eureka endpoints via configuration
16:07:05.028 [AsyncResolver-bootstrap-executor-0] INFO  c.n.d.s.r.aws.ConfigClusterResolver - Resolving eureka endpoints via configuration
16:12:05.030 [AsyncResolver-bootstrap-executor-0] INFO  c.n.d.s.r.aws.ConfigClusterResolver - Resolving eureka endpoints via configuration
16:17:05.035 [AsyncResolver-bootstrap-executor-0] INFO  c.n.d.s.r.aws.ConfigClusterResolver - Resolving eureka endpoints via configuration
16:19:31.668 [http-nio-9002-exec-9] INFO  c.i.u.e.c.EmployeeController - EmployeeController.getEmployeeDetailsWithDepartment() ENTERED : email : Vaishnav.P@ikcontech.com
16:19:36.571 [http-nio-9002-exec-10] INFO  c.i.u.e.c.EmployeeController - EmployeeController.getEmployeeDetailsWithDepartment() ENTERED : email : Vaishnav.P@ikcontech.com
16:19:38.230 [http-nio-9002-exec-2] INFO  c.i.u.e.c.EmployeeController - EmployeeController.getEmployeeDetailsWithDepartment() ENTERED : email : Vaishnav.P@ikcontech.com
16:19:43.682 [http-nio-9002-exec-1] INFO  c.i.u.e.c.EmployeeController - EmployeeController.getEmployeeDetailsWithDepartment() ENTERED : email : Vaishnav.P@ikcontech.com
16:19:45.334 [http-nio-9002-exec-3] INFO  c.i.u.e.c.EmployeeController - EmployeeController.getEmployeeDetailsWithDepartment() ENTERED : email : Vaishnav.P@ikcontech.com
16:22:05.054 [AsyncResolver-bootstrap-executor-0] INFO  c.n.d.s.r.aws.ConfigClusterResolver - Resolving eureka endpoints via configuration
16:27:05.084 [AsyncResolver-bootstrap-executor-0] INFO  c.n.d.s.r.aws.ConfigClusterResolver - Resolving eureka endpoints via configuration
16:32:05.088 [AsyncResolver-bootstrap-executor-0] INFO  c.n.d.s.r.aws.ConfigClusterResolver - Resolving eureka endpoints via configuration
16:37:05.099 [AsyncResolver-bootstrap-executor-0] INFO  c.n.d.s.r.aws.ConfigClusterResolver - Resolving eureka endpoints via configuration
16:42:05.120 [AsyncResolver-bootstrap-executor-0] INFO  c.n.d.s.r.aws.ConfigClusterResolver - Resolving eureka endpoints via configuration
16:47:05.169 [AsyncResolver-bootstrap-executor-0] INFO  c.n.d.s.r.aws.ConfigClusterResolver - Resolving eureka endpoints via configuration
16:52:05.202 [AsyncResolver-bootstrap-executor-0] INFO  c.n.d.s.r.aws.ConfigClusterResolver - Resolving eureka endpoints via configuration
16:57:05.242 [AsyncResolver-bootstrap-executor-0] INFO  c.n.d.s.r.aws.ConfigClusterResolver - Resolving eureka endpoints via configuration
17:02:05.271 [AsyncResolver-bootstrap-executor-0] INFO  c.n.d.s.r.aws.ConfigClusterResolver - Resolving eureka endpoints via configuration
17:07:05.299 [AsyncResolver-bootstrap-executor-0] INFO  c.n.d.s.r.aws.ConfigClusterResolver - Resolving eureka endpoints via configuration
17:12:05.353 [AsyncResolver-bootstrap-executor-0] INFO  c.n.d.s.r.aws.ConfigClusterResolver - Resolving eureka endpoints via configuration
17:15:00.387 [http-nio-9002-exec-5] INFO  c.i.u.e.c.EmployeeController - EmployeeController.getAllEmployees() ENTERED
17:17:05.392 [AsyncResolver-bootstrap-executor-0] INFO  c.n.d.s.r.aws.ConfigClusterResolver - Resolving eureka endpoints via configuration
17:20:00.414 [http-nio-9002-exec-8] INFO  c.i.u.e.c.EmployeeController - EmployeeController.getAllEmployees() ENTERED
17:22:05.426 [AsyncResolver-bootstrap-executor-0] INFO  c.n.d.s.r.aws.ConfigClusterResolver - Resolving eureka endpoints via configuration
17:25:00.337 [http-nio-9002-exec-9] INFO  c.i.u.e.c.EmployeeController - EmployeeController.getAllEmployees() ENTERED
17:27:05.447 [AsyncResolver-bootstrap-executor-0] INFO  c.n.d.s.r.aws.ConfigClusterResolver - Resolving eureka endpoints via configuration
17:30:00.568 [http-nio-9002-exec-2] INFO  c.i.u.e.c.EmployeeController - EmployeeController.getAllEmployees() ENTERED
17:32:05.472 [AsyncResolver-bootstrap-executor-0] INFO  c.n.d.s.r.aws.ConfigClusterResolver - Resolving eureka endpoints via configuration
17:37:05.516 [AsyncResolver-bootstrap-executor-0] INFO  c.n.d.s.r.aws.ConfigClusterResolver - Resolving eureka endpoints via configuration
17:42:05.626 [AsyncResolver-bootstrap-executor-0] INFO  c.n.d.s.r.aws.ConfigClusterResolver - Resolving eureka endpoints via configuration
17:47:05.676 [AsyncResolver-bootstrap-executor-0] INFO  c.n.d.s.r.aws.ConfigClusterResolver - Resolving eureka endpoints via configuration
17:52:05.679 [AsyncResolver-bootstrap-executor-0] INFO  c.n.d.s.r.aws.ConfigClusterResolver - Resolving eureka endpoints via configuration
17:57:05.688 [AsyncResolver-bootstrap-executor-0] INFO  c.n.d.s.r.aws.ConfigClusterResolver - Resolving eureka endpoints via configuration
18:02:05.700 [AsyncResolver-bootstrap-executor-0] INFO  c.n.d.s.r.aws.ConfigClusterResolver - Resolving eureka endpoints via configuration
18:22:10.688 [HikariPool-1 housekeeper] WARN  com.zaxxer.hikari.pool.HikariPool - HikariPool-1 - Thread starvation or clock leap detected (housekeeper delta=19m38s304ms986µs300ns).
18:26:14.009 [AsyncResolver-bootstrap-executor-0] INFO  c.n.d.s.r.aws.ConfigClusterResolver - Resolving eureka endpoints via configuration
18:31:14.025 [AsyncResolver-bootstrap-executor-0] INFO  c.n.d.s.r.aws.ConfigClusterResolver - Resolving eureka endpoints via configuration
18:36:14.026 [AsyncResolver-bootstrap-executor-0] INFO  c.n.d.s.r.aws.ConfigClusterResolver - Resolving eureka endpoints via configuration
18:41:14.035 [AsyncResolver-bootstrap-executor-0] INFO  c.n.d.s.r.aws.ConfigClusterResolver - Resolving eureka endpoints via configuration
18:46:14.090 [AsyncResolver-bootstrap-executor-0] INFO  c.n.d.s.r.aws.ConfigClusterResolver - Resolving eureka endpoints via configuration
18:51:14.136 [AsyncResolver-bootstrap-executor-0] INFO  c.n.d.s.r.aws.ConfigClusterResolver - Resolving eureka endpoints via configuration
18:56:14.175 [AsyncResolver-bootstrap-executor-0] INFO  c.n.d.s.r.aws.ConfigClusterResolver - Resolving eureka endpoints via configuration
19:01:14.207 [AsyncResolver-bootstrap-executor-0] INFO  c.n.d.s.r.aws.ConfigClusterResolver - Resolving eureka endpoints via configuration
19:06:14.252 [AsyncResolver-bootstrap-executor-0] INFO  c.n.d.s.r.aws.ConfigClusterResolver - Resolving eureka endpoints via configuration
19:11:14.289 [AsyncResolver-bootstrap-executor-0] INFO  c.n.d.s.r.aws.ConfigClusterResolver - Resolving eureka endpoints via configuration
19:16:14.295 [AsyncResolver-bootstrap-executor-0] INFO  c.n.d.s.r.aws.ConfigClusterResolver - Resolving eureka endpoints via configuration
19:21:14.309 [AsyncResolver-bootstrap-executor-0] INFO  c.n.d.s.r.aws.ConfigClusterResolver - Resolving eureka endpoints via configuration
19:26:14.342 [AsyncResolver-bootstrap-executor-0] INFO  c.n.d.s.r.aws.ConfigClusterResolver - Resolving eureka endpoints via configuration
19:31:14.373 [AsyncResolver-bootstrap-executor-0] INFO  c.n.d.s.r.aws.ConfigClusterResolver - Resolving eureka endpoints via configuration
19:40:34.601 [HikariPool-1 housekeeper] WARN  com.zaxxer.hikari.pool.HikariPool - HikariPool-1 - Thread starvation or clock leap detected (housekeeper delta=8m22s807ms686µs).
19:44:07.191 [AsyncResolver-bootstrap-executor-0] INFO  c.n.d.s.r.aws.ConfigClusterResolver - Resolving eureka endpoints via configuration
19:49:07.226 [AsyncResolver-bootstrap-executor-0] INFO  c.n.d.s.r.aws.ConfigClusterResolver - Resolving eureka endpoints via configuration
19:54:07.246 [AsyncResolver-bootstrap-executor-0] INFO  c.n.d.s.r.aws.ConfigClusterResolver - Resolving eureka endpoints via configuration
19:59:07.274 [AsyncResolver-bootstrap-executor-0] INFO  c.n.d.s.r.aws.ConfigClusterResolver - Resolving eureka endpoints via configuration
20:04:07.297 [AsyncResolver-bootstrap-executor-0] INFO  c.n.d.s.r.aws.ConfigClusterResolver - Resolving eureka endpoints via configuration
20:09:07.309 [AsyncResolver-bootstrap-executor-0] INFO  c.n.d.s.r.aws.ConfigClusterResolver - Resolving eureka endpoints via configuration
20:14:07.347 [AsyncResolver-bootstrap-executor-0] INFO  c.n.d.s.r.aws.ConfigClusterResolver - Resolving eureka endpoints via configuration
20:19:07.393 [AsyncResolver-bootstrap-executor-0] INFO  c.n.d.s.r.aws.ConfigClusterResolver - Resolving eureka endpoints via configuration
20:24:07.432 [AsyncResolver-bootstrap-executor-0] INFO  c.n.d.s.r.aws.ConfigClusterResolver - Resolving eureka endpoints via configuration
20:29:07.471 [AsyncResolver-bootstrap-executor-0] INFO  c.n.d.s.r.aws.ConfigClusterResolver - Resolving eureka endpoints via configuration
20:34:07.509 [AsyncResolver-bootstrap-executor-0] INFO  c.n.d.s.r.aws.ConfigClusterResolver - Resolving eureka endpoints via configuration
20:39:07.535 [AsyncResolver-bootstrap-executor-0] INFO  c.n.d.s.r.aws.ConfigClusterResolver - Resolving eureka endpoints via configuration
20:44:07.571 [AsyncResolver-bootstrap-executor-0] INFO  c.n.d.s.r.aws.ConfigClusterResolver - Resolving eureka endpoints via configuration
20:47:59.308 [http-nio-9002-exec-3] INFO  c.i.u.e.c.EmployeeController - EmployeeController.getEmployeeDetailsWithDepartment() ENTERED : email : Vaishnav.P@ikcontech.com
20:48:01.057 [http-nio-9002-exec-4] INFO  c.i.u.e.c.EmployeeController - EmployeeController.getEmployeeDetailsWithDepartment() ENTERED : email : Vaishnav.P@ikcontech.com
20:48:06.253 [http-nio-9002-exec-5] INFO  c.i.u.e.c.EmployeeController - EmployeeController.getEmployeeDetailsWithDepartment() ENTERED : email : Vaishnav.P@ikcontech.com
20:48:23.160 [http-nio-9002-exec-6] INFO  c.i.u.e.c.EmployeeController - EmployeeController.getEmployeeDetailsWithDepartment() ENTERED : email : Vaishnav.P@ikcontech.com
20:49:07.610 [AsyncResolver-bootstrap-executor-0] INFO  c.n.d.s.r.aws.ConfigClusterResolver - Resolving eureka endpoints via configuration
20:50:24.813 [http-nio-9002-exec-7] INFO  c.i.u.e.c.EmployeeController - EmployeeController.getEmployeeDetailsWithDepartment() ENTERED : email : Vaishnav.P@ikcontech.com
20:54:07.625 [AsyncResolver-bootstrap-executor-0] INFO  c.n.d.s.r.aws.ConfigClusterResolver - Resolving eureka endpoints via configuration
20:55:48.081 [http-nio-9002-exec-10] INFO  c.i.u.e.c.EmployeeController - EmployeeController.getEmployeeDetailsWithDepartment() ENTERED : email : Vaishnav.P@ikcontech.com
20:57:35.103 [http-nio-9002-exec-1] INFO  c.i.u.e.c.EmployeeController - EmployeeController.getEmployeeDetailsWithDepartment() ENTERED : email : Vaishnav.P@ikcontech.com
20:58:42.628 [http-nio-9002-exec-4] INFO  c.i.u.e.c.EmployeeController - EmployeeController.getEmployeeDetailsWithDepartment() ENTERED : email : Vaishnav.P@ikcontech.com
20:59:07.670 [AsyncResolver-bootstrap-executor-0] INFO  c.n.d.s.r.aws.ConfigClusterResolver - Resolving eureka endpoints via configuration
20:59:08.508 [http-nio-9002-exec-5] INFO  c.i.u.e.c.EmployeeController - EmployeeController.getEmployeeDetailsWithDepartment() ENTERED : email : Vaishnav.P@ikcontech.com
21:00:50.144 [http-nio-9002-exec-8] INFO  c.i.u.e.c.EmployeeController - EmployeeController.getEmployeeDetailsWithDepartment() ENTERED : email : Vaishnav.P@ikcontech.com
21:01:01.043 [http-nio-9002-exec-7] INFO  c.i.u.e.c.EmployeeController - EmployeeController.getEmployeeDetailsWithDepartment() ENTERED : email : Vaishnav.P@ikcontech.com
21:01:04.834 [http-nio-9002-exec-9] INFO  c.i.u.e.c.EmployeeController - EmployeeController.getEmployeeDetailsWithDepartment() ENTERED : email : Vaishnav.P@ikcontech.com
21:01:27.109 [http-nio-9002-exec-10] INFO  c.i.u.e.c.EmployeeController - EmployeeController.getEmployeeDetailsWithDepartment() ENTERED : email : Vaishnav.P@ikcontech.com
21:01:56.592 [http-nio-9002-exec-2] INFO  c.i.u.e.c.EmployeeController - EmployeeController.getEmployeeDetailsWithDepartment() ENTERED : email : Vaishnav.P@ikcontech.com
21:04:07.689 [AsyncResolver-bootstrap-executor-0] INFO  c.n.d.s.r.aws.ConfigClusterResolver - Resolving eureka endpoints via configuration
21:06:16.049 [http-nio-9002-exec-3] INFO  c.i.u.e.c.EmployeeController - EmployeeController.getEmployeeDetailsWithDepartment() ENTERED : email : Vaishnav.P@ikcontech.com
21:06:24.276 [http-nio-9002-exec-4] INFO  c.i.u.e.c.EmployeeController - EmployeeController.getEmployeeDetailsWithDepartment() ENTERED : email : Vaishnav.P@ikcontech.com
21:06:26.763 [http-nio-9002-exec-5] INFO  c.i.u.e.c.EmployeeController - EmployeeController.getEmployeeDetailsWithDepartment() ENTERED : email : Vaishnav.P@ikcontech.com
21:06:29.576 [http-nio-9002-exec-6] INFO  c.i.u.e.c.EmployeeController - EmployeeController.getEmployeeDetailsWithDepartment() ENTERED : email : Vaishnav.P@ikcontech.com
21:06:30.093 [http-nio-9002-exec-8] INFO  c.i.u.e.c.EmployeeController - EmployeeController.getEmployeeDetailsWithDepartment() ENTERED : email : Vaishnav.P@ikcontech.com
21:06:31.324 [http-nio-9002-exec-7] INFO  c.i.u.e.c.EmployeeController - EmployeeController.getEmployeeDetailsWithDepartment() ENTERED : email : Vaishnav.P@ikcontech.com
21:06:31.821 [http-nio-9002-exec-9] INFO  c.i.u.e.c.EmployeeController - EmployeeController.getEmployeeDetailsWithDepartment() ENTERED : email : Vaishnav.P@ikcontech.com
21:06:33.039 [http-nio-9002-exec-10] INFO  c.i.u.e.c.EmployeeController - EmployeeController.getEmployeeDetailsWithDepartment() ENTERED : email : Vaishnav.P@ikcontech.com
21:06:52.342 [RMI TCP Connection(643)-127.0.0.1] INFO  o.s.b.a.SpringApplicationAdminMXBeanRegistrar$SpringApplicationAdmin - Application shutdown requested.
21:06:52.342 [RMI TCP Connection(640)-127.0.0.1] INFO  o.s.b.a.SpringApplicationAdminMXBeanRegistrar$SpringApplicationAdmin - Application shutdown requested.
21:06:52.342 [RMI TCP Connection(644)-127.0.0.1] INFO  o.s.b.a.SpringApplicationAdminMXBeanRegistrar$SpringApplicationAdmin - Application shutdown requested.
21:06:52.363 [RMI TCP Connection(645)-127.0.0.1] INFO  o.s.b.a.SpringApplicationAdminMXBeanRegistrar$SpringApplicationAdmin - Application shutdown requested.
21:06:52.389 [RMI TCP Connection(643)-127.0.0.1] INFO  o.s.c.n.e.s.EurekaServiceRegistry - Unregistering application UMS-EMPLOYEE-SERVICE with eureka with status DOWN
21:06:52.391 [RMI TCP Connection(643)-127.0.0.1] INFO  c.netflix.discovery.DiscoveryClient - Saw local status change event StatusChangeEvent [timestamp=1695224212391, current=DOWN, previous=UP]
21:06:52.393 [DiscoveryClient-InstanceInfoReplicator-0] INFO  c.netflix.discovery.DiscoveryClient - DiscoveryClient_UMS-EMPLOYEE-SERVICE/IKCON1049:UMS-EMPLOYEE-SERVICE:9002: registering service...
21:06:52.497 [DiscoveryClient-InstanceInfoReplicator-0] INFO  c.netflix.discovery.DiscoveryClient - DiscoveryClient_UMS-EMPLOYEE-SERVICE/IKCON1049:UMS-EMPLOYEE-SERVICE:9002 - registration status: 204
21:06:52.535 [RMI TCP Connection(646)-127.0.0.1] INFO  o.s.b.a.SpringApplicationAdminMXBeanRegistrar$SpringApplicationAdmin - Application shutdown requested.
21:06:52.701 [RMI TCP Connection(647)-127.0.0.1] INFO  o.s.b.a.SpringApplicationAdminMXBeanRegistrar$SpringApplicationAdmin - Application shutdown requested.
21:06:52.769 [RMI TCP Connection(643)-127.0.0.1] INFO  o.a.coyote.http11.Http11NioProtocol - Pausing ProtocolHandler ["http-nio-9002"]
21:06:52.771 [RMI TCP Connection(643)-127.0.0.1] INFO  o.a.catalina.core.StandardService - Stopping service [Tomcat]
21:06:52.804 [RMI TCP Connection(643)-127.0.0.1] INFO  o.a.c.c.C.[Tomcat].[localhost].[/] - Destroying Spring FrameworkServlet 'dispatcherServlet'
21:06:52.814 [RMI TCP Connection(648)-127.0.0.1] INFO  o.s.b.a.SpringApplicationAdminMXBeanRegistrar$SpringApplicationAdmin - Application shutdown requested.
21:06:52.848 [RMI TCP Connection(643)-127.0.0.1] WARN  o.a.c.loader.WebappClassLoaderBase - The web application [ROOT] appears to have started a thread named [boundedElastic-evictor-1] but has failed to stop it. This is very likely to create a memory leak. Stack trace of thread:
 java.base@11.0.18/jdk.internal.misc.Unsafe.park(Native Method)
 java.base@11.0.18/java.util.concurrent.locks.LockSupport.parkNanos(LockSupport.java:234)
 java.base@11.0.18/java.util.concurrent.locks.AbstractQueuedSynchronizer$ConditionObject.awaitNanos(AbstractQueuedSynchronizer.java:2123)
 java.base@11.0.18/java.util.concurrent.ScheduledThreadPoolExecutor$DelayedWorkQueue.take(ScheduledThreadPoolExecutor.java:1182)
 java.base@11.0.18/java.util.concurrent.ScheduledThreadPoolExecutor$DelayedWorkQueue.take(ScheduledThreadPoolExecutor.java:899)
 java.base@11.0.18/java.util.concurrent.ThreadPoolExecutor.getTask(ThreadPoolExecutor.java:1054)
 java.base@11.0.18/java.util.concurrent.ThreadPoolExecutor.runWorker(ThreadPoolExecutor.java:1114)
 java.base@11.0.18/java.util.concurrent.ThreadPoolExecutor$Worker.run(ThreadPoolExecutor.java:628)
 java.base@11.0.18/java.lang.Thread.run(Thread.java:834)
21:06:52.849 [RMI TCP Connection(643)-127.0.0.1] WARN  o.a.c.loader.WebappClassLoaderBase - The web application [ROOT] appears to have started a thread named [pool-10-thread-1] but has failed to stop it. This is very likely to create a memory leak. Stack trace of thread:
 java.base@11.0.18/jdk.internal.misc.Unsafe.park(Native Method)
 java.base@11.0.18/java.util.concurrent.locks.LockSupport.park(LockSupport.java:194)
 java.base@11.0.18/java.util.concurrent.locks.AbstractQueuedSynchronizer$ConditionObject.await(AbstractQueuedSynchronizer.java:2081)
 java.base@11.0.18/java.util.concurrent.ScheduledThreadPoolExecutor$DelayedWorkQueue.take(ScheduledThreadPoolExecutor.java:1170)
 java.base@11.0.18/java.util.concurrent.ScheduledThreadPoolExecutor$DelayedWorkQueue.take(ScheduledThreadPoolExecutor.java:899)
 java.base@11.0.18/java.util.concurrent.ThreadPoolExecutor.getTask(ThreadPoolExecutor.java:1054)
 java.base@11.0.18/java.util.concurrent.ThreadPoolExecutor.runWorker(ThreadPoolExecutor.java:1114)
 java.base@11.0.18/java.util.concurrent.ThreadPoolExecutor$Worker.run(ThreadPoolExecutor.java:628)
 java.base@11.0.18/java.lang.Thread.run(Thread.java:834)
21:06:52.851 [RMI TCP Connection(643)-127.0.0.1] WARN  o.a.c.loader.WebappClassLoaderBase - The web application [ROOT] appears to have started a thread named [boundedElastic-38] but has failed to stop it. This is very likely to create a memory leak. Stack trace of thread:
 java.base@11.0.18/jdk.internal.misc.Unsafe.park(Native Method)
 java.base@11.0.18/java.util.concurrent.locks.LockSupport.park(LockSupport.java:194)
 java.base@11.0.18/java.util.concurrent.locks.AbstractQueuedSynchronizer$ConditionObject.await(AbstractQueuedSynchronizer.java:2081)
 java.base@11.0.18/java.util.concurrent.ScheduledThreadPoolExecutor$DelayedWorkQueue.take(ScheduledThreadPoolExecutor.java:1170)
 java.base@11.0.18/java.util.concurrent.ScheduledThreadPoolExecutor$DelayedWorkQueue.take(ScheduledThreadPoolExecutor.java:899)
 java.base@11.0.18/java.util.concurrent.ThreadPoolExecutor.getTask(ThreadPoolExecutor.java:1054)
 java.base@11.0.18/java.util.concurrent.ThreadPoolExecutor.runWorker(ThreadPoolExecutor.java:1114)
 java.base@11.0.18/java.util.concurrent.ThreadPoolExecutor$Worker.run(ThreadPoolExecutor.java:628)
 java.base@11.0.18/java.lang.Thread.run(Thread.java:834)
21:06:52.868 [RMI TCP Connection(643)-127.0.0.1] INFO  o.a.coyote.http11.Http11NioProtocol - Stopping ProtocolHandler ["http-nio-9002"]
21:06:52.994 [RMI TCP Connection(643)-127.0.0.1] INFO  o.s.o.j.LocalContainerEntityManagerFactoryBean - Closing JPA EntityManagerFactory for persistence unit 'default'
