10:54:01.144 [restartedMain] INFO  o.s.b.d.e.DevToolsPropertyDefaultsPostProcessor - Devtools property defaults active! Set 'spring.devtools.add-properties' to 'false' to disable
10:54:02.517 [restartedMain] INFO  o.s.c.c.c.ConfigServicePropertySourceLocator - Fetching config from server at : http://localhost:9296
10:54:04.018 [restartedMain] INFO  o.s.c.c.c.ConfigServicePropertySourceLocator - Located environment: name=UMS-EMPLOYEE-SERVICE, profiles=[default], label=null, version=abc948351d8765c2e5a2691c8f7f75664420de7d, state=null
10:54:04.021 [restartedMain] INFO  o.s.c.b.c.PropertySourceBootstrapConfiguration - Located property source: [BootstrapPropertySource {name='bootstrapProperties-configClient'}, BootstrapPropertySource {name='bootstrapProperties-https://github.com/IKCONDev/ums-config-server/application.yaml'}]
10:54:04.029 [restartedMain] INFO  c.i.u.e.UMSEmployeeServiceApplication - No active profile set, falling back to 1 default profile: "default"
10:54:05.704 [restartedMain] INFO  o.s.d.r.c.RepositoryConfigurationDelegate - Bootstrapping Spring Data JPA repositories in DEFAULT mode.
10:54:05.973 [restartedMain] INFO  o.s.d.r.c.RepositoryConfigurationDelegate - Finished Spring Data repository scanning in 255 ms. Found 1 JPA repository interfaces.
10:54:06.339 [restartedMain] INFO  o.s.cloud.context.scope.GenericScope - BeanFactory id=2615fba1-6132-35e5-95f3-750289286465
10:54:07.677 [restartedMain] INFO  o.s.b.w.e.tomcat.TomcatWebServer - Tomcat initialized with port(s): 9002 (http)
10:54:07.699 [restartedMain] INFO  o.a.coyote.http11.Http11NioProtocol - Initializing ProtocolHandler ["http-nio-9002"]
10:54:07.703 [restartedMain] INFO  o.a.catalina.core.StandardService - Starting service [Tomcat]
10:54:07.703 [restartedMain] INFO  o.a.catalina.core.StandardEngine - Starting Servlet engine: [Apache Tomcat/9.0.78]
10:54:08.522 [restartedMain] INFO  o.a.c.c.C.[Tomcat].[localhost].[/] - Initializing Spring embedded WebApplicationContext
10:54:08.524 [restartedMain] INFO  o.s.b.w.s.c.ServletWebServerApplicationContext - Root WebApplicationContext: initialization completed in 4470 ms
10:54:08.597 [restartedMain] INFO  com.zaxxer.hikari.HikariDataSource - HikariPool-1 - Starting...
10:54:09.067 [restartedMain] INFO  com.zaxxer.hikari.HikariDataSource - HikariPool-1 - Start completed.
10:54:09.094 [restartedMain] INFO  o.s.b.a.h.H2ConsoleAutoConfiguration - H2 console available at '/h2-console'. Database available at 'jdbc:postgresql://localhost:5432/authentication'
10:54:09.450 [restartedMain] INFO  o.h.jpa.internal.util.LogHelper - HHH000204: Processing PersistenceUnitInfo [name: default]
10:54:09.689 [restartedMain] INFO  org.hibernate.Version - HHH000412: Hibernate ORM core version 5.6.15.Final
10:54:10.211 [restartedMain] INFO  o.h.annotations.common.Version - HCANN000001: Hibernate Commons Annotations {5.1.2.Final}
10:54:10.546 [restartedMain] INFO  org.hibernate.dialect.Dialect - HHH000400: Using dialect: org.hibernate.dialect.PostgreSQLDialect
10:54:12.532 [restartedMain] INFO  o.h.e.t.j.p.i.JtaPlatformInitiator - HHH000490: Using JtaPlatform implementation: [org.hibernate.engine.transaction.jta.platform.internal.NoJtaPlatform]
10:54:12.554 [restartedMain] INFO  o.s.o.j.LocalContainerEntityManagerFactoryBean - Initialized JPA EntityManagerFactory for persistence unit 'default'
10:54:13.810 [restartedMain] WARN  o.s.b.a.o.j.JpaBaseConfiguration$JpaWebConfiguration - spring.jpa.open-in-view is enabled by default. Therefore, database queries may be performed during view rendering. Explicitly configure spring.jpa.open-in-view to disable this warning
10:54:14.843 [restartedMain] WARN  o.s.b.d.a.OptionalLiveReloadServer - Unable to start LiveReload server
10:54:15.227 [restartedMain] INFO  o.s.c.n.e.c.DiscoveryClientOptionalArgsConfiguration - Eureka HTTP Client uses RestTemplate.
10:54:16.687 [restartedMain] WARN  o.s.c.l.c.LoadBalancerCacheAutoConfiguration$LoadBalancerCaffeineWarnLogger - Spring Cloud LoadBalancer is currently working with the default cache. While this cache implementation is useful for development and tests, it's recommended to use Caffeine cache in production.You can switch to using Caffeine cache, by adding it and org.springframework.cache.caffeine.CaffeineCacheManager to the classpath.
10:54:16.846 [restartedMain] INFO  o.s.c.n.eureka.InstanceInfoFactory - Setting initial instance status as: STARTING
10:54:16.945 [restartedMain] INFO  c.netflix.discovery.DiscoveryClient - Initializing Eureka in region us-east-1
10:54:16.956 [restartedMain] INFO  c.n.d.s.r.aws.ConfigClusterResolver - Resolving eureka endpoints via configuration
10:54:17.008 [restartedMain] INFO  c.netflix.discovery.DiscoveryClient - Disable delta property : false
10:54:17.008 [restartedMain] INFO  c.netflix.discovery.DiscoveryClient - Single vip registry refresh property : null
10:54:17.010 [restartedMain] INFO  c.netflix.discovery.DiscoveryClient - Force full registry fetch : false
10:54:17.011 [restartedMain] INFO  c.netflix.discovery.DiscoveryClient - Application is null : false
10:54:17.011 [restartedMain] INFO  c.netflix.discovery.DiscoveryClient - Registered Applications size is zero : true
10:54:17.011 [restartedMain] INFO  c.netflix.discovery.DiscoveryClient - Application version is -1: true
10:54:17.011 [restartedMain] INFO  c.netflix.discovery.DiscoveryClient - Getting all instance registry info from the eureka server
10:54:17.618 [restartedMain] INFO  c.netflix.discovery.DiscoveryClient - The response status is 200
10:54:17.623 [restartedMain] INFO  c.netflix.discovery.DiscoveryClient - Starting heartbeat executor: renew interval is: 30
10:54:17.630 [restartedMain] INFO  c.n.discovery.InstanceInfoReplicator - InstanceInfoReplicator onDemand update allowed rate per min is 4
10:54:17.639 [restartedMain] INFO  c.netflix.discovery.DiscoveryClient - Discovery Client initialized at timestamp 1696310657637 with initial instances count: 5
10:54:17.645 [restartedMain] INFO  o.s.c.n.e.s.EurekaServiceRegistry - Registering application UMS-EMPLOYEE-SERVICE with eureka with status UP
10:54:17.645 [restartedMain] INFO  c.netflix.discovery.DiscoveryClient - Saw local status change event StatusChangeEvent [timestamp=1696310657645, current=UP, previous=STARTING]
10:54:17.650 [DiscoveryClient-InstanceInfoReplicator-0] INFO  c.netflix.discovery.DiscoveryClient - DiscoveryClient_UMS-EMPLOYEE-SERVICE/IKCON1049:UMS-EMPLOYEE-SERVICE:9002: registering service...
10:54:17.651 [restartedMain] INFO  o.a.coyote.http11.Http11NioProtocol - Starting ProtocolHandler ["http-nio-9002"]
10:54:17.735 [restartedMain] INFO  o.s.b.w.e.tomcat.TomcatWebServer - Tomcat started on port(s): 9002 (http) with context path ''
10:54:17.737 [restartedMain] INFO  o.s.c.n.e.s.EurekaAutoServiceRegistration - Updating port to 9002
10:54:17.759 [DiscoveryClient-InstanceInfoReplicator-0] INFO  c.netflix.discovery.DiscoveryClient - DiscoveryClient_UMS-EMPLOYEE-SERVICE/IKCON1049:UMS-EMPLOYEE-SERVICE:9002 - registration status: 204
10:54:18.084 [restartedMain] INFO  c.i.u.e.UMSEmployeeServiceApplication - Started UMSEmployeeServiceApplication in 18.715 seconds (JVM running for 22.312)
10:55:26.410 [http-nio-9002-exec-1] INFO  o.a.c.c.C.[Tomcat].[localhost].[/] - Initializing Spring DispatcherServlet 'dispatcherServlet'
10:55:26.410 [http-nio-9002-exec-1] INFO  o.s.web.servlet.DispatcherServlet - Initializing Servlet 'dispatcherServlet'
10:55:26.413 [http-nio-9002-exec-1] INFO  o.s.web.servlet.DispatcherServlet - Completed initialization in 3 ms
10:55:26.503 [http-nio-9002-exec-1] INFO  c.i.u.e.c.EmployeeController - EmployeeController.getEmployeeDetailsWithDepartment() ENTERED : email : Vaishnav.P@ikcontech.com
10:55:28.649 [http-nio-9002-exec-2] INFO  c.i.u.e.c.EmployeeController - EmployeeController.getEmployeeDetailsWithDepartment() ENTERED : email : Vaishnav.P@ikcontech.com
10:55:32.775 [http-nio-9002-exec-3] INFO  c.i.u.e.c.EmployeeController - EmployeeController.getEmployeeDetailsWithDepartment() ENTERED : email : Vaishnav.P@ikcontech.com
10:55:35.399 [http-nio-9002-exec-6] INFO  c.i.u.e.c.EmployeeController - EmployeeController.getEmployeeDetailsWithDepartment() ENTERED : email : Vaishnav.P@ikcontech.com
10:55:39.093 [http-nio-9002-exec-7] INFO  c.i.u.e.c.EmployeeController - EmployeeController.getEmployeeDetailsWithDepartment() ENTERED : email : Vaishnav.P@ikcontech.com
10:55:43.741 [http-nio-9002-exec-10] INFO  c.i.u.e.c.EmployeeController - EmployeeController.getEmployeeDetailsWithDepartment() ENTERED : email : Vaishnav.P@ikcontech.com
10:55:44.969 [http-nio-9002-exec-4] INFO  c.i.u.e.c.EmployeeController - EmployeeController.getEmployeeDetailsWithDepartment() ENTERED : email : Vaishnav.P@ikcontech.com
10:55:48.248 [http-nio-9002-exec-5] INFO  c.i.u.e.c.EmployeeController - EmployeeController.getEmployeeDetailsWithDepartment() ENTERED : email : Vaishnav.P@ikcontech.com
10:59:17.028 [AsyncResolver-bootstrap-executor-0] INFO  c.n.d.s.r.aws.ConfigClusterResolver - Resolving eureka endpoints via configuration
11:03:48.159 [http-nio-9002-exec-9] INFO  c.i.u.e.c.EmployeeController - EmployeeController.getEmployeeDetailsWithDepartment() ENTERED : email : Vaishnav.P@ikcontech.com
11:04:17.032 [AsyncResolver-bootstrap-executor-0] INFO  c.n.d.s.r.aws.ConfigClusterResolver - Resolving eureka endpoints via configuration
11:04:34.540 [http-nio-9002-exec-1] INFO  c.i.u.e.c.EmployeeController - EmployeeController.getEmployeeDetailsWithDepartment() ENTERED : email : Vaishnav.P@ikcontech.com
11:05:02.568 [http-nio-9002-exec-2] INFO  c.i.u.e.c.EmployeeController - EmployeeController.getEmployeeDetailsWithDepartment() ENTERED : email : Vaishnav.P@ikcontech.com
11:05:27.657 [http-nio-9002-exec-3] INFO  c.i.u.e.c.EmployeeController - EmployeeController.getEmployeeDetailsWithDepartment() ENTERED : email : Vaishnav.P@ikcontech.com
11:09:17.037 [AsyncResolver-bootstrap-executor-0] INFO  c.n.d.s.r.aws.ConfigClusterResolver - Resolving eureka endpoints via configuration
11:13:01.518 [http-nio-9002-exec-7] INFO  c.i.u.e.c.EmployeeController - EmployeeController.getEmployeeDetailsWithDepartment() ENTERED : email : Vaishnav.P@ikcontech.com
11:13:19.285 [http-nio-9002-exec-10] INFO  c.i.u.e.c.EmployeeController - EmployeeController.getEmployeeDetailsWithDepartment() ENTERED : email : Vaishnav.P@ikcontech.com
11:13:23.260 [http-nio-9002-exec-4] INFO  c.i.u.e.c.EmployeeController - EmployeeController.getEmployeeDetailsWithDepartment() ENTERED : email : Vaishnav.P@ikcontech.com
11:13:50.028 [http-nio-9002-exec-5] INFO  c.i.u.e.c.EmployeeController - EmployeeController.getEmployeeDetailsWithDepartment() ENTERED : email : Vaishnav.P@ikcontech.com
11:15:35.614 [AsyncResolver-bootstrap-executor-0] INFO  c.n.d.s.r.aws.ConfigClusterResolver - Resolving eureka endpoints via configuration
11:15:58.028 [HikariPool-1 housekeeper] WARN  com.zaxxer.hikari.pool.HikariPool - HikariPool-1 - Thread starvation or clock leap detected (housekeeper delta=1m50s979ms945µs600ns).
11:16:16.119 [http-nio-9002-exec-9] INFO  c.i.u.e.c.EmployeeController - EmployeeController.getEmployeeDetailsWithDepartment() ENTERED : email : Vaishnav.P@ikcontech.com
11:18:47.900 [http-nio-9002-exec-2] INFO  c.i.u.e.c.EmployeeController - EmployeeController.getEmployeeDetailsWithDepartment() ENTERED : email : Vaishnav.P@ikcontech.com
11:20:35.621 [AsyncResolver-bootstrap-executor-0] INFO  c.n.d.s.r.aws.ConfigClusterResolver - Resolving eureka endpoints via configuration
11:25:35.625 [AsyncResolver-bootstrap-executor-0] INFO  c.n.d.s.r.aws.ConfigClusterResolver - Resolving eureka endpoints via configuration
11:29:05.262 [http-nio-9002-exec-6] INFO  c.i.u.e.c.EmployeeController - EmployeeController.getEmployeeDetailsWithDepartment() ENTERED : email : Vaishnav.P@ikcontech.com
11:29:31.996 [http-nio-9002-exec-7] INFO  c.i.u.e.c.EmployeeController - EmployeeController.getEmployeeDetailsWithDepartment() ENTERED : email : Vaishnav.P@ikcontech.com
11:30:04.552 [http-nio-9002-exec-10] INFO  c.i.u.e.c.EmployeeController - EmployeeController.getEmployeeDetailsWithDepartment() ENTERED : email : Vaishnav.P@ikcontech.com
11:30:19.761 [http-nio-9002-exec-4] INFO  c.i.u.e.c.EmployeeController - EmployeeController.getEmployeeDetailsWithDepartment() ENTERED : email : Vaishnav.P@ikcontech.com
11:30:24.376 [http-nio-9002-exec-5] INFO  c.i.u.e.c.EmployeeController - EmployeeController.getEmployeeDetailsWithDepartment() ENTERED : email : Vaishnav.P@ikcontech.com
11:30:35.631 [AsyncResolver-bootstrap-executor-0] INFO  c.n.d.s.r.aws.ConfigClusterResolver - Resolving eureka endpoints via configuration
11:35:35.647 [AsyncResolver-bootstrap-executor-0] INFO  c.n.d.s.r.aws.ConfigClusterResolver - Resolving eureka endpoints via configuration
11:39:50.234 [http-nio-9002-exec-9] INFO  c.i.u.e.c.EmployeeController - EmployeeController.getEmployeeDetailsWithDepartment() ENTERED : email : Vaishnav.P@ikcontech.com
11:40:35.671 [AsyncResolver-bootstrap-executor-0] INFO  c.n.d.s.r.aws.ConfigClusterResolver - Resolving eureka endpoints via configuration
11:42:24.247 [http-nio-9002-exec-2] INFO  c.i.u.e.c.EmployeeController - EmployeeController.getEmployeeDetailsWithDepartment() ENTERED : email : Vaishnav.P@ikcontech.com
11:42:48.823 [http-nio-9002-exec-3] INFO  c.i.u.e.c.EmployeeController - EmployeeController.getEmployeeDetailsWithDepartment() ENTERED : email : Vaishnav.P@ikcontech.com
11:43:17.222 [http-nio-9002-exec-6] INFO  c.i.u.e.c.EmployeeController - EmployeeController.getEmployeeDetailsWithDepartment() ENTERED : email : Vaishnav.P@ikcontech.com
11:44:01.386 [http-nio-9002-exec-7] INFO  c.i.u.e.c.EmployeeController - EmployeeController.getEmployeeDetailsWithDepartment() ENTERED : email : Vaishnav.P@ikcontech.com
11:44:15.795 [http-nio-9002-exec-10] INFO  c.i.u.e.c.EmployeeController - EmployeeController.getEmployeeDetailsWithDepartment() ENTERED : email : Vaishnav.P@ikcontech.com
11:45:35.684 [AsyncResolver-bootstrap-executor-0] INFO  c.n.d.s.r.aws.ConfigClusterResolver - Resolving eureka endpoints via configuration
11:46:21.807 [http-nio-9002-exec-5] INFO  c.i.u.e.c.EmployeeController - EmployeeController.getEmployeeDetailsWithDepartment() ENTERED : email : Vaishnav.P@ikcontech.com
11:46:54.973 [http-nio-9002-exec-8] INFO  c.i.u.e.c.EmployeeController - EmployeeController.getEmployeeDetailsWithDepartment() ENTERED : email : Vaishnav.P@ikcontech.com
11:50:35.697 [AsyncResolver-bootstrap-executor-0] INFO  c.n.d.s.r.aws.ConfigClusterResolver - Resolving eureka endpoints via configuration
11:55:35.725 [AsyncResolver-bootstrap-executor-0] INFO  c.n.d.s.r.aws.ConfigClusterResolver - Resolving eureka endpoints via configuration
12:00:35.742 [AsyncResolver-bootstrap-executor-0] INFO  c.n.d.s.r.aws.ConfigClusterResolver - Resolving eureka endpoints via configuration
12:03:26.677 [http-nio-9002-exec-1] INFO  c.i.u.e.c.EmployeeController - EmployeeController.getEmployeeDetailsWithDepartment() ENTERED : email : Vaishnav.P@ikcontech.com
12:03:27.081 [http-nio-9002-exec-2] INFO  c.i.u.e.c.EmployeeController - EmployeeController.getEmployeeDetailsWithDepartment() ENTERED : email : Vaishnav.P@ikcontech.com
12:03:35.183 [http-nio-9002-exec-3] INFO  c.i.u.e.c.EmployeeController - EmployeeController.getEmployeeDetailsWithDepartment() ENTERED : email : Vaishnav.P@ikcontech.com
12:03:38.530 [http-nio-9002-exec-6] INFO  c.i.u.e.c.EmployeeController - EmployeeController.getEmployeeDetailsWithDepartment() ENTERED : email : Vaishnav.P@ikcontech.com
12:03:41.363 [http-nio-9002-exec-7] INFO  c.i.u.e.c.EmployeeController - EmployeeController.getEmployeeDetailsWithDepartment() ENTERED : email : Vaishnav.P@ikcontech.com
12:03:42.428 [http-nio-9002-exec-10] INFO  c.i.u.e.c.EmployeeController - EmployeeController.getEmployeeDetailsWithDepartment() ENTERED : email : Vaishnav.P@ikcontech.com
12:03:45.340 [http-nio-9002-exec-4] INFO  c.i.u.e.c.EmployeeController - EmployeeController.getEmployeeDetailsWithDepartment() ENTERED : email : Vaishnav.P@ikcontech.com
12:03:48.418 [http-nio-9002-exec-5] INFO  c.i.u.e.c.EmployeeController - EmployeeController.getEmployeeDetailsWithDepartment() ENTERED : email : Vaishnav.P@ikcontech.com
12:03:59.760 [http-nio-9002-exec-8] INFO  c.i.u.e.c.EmployeeController - EmployeeController.getEmployeeDetailsWithDepartment() ENTERED : email : Vaishnav.P@ikcontech.com
12:04:02.605 [http-nio-9002-exec-9] INFO  c.i.u.e.c.EmployeeController - EmployeeController.getEmployeeDetailsWithDepartment() ENTERED : email : Vaishnav.P@ikcontech.com
12:05:35.748 [AsyncResolver-bootstrap-executor-0] INFO  c.n.d.s.r.aws.ConfigClusterResolver - Resolving eureka endpoints via configuration
12:10:35.756 [AsyncResolver-bootstrap-executor-0] INFO  c.n.d.s.r.aws.ConfigClusterResolver - Resolving eureka endpoints via configuration
12:10:57.490 [http-nio-9002-exec-2] INFO  c.i.u.e.c.EmployeeController - EmployeeController.getEmployeeDetailsWithDepartment() ENTERED : email : Vaishnav.P@ikcontech.com
12:11:08.530 [http-nio-9002-exec-3] INFO  c.i.u.e.c.EmployeeController - EmployeeController.getEmployeeDetailsWithDepartment() ENTERED : email : Vaishnav.P@ikcontech.com
12:15:35.766 [AsyncResolver-bootstrap-executor-0] INFO  c.n.d.s.r.aws.ConfigClusterResolver - Resolving eureka endpoints via configuration
12:18:58.602 [http-nio-9002-exec-7] INFO  c.i.u.e.c.EmployeeController - EmployeeController.getEmployeeDetailsWithDepartment() ENTERED : email : Vaishnav.P@ikcontech.com
12:18:59.241 [http-nio-9002-exec-10] INFO  c.i.u.e.c.EmployeeController - EmployeeController.getEmployeeDetailsWithDepartment() ENTERED : email : Vaishnav.P@ikcontech.com
12:19:06.640 [http-nio-9002-exec-4] INFO  c.i.u.e.c.EmployeeController - EmployeeController.getEmployeeDetailsWithDepartment() ENTERED : email : Vaishnav.P@ikcontech.com
12:20:27.447 [http-nio-9002-exec-8] INFO  c.i.u.e.c.EmployeeController - EmployeeController.getEmployeeDetailsWithDepartment() ENTERED : email : Vaishnav.P@ikcontech.com
12:20:35.792 [AsyncResolver-bootstrap-executor-0] INFO  c.n.d.s.r.aws.ConfigClusterResolver - Resolving eureka endpoints via configuration
12:22:23.155 [http-nio-9002-exec-1] INFO  c.i.u.e.c.EmployeeController - EmployeeController.getEmployeeDetailsWithDepartment() ENTERED : email : Vaishnav.P@ikcontech.com
12:22:23.882 [http-nio-9002-exec-2] INFO  c.i.u.e.c.EmployeeController - EmployeeController.getEmployeeDetailsWithDepartment() ENTERED : email : Vaishnav.P@ikcontech.com
12:22:55.459 [http-nio-9002-exec-3] INFO  c.i.u.e.c.EmployeeController - EmployeeController.getEmployeeDetailsWithDepartment() ENTERED : email : Vaishnav.P@ikcontech.com
12:23:00.237 [http-nio-9002-exec-6] INFO  c.i.u.e.c.EmployeeController - EmployeeController.getEmployeeDetailsWithDepartment() ENTERED : email : Vaishnav.P@ikcontech.com
12:23:13.440 [http-nio-9002-exec-7] INFO  c.i.u.e.c.EmployeeController - EmployeeController.getEmployeeDetailsWithDepartment() ENTERED : email : Vaishnav.P@ikcontech.com
12:23:13.520 [http-nio-9002-exec-10] INFO  c.i.u.e.c.EmployeeController - EmployeeController.getEmployeeDetailsWithDepartment() ENTERED : email : Vaishnav.P@ikcontech.com
12:25:19.495 [http-nio-9002-exec-5] INFO  c.i.u.e.c.EmployeeController - EmployeeController.getEmployeeDetailsWithDepartment() ENTERED : email : Vaishnav.P@ikcontech.com
12:25:35.805 [AsyncResolver-bootstrap-executor-0] INFO  c.n.d.s.r.aws.ConfigClusterResolver - Resolving eureka endpoints via configuration
12:30:35.815 [AsyncResolver-bootstrap-executor-0] INFO  c.n.d.s.r.aws.ConfigClusterResolver - Resolving eureka endpoints via configuration
12:35:35.834 [AsyncResolver-bootstrap-executor-0] INFO  c.n.d.s.r.aws.ConfigClusterResolver - Resolving eureka endpoints via configuration
12:37:18.069 [http-nio-9002-exec-9] INFO  c.i.u.e.c.EmployeeController - EmployeeController.getEmployeeDetailsWithDepartment() ENTERED : email : Vaishnav.P@ikcontech.com
12:40:28.018 [http-nio-9002-exec-2] INFO  c.i.u.e.c.EmployeeController - EmployeeController.getEmployeeDetailsWithDepartment() ENTERED : email : Vaishnav.P@ikcontech.com
12:40:35.839 [AsyncResolver-bootstrap-executor-0] INFO  c.n.d.s.r.aws.ConfigClusterResolver - Resolving eureka endpoints via configuration
12:42:58.048 [http-nio-9002-exec-6] INFO  c.i.u.e.c.EmployeeController - EmployeeController.getEmployeeDetailsWithDepartment() ENTERED : email : Vaishnav.P@ikcontech.com
12:42:58.247 [http-nio-9002-exec-7] INFO  c.i.u.e.c.EmployeeController - EmployeeController.getEmployeeDetailsWithDepartment() ENTERED : email : Vaishnav.P@ikcontech.com
12:43:05.781 [http-nio-9002-exec-10] INFO  c.i.u.e.c.EmployeeController - EmployeeController.getEmployeeDetailsWithDepartment() ENTERED : email : Vaishnav.P@ikcontech.com
12:43:37.820 [http-nio-9002-exec-4] INFO  c.i.u.e.c.EmployeeController - EmployeeController.getEmployeeDetailsWithDepartment() ENTERED : email : Vaishnav.P@ikcontech.com
12:45:35.846 [AsyncResolver-bootstrap-executor-0] INFO  c.n.d.s.r.aws.ConfigClusterResolver - Resolving eureka endpoints via configuration
12:46:39.019 [http-nio-9002-exec-8] INFO  c.i.u.e.c.EmployeeController - EmployeeController.getEmployeeDetailsWithDepartment() ENTERED : email : Vaishnav.P@ikcontech.com
12:47:47.189 [http-nio-9002-exec-1] INFO  c.i.u.e.c.EmployeeController - EmployeeController.getEmployeeDetailsWithDepartment() ENTERED : email : Vaishnav.P@ikcontech.com
12:48:23.711 [http-nio-9002-exec-2] INFO  c.i.u.e.c.EmployeeController - EmployeeController.getEmployeeDetailsWithDepartment() ENTERED : email : Vaishnav.P@ikcontech.com
12:48:45.887 [http-nio-9002-exec-3] INFO  c.i.u.e.c.EmployeeController - EmployeeController.getEmployeeDetailsWithDepartment() ENTERED : email : Vaishnav.P@ikcontech.com
12:49:21.573 [http-nio-9002-exec-6] INFO  c.i.u.e.c.EmployeeController - EmployeeController.getEmployeeDetailsWithDepartment() ENTERED : email : Vaishnav.P@ikcontech.com
12:49:46.712 [http-nio-9002-exec-7] INFO  c.i.u.e.c.EmployeeController - EmployeeController.getEmployeeDetailsWithDepartment() ENTERED : email : Vaishnav.P@ikcontech.com
12:49:57.772 [http-nio-9002-exec-10] INFO  c.i.u.e.c.EmployeeController - EmployeeController.getEmployeeDetailsWithDepartment() ENTERED : email : Vaishnav.P@ikcontech.com
12:50:35.856 [AsyncResolver-bootstrap-executor-0] INFO  c.n.d.s.r.aws.ConfigClusterResolver - Resolving eureka endpoints via configuration
12:51:19.964 [http-nio-9002-exec-5] INFO  c.i.u.e.c.EmployeeController - EmployeeController.getEmployeeDetailsWithDepartment() ENTERED : email : Vaishnav.P@ikcontech.com
12:51:28.293 [http-nio-9002-exec-8] INFO  c.i.u.e.c.EmployeeController - EmployeeController.getEmployeeDetailsWithDepartment() ENTERED : email : Vaishnav.P@ikcontech.com
12:55:35.870 [AsyncResolver-bootstrap-executor-0] INFO  c.n.d.s.r.aws.ConfigClusterResolver - Resolving eureka endpoints via configuration
12:55:42.429 [http-nio-9002-exec-1] INFO  c.i.u.e.c.EmployeeController - EmployeeController.getEmployeeDetailsWithDepartment() ENTERED : email : Vaishnav.P@ikcontech.com
12:56:20.136 [http-nio-9002-exec-2] INFO  c.i.u.e.c.EmployeeController - EmployeeController.getEmployeeDetailsWithDepartment() ENTERED : email : Vaishnav.P@ikcontech.com
12:56:35.881 [http-nio-9002-exec-3] INFO  c.i.u.e.c.EmployeeController - EmployeeController.getEmployeeDetailsWithDepartment() ENTERED : email : Vaishnav.P@ikcontech.com
12:56:47.002 [http-nio-9002-exec-6] INFO  c.i.u.e.c.EmployeeController - EmployeeController.getEmployeeDetailsWithDepartment() ENTERED : email : Vaishnav.P@ikcontech.com
12:58:30.627 [http-nio-9002-exec-10] INFO  c.i.u.e.c.EmployeeController - EmployeeController.getEmployeeDetailsWithDepartment() ENTERED : email : Vaishnav.P@ikcontech.com
12:58:39.098 [http-nio-9002-exec-4] INFO  c.i.u.e.c.EmployeeController - EmployeeController.getEmployeeDetailsWithDepartment() ENTERED : email : Vaishnav.P@ikcontech.com
12:59:26.055 [http-nio-9002-exec-5] INFO  c.i.u.e.c.EmployeeController - EmployeeController.getEmployeeDetailsWithDepartment() ENTERED : email : Vaishnav.P@ikcontech.com
12:59:42.187 [http-nio-9002-exec-8] INFO  c.i.u.e.c.EmployeeController - EmployeeController.getEmployeeDetailsWithDepartment() ENTERED : email : Vaishnav.P@ikcontech.com
13:00:35.692 [http-nio-9002-exec-9] INFO  c.i.u.e.c.EmployeeController - EmployeeController.getEmployeeDetailsWithDepartment() ENTERED : email : Vaishnav.P@ikcontech.com
13:00:35.872 [AsyncResolver-bootstrap-executor-0] INFO  c.n.d.s.r.aws.ConfigClusterResolver - Resolving eureka endpoints via configuration
13:00:45.638 [http-nio-9002-exec-1] INFO  c.i.u.e.c.EmployeeController - EmployeeController.getEmployeeDetailsWithDepartment() ENTERED : email : Vaishnav.P@ikcontech.com
13:01:49.097 [http-nio-9002-exec-3] INFO  c.i.u.e.c.EmployeeController - EmployeeController.getEmployeeDetailsWithDepartment() ENTERED : email : Vaishnav.P@ikcontech.com
13:01:57.615 [http-nio-9002-exec-6] INFO  c.i.u.e.c.EmployeeController - EmployeeController.getEmployeeDetailsWithDepartment() ENTERED : email : Vaishnav.P@ikcontech.com
13:02:10.853 [http-nio-9002-exec-7] INFO  c.i.u.e.c.EmployeeController - EmployeeController.getEmployeeDetailsWithDepartment() ENTERED : email : Vaishnav.P@ikcontech.com
13:03:09.851 [http-nio-9002-exec-10] INFO  c.i.u.e.c.EmployeeController - EmployeeController.getEmployeeDetailsWithDepartment() ENTERED : email : Vaishnav.P@ikcontech.com
13:03:17.960 [http-nio-9002-exec-4] INFO  c.i.u.e.c.EmployeeController - EmployeeController.getEmployeeDetailsWithDepartment() ENTERED : email : Vaishnav.P@ikcontech.com
13:03:53.297 [http-nio-9002-exec-5] INFO  c.i.u.e.c.EmployeeController - EmployeeController.getEmployeeDetailsWithDepartment() ENTERED : email : Vaishnav.P@ikcontech.com
13:05:26.689 [http-nio-9002-exec-9] INFO  c.i.u.e.c.EmployeeController - EmployeeController.getEmployeeDetailsWithDepartment() ENTERED : email : Vaishnav.P@ikcontech.com
13:05:35.887 [AsyncResolver-bootstrap-executor-0] INFO  c.n.d.s.r.aws.ConfigClusterResolver - Resolving eureka endpoints via configuration
13:05:38.958 [http-nio-9002-exec-1] INFO  c.i.u.e.c.EmployeeController - EmployeeController.getEmployeeDetailsWithDepartment() ENTERED : email : Vaishnav.P@ikcontech.com
13:06:37.835 [http-nio-9002-exec-2] INFO  c.i.u.e.c.EmployeeController - EmployeeController.getEmployeeDetailsWithDepartment() ENTERED : email : Vaishnav.P@ikcontech.com
13:06:54.842 [http-nio-9002-exec-3] INFO  c.i.u.e.c.EmployeeController - EmployeeController.getEmployeeDetailsWithDepartment() ENTERED : email : Vaishnav.P@ikcontech.com
13:07:14.623 [http-nio-9002-exec-6] INFO  c.i.u.e.c.EmployeeController - EmployeeController.getEmployeeDetailsWithDepartment() ENTERED : email : Vaishnav.P@ikcontech.com
13:10:35.901 [AsyncResolver-bootstrap-executor-0] INFO  c.n.d.s.r.aws.ConfigClusterResolver - Resolving eureka endpoints via configuration
13:14:00.235 [http-nio-9002-exec-10] INFO  c.i.u.e.c.EmployeeController - EmployeeController.getEmployeeDetailsWithDepartment() ENTERED : email : Vaishnav.P@ikcontech.com
13:14:20.418 [http-nio-9002-exec-4] INFO  c.i.u.e.c.EmployeeController - EmployeeController.getEmployeeDetailsWithDepartment() ENTERED : email : Vaishnav.P@ikcontech.com
13:15:37.403 [AsyncResolver-bootstrap-executor-0] INFO  c.n.d.s.r.aws.ConfigClusterResolver - Resolving eureka endpoints via configuration
13:15:38.494 [http-nio-9002-exec-8] INFO  c.i.u.e.c.EmployeeController - EmployeeController.getEmployeeDetailsWithDepartment() ENTERED : email : Vaishnav.P@ikcontech.com
13:15:45.093 [http-nio-9002-exec-9] INFO  c.i.u.e.c.EmployeeController - EmployeeController.getEmployeeDetailsWithDepartment() ENTERED : email : Vaishnav.P@ikcontech.com
13:17:18.187 [http-nio-9002-exec-2] INFO  c.i.u.e.c.EmployeeController - EmployeeController.getEmployeeDetailsWithDepartment() ENTERED : email : Vaishnav.P@ikcontech.com
13:18:03.857 [http-nio-9002-exec-3] INFO  c.i.u.e.c.EmployeeController - EmployeeController.getEmployeeDetailsWithDepartment() ENTERED : email : Vaishnav.P@ikcontech.com
13:19:28.221 [http-nio-9002-exec-7] INFO  c.i.u.e.c.EmployeeController - EmployeeController.getEmployeeDetailsWithDepartment() ENTERED : email : Vaishnav.P@ikcontech.com
13:19:44.464 [http-nio-9002-exec-10] INFO  c.i.u.e.c.EmployeeController - EmployeeController.getEmployeeDetailsWithDepartment() ENTERED : email : Vaishnav.P@ikcontech.com
13:20:37.418 [AsyncResolver-bootstrap-executor-0] INFO  c.n.d.s.r.aws.ConfigClusterResolver - Resolving eureka endpoints via configuration
13:22:32.208 [http-nio-9002-exec-5] INFO  c.i.u.e.c.EmployeeController - EmployeeController.getEmployeeDetailsWithDepartment() ENTERED : email : Vaishnav.P@ikcontech.com
13:23:55.867 [http-nio-9002-exec-9] INFO  c.i.u.e.c.EmployeeController - EmployeeController.getEmployeeDetailsWithDepartment() ENTERED : email : Vaishnav.P@ikcontech.com
13:24:44.656 [http-nio-9002-exec-1] INFO  c.i.u.e.c.EmployeeController - EmployeeController.getEmployeeDetailsWithDepartment() ENTERED : email : Vaishnav.P@ikcontech.com
13:25:05.141 [http-nio-9002-exec-2] INFO  c.i.u.e.c.EmployeeController - EmployeeController.getEmployeeDetailsWithDepartment() ENTERED : email : Vaishnav.P@ikcontech.com
13:25:37.434 [AsyncResolver-bootstrap-executor-0] INFO  c.n.d.s.r.aws.ConfigClusterResolver - Resolving eureka endpoints via configuration
13:25:39.776 [http-nio-9002-exec-3] INFO  c.i.u.e.c.EmployeeController - EmployeeController.getEmployeeDetailsWithDepartment() ENTERED : email : Vaishnav.P@ikcontech.com
13:27:19.352 [http-nio-9002-exec-7] INFO  c.i.u.e.c.EmployeeController - EmployeeController.getEmployeeDetailsWithDepartment() ENTERED : email : Vaishnav.P@ikcontech.com
13:27:49.625 [http-nio-9002-exec-10] INFO  c.i.u.e.c.EmployeeController - EmployeeController.getEmployeeDetailsWithDepartment() ENTERED : email : Vaishnav.P@ikcontech.com
13:29:13.144 [http-nio-9002-exec-5] INFO  c.i.u.e.c.EmployeeController - EmployeeController.getEmployeeDetailsWithDepartment() ENTERED : email : Vaishnav.P@ikcontech.com
13:29:38.661 [http-nio-9002-exec-8] INFO  c.i.u.e.c.EmployeeController - EmployeeController.getEmployeeDetailsWithDepartment() ENTERED : email : Vaishnav.P@ikcontech.com
13:30:37.473 [AsyncResolver-bootstrap-executor-0] INFO  c.n.d.s.r.aws.ConfigClusterResolver - Resolving eureka endpoints via configuration
13:31:16.450 [http-nio-9002-exec-1] INFO  c.i.u.e.c.EmployeeController - EmployeeController.getEmployeeDetailsWithDepartment() ENTERED : email : Vaishnav.P@ikcontech.com
13:31:51.365 [http-nio-9002-exec-2] INFO  c.i.u.e.c.EmployeeController - EmployeeController.getEmployeeDetailsWithDepartment() ENTERED : email : Vaishnav.P@ikcontech.com
13:32:47.339 [http-nio-9002-exec-3] INFO  c.i.u.e.c.EmployeeController - EmployeeController.getEmployeeDetailsWithDepartment() ENTERED : email : Vaishnav.P@ikcontech.com
13:33:03.484 [http-nio-9002-exec-6] INFO  c.i.u.e.c.EmployeeController - EmployeeController.getEmployeeDetailsWithDepartment() ENTERED : email : Vaishnav.P@ikcontech.com
13:33:19.955 [http-nio-9002-exec-7] INFO  c.i.u.e.c.EmployeeController - EmployeeController.getEmployeeDetailsWithDepartment() ENTERED : email : Vaishnav.P@ikcontech.com
13:33:42.947 [http-nio-9002-exec-10] INFO  c.i.u.e.c.EmployeeController - EmployeeController.getEmployeeDetailsWithDepartment() ENTERED : email : Vaishnav.P@ikcontech.com
13:33:52.481 [http-nio-9002-exec-4] INFO  c.i.u.e.c.EmployeeController - EmployeeController.getEmployeeDetailsWithDepartment() ENTERED : email : Vaishnav.P@ikcontech.com
13:34:14.017 [http-nio-9002-exec-5] INFO  c.i.u.e.c.EmployeeController - EmployeeController.getEmployeeDetailsWithDepartment() ENTERED : email : Vaishnav.P@ikcontech.com
13:34:17.860 [http-nio-9002-exec-8] INFO  c.i.u.e.c.EmployeeController - EmployeeController.getEmployeeDetailsWithDepartment() ENTERED : email : Vaishnav.P@ikcontech.com
13:34:24.377 [http-nio-9002-exec-9] INFO  c.i.u.e.c.EmployeeController - EmployeeController.getEmployeeDetailsWithDepartment() ENTERED : email : Vaishnav.P@ikcontech.com
13:34:27.573 [http-nio-9002-exec-1] INFO  c.i.u.e.c.EmployeeController - EmployeeController.getEmployeeDetailsWithDepartment() ENTERED : email : Vaishnav.P@ikcontech.com
13:34:30.481 [http-nio-9002-exec-2] INFO  c.i.u.e.c.EmployeeController - EmployeeController.getEmployeeDetailsWithDepartment() ENTERED : email : Vaishnav.P@ikcontech.com
13:35:37.488 [AsyncResolver-bootstrap-executor-0] INFO  c.n.d.s.r.aws.ConfigClusterResolver - Resolving eureka endpoints via configuration
13:38:58.329 [http-nio-9002-exec-6] INFO  c.i.u.e.c.EmployeeController - EmployeeController.getEmployeeDetailsWithDepartment() ENTERED : email : Vaishnav.P@ikcontech.com
13:40:37.508 [AsyncResolver-bootstrap-executor-0] INFO  c.n.d.s.r.aws.ConfigClusterResolver - Resolving eureka endpoints via configuration
13:45:37.512 [AsyncResolver-bootstrap-executor-0] INFO  c.n.d.s.r.aws.ConfigClusterResolver - Resolving eureka endpoints via configuration
13:50:37.527 [AsyncResolver-bootstrap-executor-0] INFO  c.n.d.s.r.aws.ConfigClusterResolver - Resolving eureka endpoints via configuration
14:27:02.481 [HikariPool-1 housekeeper] WARN  com.zaxxer.hikari.pool.HikariPool - HikariPool-1 - Thread starvation or clock leap detected (housekeeper delta=34m29s970ms61µs100ns).
14:29:37.506 [AsyncResolver-bootstrap-executor-0] INFO  c.n.d.s.r.aws.ConfigClusterResolver - Resolving eureka endpoints via configuration
14:34:37.519 [AsyncResolver-bootstrap-executor-0] INFO  c.n.d.s.r.aws.ConfigClusterResolver - Resolving eureka endpoints via configuration
14:38:00.011 [http-nio-9002-exec-10] INFO  c.i.u.e.c.EmployeeController - EmployeeController.getEmployeeDetailsWithDepartment() ENTERED : email : Vaishnav.P@ikcontech.com
14:38:04.572 [http-nio-9002-exec-4] INFO  c.i.u.e.c.EmployeeController - EmployeeController.getEmployeeDetailsWithDepartment() ENTERED : email : Vaishnav.P@ikcontech.com
14:39:37.554 [AsyncResolver-bootstrap-executor-0] INFO  c.n.d.s.r.aws.ConfigClusterResolver - Resolving eureka endpoints via configuration
14:39:56.095 [http-nio-9002-exec-8] INFO  c.i.u.e.c.EmployeeController - EmployeeController.getEmployeeDetailsWithDepartment() ENTERED : email : Vaishnav.P@ikcontech.com
14:40:07.885 [http-nio-9002-exec-9] INFO  c.i.u.e.c.EmployeeController - EmployeeController.getEmployeeDetailsWithDepartment() ENTERED : email : Vaishnav.P@ikcontech.com
14:40:29.556 [http-nio-9002-exec-1] INFO  c.i.u.e.c.EmployeeController - EmployeeController.getEmployeeDetailsWithDepartment() ENTERED : email : Vaishnav.P@ikcontech.com
14:41:01.959 [http-nio-9002-exec-2] INFO  c.i.u.e.c.EmployeeController - EmployeeController.getEmployeeDetailsWithDepartment() ENTERED : email : Vaishnav.P@ikcontech.com
14:41:15.679 [http-nio-9002-exec-3] INFO  c.i.u.e.c.EmployeeController - EmployeeController.getEmployeeDetailsWithDepartment() ENTERED : email : Vaishnav.P@ikcontech.com
14:41:25.619 [http-nio-9002-exec-6] INFO  c.i.u.e.c.EmployeeController - EmployeeController.getEmployeeDetailsWithDepartment() ENTERED : email : Vaishnav.P@ikcontech.com
14:41:34.250 [http-nio-9002-exec-7] INFO  c.i.u.e.c.EmployeeController - EmployeeController.getEmployeeDetailsWithDepartment() ENTERED : email : Vaishnav.P@ikcontech.com
14:41:45.316 [http-nio-9002-exec-10] INFO  c.i.u.e.c.EmployeeController - EmployeeController.getEmployeeDetailsWithDepartment() ENTERED : email : Vaishnav.P@ikcontech.com
14:41:57.983 [http-nio-9002-exec-4] INFO  c.i.u.e.c.EmployeeController - EmployeeController.getEmployeeDetailsWithDepartment() ENTERED : email : Vaishnav.P@ikcontech.com
14:42:11.144 [http-nio-9002-exec-5] INFO  c.i.u.e.c.EmployeeController - EmployeeController.getEmployeeDetailsWithDepartment() ENTERED : email : Vaishnav.P@ikcontech.com
14:42:56.011 [http-nio-9002-exec-8] INFO  c.i.u.e.c.EmployeeController - EmployeeController.getEmployeeDetailsWithDepartment() ENTERED : email : Vaishnav.P@ikcontech.com
14:43:21.622 [http-nio-9002-exec-9] INFO  c.i.u.e.c.EmployeeController - EmployeeController.getEmployeeDetailsWithDepartment() ENTERED : email : Vaishnav.P@ikcontech.com
14:43:31.213 [http-nio-9002-exec-1] INFO  c.i.u.e.c.EmployeeController - EmployeeController.getEmployeeDetailsWithDepartment() ENTERED : email : Vaishnav.P@ikcontech.com
14:43:38.195 [http-nio-9002-exec-2] INFO  c.i.u.e.c.EmployeeController - EmployeeController.getEmployeeDetailsWithDepartment() ENTERED : email : Vaishnav.P@ikcontech.com
14:43:50.439 [http-nio-9002-exec-3] INFO  c.i.u.e.c.EmployeeController - EmployeeController.getEmployeeDetailsWithDepartment() ENTERED : email : Vaishnav.P@ikcontech.com
14:44:16.005 [http-nio-9002-exec-6] INFO  c.i.u.e.c.EmployeeController - EmployeeController.getEmployeeDetailsWithDepartment() ENTERED : email : Vaishnav.P@ikcontech.com
14:44:36.785 [http-nio-9002-exec-7] INFO  c.i.u.e.c.EmployeeController - EmployeeController.getEmployeeDetailsWithDepartment() ENTERED : email : Vaishnav.P@ikcontech.com
14:44:37.567 [AsyncResolver-bootstrap-executor-0] INFO  c.n.d.s.r.aws.ConfigClusterResolver - Resolving eureka endpoints via configuration
14:44:45.803 [http-nio-9002-exec-10] INFO  c.i.u.e.c.EmployeeController - EmployeeController.getEmployeeDetailsWithDepartment() ENTERED : email : Vaishnav.P@ikcontech.com
14:45:06.325 [http-nio-9002-exec-4] INFO  c.i.u.e.c.EmployeeController - EmployeeController.getEmployeeDetailsWithDepartment() ENTERED : email : Vaishnav.P@ikcontech.com
14:45:30.185 [http-nio-9002-exec-5] INFO  c.i.u.e.c.EmployeeController - EmployeeController.getEmployeeDetailsWithDepartment() ENTERED : email : Vaishnav.P@ikcontech.com
14:45:53.875 [http-nio-9002-exec-8] INFO  c.i.u.e.c.EmployeeController - EmployeeController.getEmployeeDetailsWithDepartment() ENTERED : email : Vaishnav.P@ikcontech.com
14:46:28.411 [http-nio-9002-exec-9] INFO  c.i.u.e.c.EmployeeController - EmployeeController.getEmployeeDetailsWithDepartment() ENTERED : email : Vaishnav.P@ikcontech.com
14:47:14.992 [http-nio-9002-exec-1] INFO  c.i.u.e.c.EmployeeController - EmployeeController.getEmployeeDetailsWithDepartment() ENTERED : email : Vaishnav.P@ikcontech.com
14:47:32.930 [http-nio-9002-exec-2] INFO  c.i.u.e.c.EmployeeController - EmployeeController.getEmployeeDetailsWithDepartment() ENTERED : email : Vaishnav.P@ikcontech.com
14:47:47.805 [http-nio-9002-exec-3] INFO  c.i.u.e.c.EmployeeController - EmployeeController.getEmployeeDetailsWithDepartment() ENTERED : email : Vaishnav.P@ikcontech.com
14:48:12.373 [http-nio-9002-exec-6] INFO  c.i.u.e.c.EmployeeController - EmployeeController.getEmployeeDetailsWithDepartment() ENTERED : email : Vaishnav.P@ikcontech.com
14:48:45.852 [http-nio-9002-exec-7] INFO  c.i.u.e.c.EmployeeController - EmployeeController.getEmployeeDetailsWithDepartment() ENTERED : email : Vaishnav.P@ikcontech.com
14:49:37.568 [AsyncResolver-bootstrap-executor-0] INFO  c.n.d.s.r.aws.ConfigClusterResolver - Resolving eureka endpoints via configuration
14:50:29.321 [http-nio-9002-exec-4] INFO  c.i.u.e.c.EmployeeController - EmployeeController.getEmployeeDetailsWithDepartment() ENTERED : email : Vaishnav.P@ikcontech.com
14:51:38.485 [http-nio-9002-exec-8] INFO  c.i.u.e.c.EmployeeController - EmployeeController.getEmployeeDetailsWithDepartment() ENTERED : email : Vaishnav.P@ikcontech.com
14:51:59.017 [http-nio-9002-exec-9] INFO  c.i.u.e.c.EmployeeController - EmployeeController.getEmployeeDetailsWithDepartment() ENTERED : email : Vaishnav.P@ikcontech.com
14:53:44.299 [http-nio-9002-exec-2] INFO  c.i.u.e.c.EmployeeController - EmployeeController.getEmployeeDetailsWithDepartment() ENTERED : email : Vaishnav.P@ikcontech.com
14:54:03.645 [http-nio-9002-exec-3] INFO  c.i.u.e.c.EmployeeController - EmployeeController.getEmployeeDetailsWithDepartment() ENTERED : email : Vaishnav.P@ikcontech.com
14:54:31.782 [http-nio-9002-exec-6] INFO  c.i.u.e.c.EmployeeController - EmployeeController.getEmployeeDetailsWithDepartment() ENTERED : email : Vaishnav.P@ikcontech.com
14:54:37.595 [AsyncResolver-bootstrap-executor-0] INFO  c.n.d.s.r.aws.ConfigClusterResolver - Resolving eureka endpoints via configuration
14:54:47.566 [http-nio-9002-exec-7] INFO  c.i.u.e.c.EmployeeController - EmployeeController.getEmployeeDetailsWithDepartment() ENTERED : email : Vaishnav.P@ikcontech.com
14:55:05.417 [http-nio-9002-exec-10] INFO  c.i.u.e.c.EmployeeController - EmployeeController.getEmployeeDetailsWithDepartment() ENTERED : email : Vaishnav.P@ikcontech.com
14:55:17.006 [http-nio-9002-exec-4] INFO  c.i.u.e.c.EmployeeController - EmployeeController.getEmployeeDetailsWithDepartment() ENTERED : email : Vaishnav.P@ikcontech.com
14:57:33.862 [http-nio-9002-exec-8] INFO  c.i.u.e.c.EmployeeController - EmployeeController.getEmployeeDetailsWithDepartment() ENTERED : email : Vaishnav.P@ikcontech.com
14:58:57.827 [http-nio-9002-exec-1] INFO  c.i.u.e.c.EmployeeController - EmployeeController.getEmployeeDetailsWithDepartment() ENTERED : email : Vaishnav.P@ikcontech.com
14:59:16.734 [http-nio-9002-exec-2] INFO  c.i.u.e.c.EmployeeController - EmployeeController.getEmployeeDetailsWithDepartment() ENTERED : email : Vaishnav.P@ikcontech.com
14:59:37.618 [AsyncResolver-bootstrap-executor-0] INFO  c.n.d.s.r.aws.ConfigClusterResolver - Resolving eureka endpoints via configuration
14:59:56.946 [http-nio-9002-exec-3] INFO  c.i.u.e.c.EmployeeController - EmployeeController.getEmployeeDetailsWithDepartment() ENTERED : email : Vaishnav.P@ikcontech.com
15:04:37.627 [AsyncResolver-bootstrap-executor-0] INFO  c.n.d.s.r.aws.ConfigClusterResolver - Resolving eureka endpoints via configuration
15:05:08.204 [http-nio-9002-exec-7] INFO  c.i.u.e.c.EmployeeController - EmployeeController.getEmployeeDetailsWithDepartment() ENTERED : email : Vaishnav.P@ikcontech.com
15:05:33.783 [http-nio-9002-exec-10] INFO  c.i.u.e.c.EmployeeController - EmployeeController.getEmployeeDetailsWithDepartment() ENTERED : email : Vaishnav.P@ikcontech.com
15:05:45.776 [http-nio-9002-exec-4] INFO  c.i.u.e.c.EmployeeController - EmployeeController.getEmployeeDetailsWithDepartment() ENTERED : email : Vaishnav.P@ikcontech.com
15:08:30.582 [http-nio-9002-exec-8] INFO  c.i.u.e.c.EmployeeController - EmployeeController.getEmployeeDetailsWithDepartment() ENTERED : email : Vaishnav.P@ikcontech.com
15:09:37.642 [AsyncResolver-bootstrap-executor-0] INFO  c.n.d.s.r.aws.ConfigClusterResolver - Resolving eureka endpoints via configuration
15:12:11.396 [http-nio-9002-exec-1] INFO  c.i.u.e.c.EmployeeController - EmployeeController.getEmployeeDetailsWithDepartment() ENTERED : email : Vaishnav.P@ikcontech.com
15:13:17.703 [http-nio-9002-exec-3] INFO  c.i.u.e.c.EmployeeController - EmployeeController.getEmployeeDetailsWithDepartment() ENTERED : email : Vaishnav.P@ikcontech.com
15:14:37.648 [AsyncResolver-bootstrap-executor-0] INFO  c.n.d.s.r.aws.ConfigClusterResolver - Resolving eureka endpoints via configuration
15:18:26.588 [http-nio-9002-exec-7] INFO  c.i.u.e.c.EmployeeController - EmployeeController.getEmployeeDetailsWithDepartment() ENTERED : email : Vaishnav.P@ikcontech.com
15:19:37.650 [AsyncResolver-bootstrap-executor-0] INFO  c.n.d.s.r.aws.ConfigClusterResolver - Resolving eureka endpoints via configuration
15:22:23.216 [http-nio-9002-exec-4] INFO  c.i.u.e.c.EmployeeController - EmployeeController.getEmployeeDetailsWithDepartment() ENTERED : email : Vaishnav.P@ikcontech.com
15:22:55.879 [http-nio-9002-exec-5] INFO  c.i.u.e.c.EmployeeController - EmployeeController.getEmployeeDetailsWithDepartment() ENTERED : email : Vaishnav.P@ikcontech.com
15:23:11.430 [http-nio-9002-exec-8] INFO  c.i.u.e.c.EmployeeController - EmployeeController.getEmployeeDetailsWithDepartment() ENTERED : email : Vaishnav.P@ikcontech.com
15:23:22.482 [http-nio-9002-exec-9] INFO  c.i.u.e.c.EmployeeController - EmployeeController.getEmployeeDetailsWithDepartment() ENTERED : email : Vaishnav.P@ikcontech.com
15:23:50.538 [http-nio-9002-exec-1] INFO  c.i.u.e.c.EmployeeController - EmployeeController.getEmployeeDetailsWithDepartment() ENTERED : email : Vaishnav.P@ikcontech.com
15:24:10.398 [http-nio-9002-exec-2] INFO  c.i.u.e.c.EmployeeController - EmployeeController.getEmployeeDetailsWithDepartment() ENTERED : email : Vaishnav.P@ikcontech.com
15:24:37.661 [AsyncResolver-bootstrap-executor-0] INFO  c.n.d.s.r.aws.ConfigClusterResolver - Resolving eureka endpoints via configuration
15:24:39.637 [http-nio-9002-exec-3] INFO  c.i.u.e.c.EmployeeController - EmployeeController.getEmployeeDetailsWithDepartment() ENTERED : email : Vaishnav.P@ikcontech.com
15:25:10.230 [http-nio-9002-exec-6] INFO  c.i.u.e.c.EmployeeController - EmployeeController.getEmployeeDetailsWithDepartment() ENTERED : email : Vaishnav.P@ikcontech.com
15:25:14.759 [http-nio-9002-exec-7] INFO  c.i.u.e.c.EmployeeController - EmployeeController.getEmployeeDetailsWithDepartment() ENTERED : email : Vaishnav.P@ikcontech.com
15:29:37.668 [AsyncResolver-bootstrap-executor-0] INFO  c.n.d.s.r.aws.ConfigClusterResolver - Resolving eureka endpoints via configuration
15:32:27.496 [http-nio-9002-exec-4] INFO  c.i.u.e.c.EmployeeController - EmployeeController.getEmployeeDetailsWithDepartment() ENTERED : email : Vaishnav.P@ikcontech.com
15:34:37.673 [AsyncResolver-bootstrap-executor-0] INFO  c.n.d.s.r.aws.ConfigClusterResolver - Resolving eureka endpoints via configuration
15:39:37.679 [AsyncResolver-bootstrap-executor-0] INFO  c.n.d.s.r.aws.ConfigClusterResolver - Resolving eureka endpoints via configuration
15:43:50.927 [http-nio-9002-exec-8] INFO  c.i.u.e.c.EmployeeController - EmployeeController.getEmployeeDetailsWithDepartment() ENTERED : email : Vaishnav.P@ikcontech.com
15:44:37.685 [AsyncResolver-bootstrap-executor-0] INFO  c.n.d.s.r.aws.ConfigClusterResolver - Resolving eureka endpoints via configuration
15:45:02.033 [http-nio-9002-exec-1] INFO  c.i.u.e.c.EmployeeController - EmployeeController.getEmployeeDetailsWithDepartment() ENTERED : email : Vaishnav.P@ikcontech.com
15:45:36.134 [http-nio-9002-exec-2] INFO  c.i.u.e.c.EmployeeController - EmployeeController.getEmployeeDetailsWithDepartment() ENTERED : email : Vaishnav.P@ikcontech.com
15:46:08.978 [http-nio-9002-exec-3] INFO  c.i.u.e.c.EmployeeController - EmployeeController.getEmployeeDetailsWithDepartment() ENTERED : email : Vaishnav.P@ikcontech.com
15:46:20.954 [http-nio-9002-exec-6] INFO  c.i.u.e.c.EmployeeController - EmployeeController.getEmployeeDetailsWithDepartment() ENTERED : email : Vaishnav.P@ikcontech.com
15:46:53.432 [http-nio-9002-exec-7] INFO  c.i.u.e.c.EmployeeController - EmployeeController.getEmployeeDetailsWithDepartment() ENTERED : email : Vaishnav.P@ikcontech.com
15:47:20.749 [http-nio-9002-exec-10] INFO  c.i.u.e.c.EmployeeController - EmployeeController.getEmployeeDetailsWithDepartment() ENTERED : email : Vaishnav.P@ikcontech.com
15:47:57.819 [http-nio-9002-exec-4] INFO  c.i.u.e.c.EmployeeController - EmployeeController.getEmployeeDetailsWithDepartment() ENTERED : email : Vaishnav.P@ikcontech.com
15:48:59.941 [http-nio-9002-exec-8] INFO  c.i.u.e.c.EmployeeController - EmployeeController.getEmployeeDetailsWithDepartment() ENTERED : email : Vaishnav.P@ikcontech.com
15:49:25.651 [http-nio-9002-exec-9] INFO  c.i.u.e.c.EmployeeController - EmployeeController.getEmployeeDetailsWithDepartment() ENTERED : email : Vaishnav.P@ikcontech.com
15:49:37.692 [AsyncResolver-bootstrap-executor-0] INFO  c.n.d.s.r.aws.ConfigClusterResolver - Resolving eureka endpoints via configuration
15:50:26.448 [http-nio-9002-exec-2] INFO  c.i.u.e.c.EmployeeController - EmployeeController.getEmployeeDetailsWithDepartment() ENTERED : email : Vaishnav.P@ikcontech.com
15:50:46.557 [http-nio-9002-exec-3] INFO  c.i.u.e.c.EmployeeController - EmployeeController.getEmployeeDetailsWithDepartment() ENTERED : email : Vaishnav.P@ikcontech.com
15:52:08.955 [http-nio-9002-exec-7] INFO  c.i.u.e.c.EmployeeController - EmployeeController.getEmployeeDetailsWithDepartment() ENTERED : email : Vaishnav.P@ikcontech.com
15:52:31.892 [http-nio-9002-exec-10] INFO  c.i.u.e.c.EmployeeController - EmployeeController.getEmployeeDetailsWithDepartment() ENTERED : email : Vaishnav.P@ikcontech.com
15:53:00.128 [http-nio-9002-exec-4] INFO  c.i.u.e.c.EmployeeController - EmployeeController.getEmployeeDetailsWithDepartment() ENTERED : email : Vaishnav.P@ikcontech.com
15:54:11.051 [http-nio-9002-exec-8] INFO  c.i.u.e.c.EmployeeController - EmployeeController.getEmployeeDetailsWithDepartment() ENTERED : email : Vaishnav.P@ikcontech.com
15:54:35.630 [http-nio-9002-exec-9] INFO  c.i.u.e.c.EmployeeController - EmployeeController.getEmployeeDetailsWithDepartment() ENTERED : email : Vaishnav.P@ikcontech.com
15:54:37.572 [http-nio-9002-exec-1] INFO  c.i.u.e.c.EmployeeController - EmployeeController.getEmployeeDetailsWithDepartment() ENTERED : email : Vaishnav.P@ikcontech.com
15:54:37.693 [AsyncResolver-bootstrap-executor-0] INFO  c.n.d.s.r.aws.ConfigClusterResolver - Resolving eureka endpoints via configuration
15:55:09.651 [http-nio-9002-exec-2] INFO  c.i.u.e.c.EmployeeController - EmployeeController.getEmployeeDetailsWithDepartment() ENTERED : email : Vaishnav.P@ikcontech.com
15:57:52.010 [http-nio-9002-exec-6] INFO  c.i.u.e.c.EmployeeController - EmployeeController.getEmployeeDetailsWithDepartment() ENTERED : email : Vaishnav.P@ikcontech.com
15:58:30.798 [http-nio-9002-exec-7] INFO  c.i.u.e.c.EmployeeController - EmployeeController.getEmployeeDetailsWithDepartment() ENTERED : email : Vaishnav.P@ikcontech.com
15:58:55.724 [http-nio-9002-exec-10] INFO  c.i.u.e.c.EmployeeController - EmployeeController.getEmployeeDetailsWithDepartment() ENTERED : email : Vaishnav.P@ikcontech.com
15:59:12.426 [http-nio-9002-exec-4] INFO  c.i.u.e.c.EmployeeController - EmployeeController.getEmployeeDetailsWithDepartment() ENTERED : email : Vaishnav.P@ikcontech.com
15:59:37.698 [AsyncResolver-bootstrap-executor-0] INFO  c.n.d.s.r.aws.ConfigClusterResolver - Resolving eureka endpoints via configuration
15:59:52.247 [http-nio-9002-exec-5] INFO  c.i.u.e.c.EmployeeController - EmployeeController.getEmployeeDetailsWithDepartment() ENTERED : email : Vaishnav.P@ikcontech.com
16:01:06.162 [http-nio-9002-exec-9] INFO  c.i.u.e.c.EmployeeController - EmployeeController.getEmployeeDetailsWithDepartment() ENTERED : email : Vaishnav.P@ikcontech.com
16:01:34.410 [http-nio-9002-exec-1] INFO  c.i.u.e.c.EmployeeController - EmployeeController.getEmployeeDetailsWithDepartment() ENTERED : email : Vaishnav.P@ikcontech.com
16:04:37.703 [AsyncResolver-bootstrap-executor-0] INFO  c.n.d.s.r.aws.ConfigClusterResolver - Resolving eureka endpoints via configuration
16:04:56.474 [http-nio-9002-exec-3] INFO  c.i.u.e.c.EmployeeController - EmployeeController.getEmployeeDetailsWithDepartment() ENTERED : email : Vaishnav.P@ikcontech.com
16:05:48.213 [http-nio-9002-exec-6] INFO  c.i.u.e.c.EmployeeController - EmployeeController.getEmployeeDetailsWithDepartment() ENTERED : email : Vaishnav.P@ikcontech.com
16:06:06.908 [http-nio-9002-exec-7] INFO  c.i.u.e.c.EmployeeController - EmployeeController.getEmployeeDetailsWithDepartment() ENTERED : email : Vaishnav.P@ikcontech.com
16:06:59.944 [http-nio-9002-exec-10] INFO  c.i.u.e.c.EmployeeController - EmployeeController.getEmployeeDetailsWithDepartment() ENTERED : email : Vaishnav.P@ikcontech.com
16:08:11.055 [http-nio-9002-exec-5] INFO  c.i.u.e.c.EmployeeController - EmployeeController.getEmployeeDetailsWithDepartment() ENTERED : email : Vaishnav.P@ikcontech.com
16:08:29.332 [http-nio-9002-exec-8] INFO  c.i.u.e.c.EmployeeController - EmployeeController.getEmployeeDetailsWithDepartment() ENTERED : email : Vaishnav.P@ikcontech.com
16:09:37.712 [AsyncResolver-bootstrap-executor-0] INFO  c.n.d.s.r.aws.ConfigClusterResolver - Resolving eureka endpoints via configuration
16:10:54.335 [http-nio-9002-exec-1] INFO  c.i.u.e.c.EmployeeController - EmployeeController.getEmployeeDetailsWithDepartment() ENTERED : email : Vaishnav.P@ikcontech.com
16:11:39.096 [http-nio-9002-exec-2] INFO  c.i.u.e.c.EmployeeController - EmployeeController.getEmployeeDetailsWithDepartment() ENTERED : email : Vaishnav.P@ikcontech.com
16:12:21.197 [http-nio-9002-exec-3] INFO  c.i.u.e.c.EmployeeController - EmployeeController.getEmployeeDetailsWithDepartment() ENTERED : email : Vaishnav.P@ikcontech.com
16:12:58.728 [http-nio-9002-exec-6] INFO  c.i.u.e.c.EmployeeController - EmployeeController.getEmployeeDetailsWithDepartment() ENTERED : email : Vaishnav.P@ikcontech.com
16:13:50.617 [http-nio-9002-exec-7] INFO  c.i.u.e.c.EmployeeController - EmployeeController.getEmployeeDetailsWithDepartment() ENTERED : email : Vaishnav.P@ikcontech.com
16:14:37.724 [AsyncResolver-bootstrap-executor-0] INFO  c.n.d.s.r.aws.ConfigClusterResolver - Resolving eureka endpoints via configuration
16:15:53.613 [http-nio-9002-exec-4] INFO  c.i.u.e.c.EmployeeController - EmployeeController.getEmployeeDetailsWithDepartment() ENTERED : email : Vaishnav.P@ikcontech.com
16:16:11.542 [http-nio-9002-exec-5] INFO  c.i.u.e.c.EmployeeController - EmployeeController.getEmployeeDetailsWithDepartment() ENTERED : email : Vaishnav.P@ikcontech.com
16:16:33.180 [http-nio-9002-exec-8] INFO  c.i.u.e.c.EmployeeController - EmployeeController.getEmployeeDetailsWithDepartment() ENTERED : email : Vaishnav.P@ikcontech.com
16:17:23.172 [http-nio-9002-exec-9] INFO  c.i.u.e.c.EmployeeController - EmployeeController.getEmployeeDetailsWithDepartment() ENTERED : email : Vaishnav.P@ikcontech.com
16:17:44.748 [http-nio-9002-exec-1] INFO  c.i.u.e.c.EmployeeController - EmployeeController.getEmployeeDetailsWithDepartment() ENTERED : email : Vaishnav.P@ikcontech.com
16:18:47.641 [http-nio-9002-exec-3] INFO  c.i.u.e.c.EmployeeController - EmployeeController.getEmployeeDetailsWithDepartment() ENTERED : email : Vaishnav.P@ikcontech.com
16:19:37.737 [AsyncResolver-bootstrap-executor-0] INFO  c.n.d.s.r.aws.ConfigClusterResolver - Resolving eureka endpoints via configuration
16:24:37.745 [AsyncResolver-bootstrap-executor-0] INFO  c.n.d.s.r.aws.ConfigClusterResolver - Resolving eureka endpoints via configuration
16:24:47.125 [http-nio-9002-exec-7] INFO  c.i.u.e.c.EmployeeController - EmployeeController.getEmployeeDetailsWithDepartment() ENTERED : email : Vaishnav.P@ikcontech.com
16:29:37.758 [AsyncResolver-bootstrap-executor-0] INFO  c.n.d.s.r.aws.ConfigClusterResolver - Resolving eureka endpoints via configuration
16:30:32.693 [http-nio-9002-exec-4] INFO  c.i.u.e.c.EmployeeController - EmployeeController.getEmployeeDetailsWithDepartment() ENTERED : email : Vaishnav.P@ikcontech.com
16:33:23.864 [http-nio-9002-exec-8] INFO  c.i.u.e.c.EmployeeController - EmployeeController.getEmployeeDetailsWithDepartment() ENTERED : email : Vaishnav.P@ikcontech.com
16:34:37.777 [AsyncResolver-bootstrap-executor-0] INFO  c.n.d.s.r.aws.ConfigClusterResolver - Resolving eureka endpoints via configuration
16:35:59.150 [http-nio-9002-exec-1] INFO  c.i.u.e.c.EmployeeController - EmployeeController.getEmployeeDetailsWithDepartment() ENTERED : email : Vaishnav.P@ikcontech.com
16:38:01.005 [http-nio-9002-exec-3] INFO  c.i.u.e.c.EmployeeController - EmployeeController.getEmployeeDetailsWithDepartment() ENTERED : email : Vaishnav.P@ikcontech.com
16:39:29.211 [http-nio-9002-exec-7] INFO  c.i.u.e.c.EmployeeController - EmployeeController.getEmployeeDetailsWithDepartment() ENTERED : email : Vaishnav.P@ikcontech.com
16:39:37.781 [AsyncResolver-bootstrap-executor-0] INFO  c.n.d.s.r.aws.ConfigClusterResolver - Resolving eureka endpoints via configuration
16:40:06.092 [http-nio-9002-exec-10] INFO  c.i.u.e.c.EmployeeController - EmployeeController.getEmployeeDetailsWithDepartment() ENTERED : email : Vaishnav.P@ikcontech.com
16:40:18.312 [http-nio-9002-exec-4] INFO  c.i.u.e.c.EmployeeController - EmployeeController.getEmployeeDetailsWithDepartment() ENTERED : email : Vaishnav.P@ikcontech.com
16:44:37.796 [AsyncResolver-bootstrap-executor-0] INFO  c.n.d.s.r.aws.ConfigClusterResolver - Resolving eureka endpoints via configuration
16:47:05.965 [http-nio-9002-exec-8] INFO  c.i.u.e.c.EmployeeController - EmployeeController.getEmployeeDetailsWithDepartment() ENTERED : email : Vaishnav.P@ikcontech.com
16:47:17.987 [http-nio-9002-exec-9] INFO  c.i.u.e.c.EmployeeController - EmployeeController.getEmployeeDetailsWithDepartment() ENTERED : email : Vaishnav.P@ikcontech.com
16:47:31.552 [http-nio-9002-exec-1] INFO  c.i.u.e.c.EmployeeController - EmployeeController.getEmployeeDetailsWithDepartment() ENTERED : email : Vaishnav.P@ikcontech.com
16:49:37.811 [AsyncResolver-bootstrap-executor-0] INFO  c.n.d.s.r.aws.ConfigClusterResolver - Resolving eureka endpoints via configuration
16:54:37.821 [AsyncResolver-bootstrap-executor-0] INFO  c.n.d.s.r.aws.ConfigClusterResolver - Resolving eureka endpoints via configuration
16:57:59.481 [http-nio-9002-exec-3] INFO  c.i.u.e.c.EmployeeController - EmployeeController.getEmployeeDetailsWithDepartment() ENTERED : email : Vaishnav.P@ikcontech.com
16:58:47.167 [http-nio-9002-exec-6] INFO  c.i.u.e.c.EmployeeController - EmployeeController.getEmployeeDetailsWithDepartment() ENTERED : email : Vaishnav.P@ikcontech.com
16:59:37.844 [AsyncResolver-bootstrap-executor-0] INFO  c.n.d.s.r.aws.ConfigClusterResolver - Resolving eureka endpoints via configuration
16:59:43.215 [http-nio-9002-exec-7] INFO  c.i.u.e.c.EmployeeController - EmployeeController.getEmployeeDetailsWithDepartment() ENTERED : email : Vaishnav.P@ikcontech.com
17:00:04.081 [http-nio-9002-exec-10] INFO  c.i.u.e.c.EmployeeController - EmployeeController.getEmployeeDetailsWithDepartment() ENTERED : email : Vaishnav.P@ikcontech.com
17:00:27.268 [http-nio-9002-exec-4] INFO  c.i.u.e.c.EmployeeController - EmployeeController.getEmployeeDetailsWithDepartment() ENTERED : email : Vaishnav.P@ikcontech.com
17:01:16.613 [http-nio-9002-exec-5] INFO  c.i.u.e.c.EmployeeController - EmployeeController.getEmployeeDetailsWithDepartment() ENTERED : email : Vaishnav.P@ikcontech.com
17:04:18.205 [http-nio-9002-exec-9] INFO  c.i.u.e.c.EmployeeController - EmployeeController.getEmployeeDetailsWithDepartment() ENTERED : email : Vaishnav.P@ikcontech.com
17:04:22.693 [http-nio-9002-exec-1] INFO  c.i.u.e.c.EmployeeController - EmployeeController.getEmployeeDetailsWithDepartment() ENTERED : email : Vaishnav.P@ikcontech.com
17:04:35.157 [http-nio-9002-exec-2] INFO  c.i.u.e.c.EmployeeController - EmployeeController.getEmployeeDetailsWithDepartment() ENTERED : email : Vaishnav.P@ikcontech.com
17:04:37.863 [AsyncResolver-bootstrap-executor-0] INFO  c.n.d.s.r.aws.ConfigClusterResolver - Resolving eureka endpoints via configuration
17:05:24.248 [http-nio-9002-exec-3] INFO  c.i.u.e.c.EmployeeController - EmployeeController.getEmployeeDetailsWithDepartment() ENTERED : email : Vaishnav.P@ikcontech.com
17:05:43.315 [http-nio-9002-exec-6] INFO  c.i.u.e.c.EmployeeController - EmployeeController.getEmployeeDetailsWithDepartment() ENTERED : email : Vaishnav.P@ikcontech.com
17:05:56.778 [http-nio-9002-exec-7] INFO  c.i.u.e.c.EmployeeController - EmployeeController.getEmployeeDetailsWithDepartment() ENTERED : email : Vaishnav.P@ikcontech.com
17:09:32.796 [http-nio-9002-exec-4] INFO  c.i.u.e.c.EmployeeController - EmployeeController.getEmployeeDetailsWithDepartment() ENTERED : email : Vaishnav.P@ikcontech.com
17:09:37.934 [AsyncResolver-bootstrap-executor-0] INFO  c.n.d.s.r.aws.ConfigClusterResolver - Resolving eureka endpoints via configuration
17:14:37.951 [AsyncResolver-bootstrap-executor-0] INFO  c.n.d.s.r.aws.ConfigClusterResolver - Resolving eureka endpoints via configuration
17:15:38.890 [http-nio-9002-exec-8] INFO  c.i.u.e.c.EmployeeController - EmployeeController.getEmployeeDetailsWithDepartment() ENTERED : email : Vaishnav.P@ikcontech.com
17:17:56.013 [http-nio-9002-exec-1] INFO  c.i.u.e.c.EmployeeController - EmployeeController.getEmployeeDetailsWithDepartment() ENTERED : email : Vaishnav.P@ikcontech.com
17:18:56.010 [http-nio-9002-exec-2] INFO  c.i.u.e.c.EmployeeController - EmployeeController.getEmployeeDetailsWithDepartment() ENTERED : email : Vaishnav.P@ikcontech.com
17:19:37.956 [AsyncResolver-bootstrap-executor-0] INFO  c.n.d.s.r.aws.ConfigClusterResolver - Resolving eureka endpoints via configuration
17:19:56.365 [http-nio-9002-exec-6] INFO  c.i.u.e.c.EmployeeController - EmployeeController.getEmployeeDetailsWithDepartment() ENTERED : email : Vaishnav.P@ikcontech.com
17:24:40.118 [AsyncResolver-bootstrap-executor-0] INFO  c.n.d.s.r.aws.ConfigClusterResolver - Resolving eureka endpoints via configuration
17:34:15.116 [HikariPool-1 housekeeper] WARN  com.zaxxer.hikari.pool.HikariPool - HikariPool-1 - Thread starvation or clock leap detected (housekeeper delta=8m37s755ms249µs).
17:35:06.449 [http-nio-9002-exec-10] INFO  c.i.u.e.c.EmployeeController - EmployeeController.getEmployeeDetailsWithDepartment() ENTERED : email : Vaishnav.P@ikcontech.com
17:35:13.928 [http-nio-9002-exec-4] INFO  c.i.u.e.c.EmployeeController - EmployeeController.getEmployeeDetailsWithDepartment() ENTERED : email : Vaishnav.P@ikcontech.com
17:35:15.502 [http-nio-9002-exec-5] INFO  c.i.u.e.c.EmployeeController - EmployeeController.getEmployeeDetailsWithDepartment() ENTERED : email : Vaishnav.P@ikcontech.com
17:36:52.357 [http-nio-9002-exec-9] INFO  c.i.u.e.c.EmployeeController - EmployeeController.getEmployeeDetailsWithDepartment() ENTERED : email : Vaishnav.P@ikcontech.com
17:37:23.186 [http-nio-9002-exec-1] INFO  c.i.u.e.c.EmployeeController - EmployeeController.getEmployeeDetailsWithDepartment() ENTERED : email : Vaishnav.P@ikcontech.com
17:37:57.263 [http-nio-9002-exec-2] INFO  c.i.u.e.c.EmployeeController - EmployeeController.getEmployeeDetailsWithDepartment() ENTERED : email : Vaishnav.P@ikcontech.com
17:38:12.608 [AsyncResolver-bootstrap-executor-0] INFO  c.n.d.s.r.aws.ConfigClusterResolver - Resolving eureka endpoints via configuration
17:40:49.270 [http-nio-9002-exec-6] INFO  c.i.u.e.c.EmployeeController - EmployeeController.getEmployeeDetailsWithDepartment() ENTERED : email : Vaishnav.P@ikcontech.com
17:43:12.624 [AsyncResolver-bootstrap-executor-0] INFO  c.n.d.s.r.aws.ConfigClusterResolver - Resolving eureka endpoints via configuration
17:48:12.642 [AsyncResolver-bootstrap-executor-0] INFO  c.n.d.s.r.aws.ConfigClusterResolver - Resolving eureka endpoints via configuration
17:49:49.288 [http-nio-9002-exec-10] INFO  c.i.u.e.c.EmployeeController - EmployeeController.getEmployeeDetailsWithDepartment() ENTERED : email : Vaishnav.P@ikcontech.com
17:50:03.639 [http-nio-9002-exec-4] INFO  c.i.u.e.c.EmployeeController - EmployeeController.getEmployeeDetailsWithDepartment() ENTERED : email : Vaishnav.P@ikcontech.com
17:51:20.513 [http-nio-9002-exec-8] INFO  c.i.u.e.c.EmployeeController - EmployeeController.getEmployeeDetailsWithDepartment() ENTERED : email : Vaishnav.P@ikcontech.com
17:53:12.727 [AsyncResolver-bootstrap-executor-0] INFO  c.n.d.s.r.aws.ConfigClusterResolver - Resolving eureka endpoints via configuration
17:53:30.013 [http-nio-9002-exec-1] INFO  c.i.u.e.c.EmployeeController - EmployeeController.getEmployeeDetailsWithDepartment() ENTERED : email : Vaishnav.P@ikcontech.com
17:53:36.847 [http-nio-9002-exec-2] INFO  c.i.u.e.c.EmployeeController - EmployeeController.getEmployeeDetailsWithDepartment() ENTERED : email : Vaishnav.P@ikcontech.com
17:53:49.457 [http-nio-9002-exec-3] INFO  c.i.u.e.c.EmployeeController - EmployeeController.getEmployeeDetailsWithDepartment() ENTERED : email : Vaishnav.P@ikcontech.com
17:54:44.086 [http-nio-9002-exec-6] INFO  c.i.u.e.c.EmployeeController - EmployeeController.getEmployeeDetailsWithDepartment() ENTERED : email : Vaishnav.P@ikcontech.com
17:55:39.956 [http-nio-9002-exec-7] INFO  c.i.u.e.c.EmployeeController - EmployeeController.getEmployeeDetailsWithDepartment() ENTERED : email : Vaishnav.P@ikcontech.com
17:58:12.742 [AsyncResolver-bootstrap-executor-0] INFO  c.n.d.s.r.aws.ConfigClusterResolver - Resolving eureka endpoints via configuration
17:59:33.658 [http-nio-9002-exec-4] INFO  c.i.u.e.c.EmployeeController - EmployeeController.getEmployeeDetailsWithDepartment() ENTERED : email : Vaishnav.P@ikcontech.com
18:00:00.220 [http-nio-9002-exec-5] INFO  c.i.u.e.c.EmployeeController - EmployeeController.getEmployeeDetailsWithDepartment() ENTERED : email : Vaishnav.P@ikcontech.com
18:00:14.780 [http-nio-9002-exec-8] INFO  c.i.u.e.c.EmployeeController - EmployeeController.getEmployeeDetailsWithDepartment() ENTERED : email : Vaishnav.P@ikcontech.com
18:02:26.068 [http-nio-9002-exec-1] INFO  c.i.u.e.c.EmployeeController - EmployeeController.getEmployeeDetailsWithDepartment() ENTERED : email : Vaishnav.P@ikcontech.com
18:02:26.250 [http-nio-9002-exec-2] INFO  c.i.u.e.c.EmployeeController - EmployeeController.getEmployeeDetailsWithDepartment() ENTERED : email : Vaishnav.P@ikcontech.com
18:02:27.974 [http-nio-9002-exec-3] INFO  c.i.u.e.c.EmployeeController - EmployeeController.getEmployeeDetailsWithDepartment() ENTERED : email : Vaishnav.P@ikcontech.com
18:02:55.303 [http-nio-9002-exec-6] INFO  c.i.u.e.c.EmployeeController - EmployeeController.getEmployeeDetailsWithDepartment() ENTERED : email : Vaishnav.P@ikcontech.com
18:02:55.885 [http-nio-9002-exec-7] INFO  c.i.u.e.c.EmployeeController - EmployeeController.getEmployeeDetailsWithDepartment() ENTERED : email : Vaishnav.P@ikcontech.com
18:02:57.920 [http-nio-9002-exec-10] INFO  c.i.u.e.c.EmployeeController - EmployeeController.getEmployeeDetailsWithDepartment() ENTERED : email : Vaishnav.P@ikcontech.com
18:03:12.766 [AsyncResolver-bootstrap-executor-0] INFO  c.n.d.s.r.aws.ConfigClusterResolver - Resolving eureka endpoints via configuration
18:03:30.910 [http-nio-9002-exec-4] INFO  c.i.u.e.c.EmployeeController - EmployeeController.getEmployeeDetailsWithDepartment() ENTERED : email : Vaishnav.P@ikcontech.com
18:04:33.301 [http-nio-9002-exec-8] INFO  c.i.u.e.c.EmployeeController - EmployeeController.getEmployeeDetailsWithDepartment() ENTERED : email : Vaishnav.P@ikcontech.com
18:04:38.539 [http-nio-9002-exec-9] INFO  c.i.u.e.c.EmployeeController - EmployeeController.getEmployeeDetailsWithDepartment() ENTERED : email : Vaishnav.P@ikcontech.com
18:06:51.148 [http-nio-9002-exec-2] INFO  c.i.u.e.c.EmployeeController - EmployeeController.getEmployeeDetailsWithDepartment() ENTERED : email : Vaishnav.P@ikcontech.com
18:07:38.359 [http-nio-9002-exec-3] INFO  c.i.u.e.c.EmployeeController - EmployeeController.getEmployeeDetailsWithDepartment() ENTERED : email : Vaishnav.P@ikcontech.com
18:08:12.775 [AsyncResolver-bootstrap-executor-0] INFO  c.n.d.s.r.aws.ConfigClusterResolver - Resolving eureka endpoints via configuration
18:11:20.757 [http-nio-9002-exec-7] INFO  c.i.u.e.c.EmployeeController - EmployeeController.getEmployeeDetailsWithDepartment() ENTERED : email : Vaishnav.P@ikcontech.com
18:11:41.789 [http-nio-9002-exec-10] INFO  c.i.u.e.c.EmployeeController - EmployeeController.getEmployeeDetailsWithDepartment() ENTERED : email : Vaishnav.P@ikcontech.com
18:12:27.257 [http-nio-9002-exec-4] INFO  c.i.u.e.c.EmployeeController - EmployeeController.getEmployeeDetailsWithDepartment() ENTERED : email : Vaishnav.P@ikcontech.com
18:12:33.585 [http-nio-9002-exec-5] INFO  c.i.u.e.c.EmployeeController - EmployeeController.getEmployeeDetailsWithDepartment() ENTERED : email : Vaishnav.P@ikcontech.com
18:12:55.205 [http-nio-9002-exec-8] INFO  c.i.u.e.c.EmployeeController - EmployeeController.getEmployeeDetailsWithDepartment() ENTERED : email : Vaishnav.P@ikcontech.com
18:13:12.783 [AsyncResolver-bootstrap-executor-0] INFO  c.n.d.s.r.aws.ConfigClusterResolver - Resolving eureka endpoints via configuration
18:13:31.317 [http-nio-9002-exec-9] INFO  c.i.u.e.c.EmployeeController - EmployeeController.getEmployeeDetailsWithDepartment() ENTERED : email : Vaishnav.P@ikcontech.com
18:15:10.446 [http-nio-9002-exec-2] INFO  c.i.u.e.c.EmployeeController - EmployeeController.getEmployeeDetailsWithDepartment() ENTERED : email : Vaishnav.P@ikcontech.com
18:15:48.700 [http-nio-9002-exec-3] INFO  c.i.u.e.c.EmployeeController - EmployeeController.getEmployeeDetailsWithDepartment() ENTERED : email : Vaishnav.P@ikcontech.com
18:16:34.167 [http-nio-9002-exec-6] INFO  c.i.u.e.c.EmployeeController - EmployeeController.getEmployeeDetailsWithDepartment() ENTERED : email : Vaishnav.P@ikcontech.com
18:17:19.911 [http-nio-9002-exec-7] INFO  c.i.u.e.c.EmployeeController - EmployeeController.getEmployeeDetailsWithDepartment() ENTERED : email : Vaishnav.P@ikcontech.com
18:18:12.790 [AsyncResolver-bootstrap-executor-0] INFO  c.n.d.s.r.aws.ConfigClusterResolver - Resolving eureka endpoints via configuration
18:18:26.265 [http-nio-9002-exec-4] INFO  c.i.u.e.c.EmployeeController - EmployeeController.getEmployeeDetailsWithDepartment() ENTERED : email : Vaishnav.P@ikcontech.com
18:18:45.423 [http-nio-9002-exec-5] INFO  c.i.u.e.c.EmployeeController - EmployeeController.getEmployeeDetailsWithDepartment() ENTERED : email : Vaishnav.P@ikcontech.com
18:20:26.826 [http-nio-9002-exec-9] INFO  c.i.u.e.c.EmployeeController - EmployeeController.getEmployeeDetailsWithDepartment() ENTERED : email : Vaishnav.P@ikcontech.com
18:20:37.483 [http-nio-9002-exec-1] INFO  c.i.u.e.c.EmployeeController - EmployeeController.getEmployeeDetailsWithDepartment() ENTERED : email : Vaishnav.P@ikcontech.com
18:20:59.446 [http-nio-9002-exec-2] INFO  c.i.u.e.c.EmployeeController - EmployeeController.getEmployeeDetailsWithDepartment() ENTERED : email : Vaishnav.P@ikcontech.com
18:21:18.990 [http-nio-9002-exec-3] INFO  c.i.u.e.c.EmployeeController - EmployeeController.getEmployeeDetailsWithDepartment() ENTERED : email : Vaishnav.P@ikcontech.com
18:21:33.209 [http-nio-9002-exec-6] INFO  c.i.u.e.c.EmployeeController - EmployeeController.getEmployeeDetailsWithDepartment() ENTERED : email : Vaishnav.P@ikcontech.com
18:21:47.250 [http-nio-9002-exec-7] INFO  c.i.u.e.c.EmployeeController - EmployeeController.getEmployeeDetailsWithDepartment() ENTERED : email : Vaishnav.P@ikcontech.com
18:23:12.810 [AsyncResolver-bootstrap-executor-0] INFO  c.n.d.s.r.aws.ConfigClusterResolver - Resolving eureka endpoints via configuration
18:23:20.084 [http-nio-9002-exec-4] INFO  c.i.u.e.c.EmployeeController - EmployeeController.getEmployeeDetailsWithDepartment() ENTERED : email : Vaishnav.P@ikcontech.com
18:25:49.672 [http-nio-9002-exec-8] INFO  c.i.u.e.c.EmployeeController - EmployeeController.getEmployeeDetailsWithDepartment() ENTERED : email : Vaishnav.P@ikcontech.com
18:25:55.992 [http-nio-9002-exec-9] INFO  c.i.u.e.c.EmployeeController - EmployeeController.getEmployeeDetailsWithDepartment() ENTERED : email : Vaishnav.P@ikcontech.com
18:26:30.056 [http-nio-9002-exec-1] INFO  c.i.u.e.c.EmployeeController - EmployeeController.getEmployeeDetailsWithDepartment() ENTERED : email : Vaishnav.P@ikcontech.com
18:27:42.728 [http-nio-9002-exec-3] INFO  c.i.u.e.c.EmployeeController - EmployeeController.getEmployeeDetailsWithDepartment() ENTERED : email : Vaishnav.P@ikcontech.com
18:28:11.426 [http-nio-9002-exec-6] INFO  c.i.u.e.c.EmployeeController - EmployeeController.getEmployeeDetailsWithDepartment() ENTERED : email : Vaishnav.P@ikcontech.com
18:28:12.815 [AsyncResolver-bootstrap-executor-0] INFO  c.n.d.s.r.aws.ConfigClusterResolver - Resolving eureka endpoints via configuration
18:28:30.124 [http-nio-9002-exec-7] INFO  c.i.u.e.c.EmployeeController - EmployeeController.getEmployeeDetailsWithDepartment() ENTERED : email : Vaishnav.P@ikcontech.com
18:28:53.826 [http-nio-9002-exec-10] INFO  c.i.u.e.c.EmployeeController - EmployeeController.getEmployeeDetailsWithDepartment() ENTERED : email : Vaishnav.P@ikcontech.com
18:33:12.823 [AsyncResolver-bootstrap-executor-0] INFO  c.n.d.s.r.aws.ConfigClusterResolver - Resolving eureka endpoints via configuration
18:34:15.320 [http-nio-9002-exec-5] INFO  c.i.u.e.c.EmployeeController - EmployeeController.getEmployeeDetailsWithDepartment() ENTERED : email : Vaishnav.P@ikcontech.com
18:35:01.142 [http-nio-9002-exec-8] INFO  c.i.u.e.c.EmployeeController - EmployeeController.getEmployeeDetailsWithDepartment() ENTERED : email : Vaishnav.P@ikcontech.com
18:35:43.297 [http-nio-9002-exec-9] INFO  c.i.u.e.c.EmployeeController - EmployeeController.getEmployeeDetailsWithDepartment() ENTERED : email : Vaishnav.P@ikcontech.com
18:35:45.334 [http-nio-9002-exec-1] INFO  c.i.u.e.c.EmployeeController - EmployeeController.getEmployeeDetailsWithDepartment() ENTERED : email : Vaishnav.P@ikcontech.com
18:37:39.242 [http-nio-9002-exec-3] INFO  c.i.u.e.c.EmployeeController - EmployeeController.getEmployeeDetailsWithDepartment() ENTERED : email : Vaishnav.P@ikcontech.com
18:38:12.832 [AsyncResolver-bootstrap-executor-0] INFO  c.n.d.s.r.aws.ConfigClusterResolver - Resolving eureka endpoints via configuration
18:40:29.556 [http-nio-9002-exec-7] INFO  c.i.u.e.c.EmployeeController - EmployeeController.getEmployeeDetailsWithDepartment() ENTERED : email : Vaishnav.P@ikcontech.com
18:40:32.590 [http-nio-9002-exec-10] INFO  c.i.u.e.c.EmployeeController - EmployeeController.getEmployeeDetailsWithDepartment() ENTERED : email : Vaishnav.P@ikcontech.com
18:43:12.869 [AsyncResolver-bootstrap-executor-0] INFO  c.n.d.s.r.aws.ConfigClusterResolver - Resolving eureka endpoints via configuration
18:48:12.873 [AsyncResolver-bootstrap-executor-0] INFO  c.n.d.s.r.aws.ConfigClusterResolver - Resolving eureka endpoints via configuration
18:52:26.534 [http-nio-9002-exec-5] INFO  c.i.u.e.c.EmployeeController - EmployeeController.getEmployeeDetailsWithDepartment() ENTERED : email : Vaishnav.P@ikcontech.com
18:52:39.767 [http-nio-9002-exec-8] INFO  c.i.u.e.c.EmployeeController - EmployeeController.getEmployeeDetailsWithDepartment() ENTERED : email : Vaishnav.P@ikcontech.com
18:52:44.131 [http-nio-9002-exec-9] INFO  c.i.u.e.c.EmployeeController - EmployeeController.getEmployeeDetailsWithDepartment() ENTERED : email : Vaishnav.P@ikcontech.com
18:53:12.885 [AsyncResolver-bootstrap-executor-0] INFO  c.n.d.s.r.aws.ConfigClusterResolver - Resolving eureka endpoints via configuration
18:53:27.530 [http-nio-9002-exec-1] INFO  c.i.u.e.c.EmployeeController - EmployeeController.getEmployeeDetailsWithDepartment() ENTERED : email : Vaishnav.P@ikcontech.com
18:53:37.118 [http-nio-9002-exec-2] INFO  c.i.u.e.c.EmployeeController - EmployeeController.getEmployeeDetailsWithDepartment() ENTERED : email : Vaishnav.P@ikcontech.com
18:53:40.369 [http-nio-9002-exec-3] INFO  c.i.u.e.c.EmployeeController - EmployeeController.getEmployeeDetailsWithDepartment() ENTERED : email : Vaishnav.P@ikcontech.com
18:53:43.049 [http-nio-9002-exec-6] INFO  c.i.u.e.c.EmployeeController - EmployeeController.getEmployeeDetailsWithDepartment() ENTERED : email : Vaishnav.P@ikcontech.com
18:54:38.764 [http-nio-9002-exec-7] INFO  c.i.u.e.c.EmployeeController - EmployeeController.getEmployeeDetailsWithDepartment() ENTERED : email : Vaishnav.P@ikcontech.com
18:58:12.899 [AsyncResolver-bootstrap-executor-0] INFO  c.n.d.s.r.aws.ConfigClusterResolver - Resolving eureka endpoints via configuration
18:59:09.289 [http-nio-9002-exec-4] INFO  c.i.u.e.c.EmployeeController - EmployeeController.getEmployeeDetailsWithDepartment() ENTERED : email : Vaishnav.P@ikcontech.com
18:59:28.705 [http-nio-9002-exec-5] INFO  c.i.u.e.c.EmployeeController - EmployeeController.getEmployeeDetailsWithDepartment() ENTERED : email : Vaishnav.P@ikcontech.com
19:03:12.905 [AsyncResolver-bootstrap-executor-0] INFO  c.n.d.s.r.aws.ConfigClusterResolver - Resolving eureka endpoints via configuration
19:03:51.701 [http-nio-9002-exec-9] INFO  c.i.u.e.c.EmployeeController - EmployeeController.getEmployeeDetailsWithDepartment() ENTERED : email : Vaishnav.P@ikcontech.com
19:05:11.724 [http-nio-9002-exec-2] INFO  c.i.u.e.c.EmployeeController - EmployeeController.getEmployeeDetailsWithDepartment() ENTERED : email : Vaishnav.P@ikcontech.com
19:06:27.682 [http-nio-9002-exec-6] INFO  c.i.u.e.c.EmployeeController - EmployeeController.getEmployeeDetailsWithDepartment() ENTERED : email : Vaishnav.P@ikcontech.com
19:07:52.148 [http-nio-9002-exec-10] INFO  c.i.u.e.c.EmployeeController - EmployeeController.getEmployeeDetailsWithDepartment() ENTERED : email : Vaishnav.P@ikcontech.com
19:08:12.927 [AsyncResolver-bootstrap-executor-0] INFO  c.n.d.s.r.aws.ConfigClusterResolver - Resolving eureka endpoints via configuration
19:08:37.595 [http-nio-9002-exec-4] INFO  c.i.u.e.c.EmployeeController - EmployeeController.getEmployeeDetailsWithDepartment() ENTERED : email : Vaishnav.P@ikcontech.com
19:08:43.400 [http-nio-9002-exec-5] INFO  c.i.u.e.c.EmployeeController - EmployeeController.getEmployeeDetailsWithDepartment() ENTERED : email : Vaishnav.P@ikcontech.com
19:09:01.511 [http-nio-9002-exec-8] INFO  c.i.u.e.c.EmployeeController - EmployeeController.getEmployeeDetailsWithDepartment() ENTERED : email : Vaishnav.P@ikcontech.com
19:09:08.672 [http-nio-9002-exec-9] INFO  c.i.u.e.c.EmployeeController - EmployeeController.getEmployeeDetailsWithDepartment() ENTERED : email : Vaishnav.P@ikcontech.com
19:10:40.710 [http-nio-9002-exec-2] INFO  c.i.u.e.c.EmployeeController - EmployeeController.getEmployeeDetailsWithDepartment() ENTERED : email : Vaishnav.P@ikcontech.com
19:12:08.353 [http-nio-9002-exec-6] INFO  c.i.u.e.c.EmployeeController - EmployeeController.getEmployeeDetailsWithDepartment() ENTERED : email : Vaishnav.P@ikcontech.com
19:13:12.954 [AsyncResolver-bootstrap-executor-0] INFO  c.n.d.s.r.aws.ConfigClusterResolver - Resolving eureka endpoints via configuration
19:13:23.631 [http-nio-9002-exec-10] INFO  c.i.u.e.c.EmployeeController - EmployeeController.getEmployeeDetailsWithDepartment() ENTERED : email : Vaishnav.P@ikcontech.com
19:27:18.547 [HikariPool-1 housekeeper] WARN  com.zaxxer.hikari.pool.HikariPool - HikariPool-1 - Thread starvation or clock leap detected (housekeeper delta=14m1s802ms381µs800ns).
19:28:04.275 [http-nio-9002-exec-5] INFO  c.i.u.e.c.EmployeeController - EmployeeController.getEmployeeDetailsWithDepartment() ENTERED : email : Vaishnav.P@ikcontech.com
19:28:19.528 [http-nio-9002-exec-8] INFO  c.i.u.e.c.EmployeeController - EmployeeController.getEmployeeDetailsWithDepartment() ENTERED : email : Vaishnav.P@ikcontech.com
19:29:19.533 [http-nio-9002-exec-9] INFO  c.i.u.e.c.EmployeeController - EmployeeController.getEmployeeDetailsWithDepartment() ENTERED : email : Vaishnav.P@ikcontech.com
19:29:30.861 [http-nio-9002-exec-1] INFO  c.i.u.e.c.EmployeeController - EmployeeController.getEmployeeDetailsWithDepartment() ENTERED : email : Vaishnav.P@ikcontech.com
19:29:46.172 [http-nio-9002-exec-2] INFO  c.i.u.e.c.EmployeeController - EmployeeController.getEmployeeDetailsWithDepartment() ENTERED : email : Vaishnav.P@ikcontech.com
19:30:36.298 [http-nio-9002-exec-3] INFO  c.i.u.e.c.EmployeeController - EmployeeController.getEmployeeDetailsWithDepartment() ENTERED : email : Vaishnav.P@ikcontech.com
19:31:44.755 [AsyncResolver-bootstrap-executor-0] INFO  c.n.d.s.r.aws.ConfigClusterResolver - Resolving eureka endpoints via configuration
19:33:46.060 [http-nio-9002-exec-7] INFO  c.i.u.e.c.EmployeeController - EmployeeController.getEmployeeDetailsWithDepartment() ENTERED : email : Vaishnav.P@ikcontech.com
19:34:52.265 [http-nio-9002-exec-4] INFO  c.i.u.e.c.EmployeeController - EmployeeController.getEmployeeDetailsWithDepartment() ENTERED : email : Vaishnav.P@ikcontech.com
19:35:06.893 [http-nio-9002-exec-5] INFO  c.i.u.e.c.EmployeeController - EmployeeController.getEmployeeDetailsWithDepartment() ENTERED : email : Vaishnav.P@ikcontech.com
19:36:29.626 [http-nio-9002-exec-9] INFO  c.i.u.e.c.EmployeeController - EmployeeController.getEmployeeDetailsWithDepartment() ENTERED : email : Vaishnav.P@ikcontech.com
19:36:44.770 [AsyncResolver-bootstrap-executor-0] INFO  c.n.d.s.r.aws.ConfigClusterResolver - Resolving eureka endpoints via configuration
19:36:50.315 [http-nio-9002-exec-1] INFO  c.i.u.e.c.EmployeeController - EmployeeController.getEmployeeDetailsWithDepartment() ENTERED : email : Vaishnav.P@ikcontech.com
19:37:09.939 [http-nio-9002-exec-2] INFO  c.i.u.e.c.EmployeeController - EmployeeController.getEmployeeDetailsWithDepartment() ENTERED : email : Vaishnav.P@ikcontech.com
19:40:02.916 [http-nio-9002-exec-6] INFO  c.i.u.e.c.EmployeeController - EmployeeController.getEmployeeDetailsWithDepartment() ENTERED : email : Vaishnav.P@ikcontech.com
19:41:09.390 [http-nio-9002-exec-10] INFO  c.i.u.e.c.EmployeeController - EmployeeController.getEmployeeDetailsWithDepartment() ENTERED : email : Vaishnav.P@ikcontech.com
19:41:44.773 [AsyncResolver-bootstrap-executor-0] INFO  c.n.d.s.r.aws.ConfigClusterResolver - Resolving eureka endpoints via configuration
19:42:59.176 [http-nio-9002-exec-5] INFO  c.i.u.e.c.EmployeeController - EmployeeController.getEmployeeDetailsWithDepartment() ENTERED : email : Vaishnav.P@ikcontech.com
19:45:10.445 [http-nio-9002-exec-9] INFO  c.i.u.e.c.EmployeeController - EmployeeController.getEmployeeDetailsWithDepartment() ENTERED : email : Vaishnav.P@ikcontech.com
19:46:44.782 [AsyncResolver-bootstrap-executor-0] INFO  c.n.d.s.r.aws.ConfigClusterResolver - Resolving eureka endpoints via configuration
19:51:21.511 [http-nio-9002-exec-2] INFO  c.i.u.e.c.EmployeeController - EmployeeController.getEmployeeDetailsWithDepartment() ENTERED : email : Vaishnav.P@ikcontech.com
19:51:40.066 [http-nio-9002-exec-3] INFO  c.i.u.e.c.EmployeeController - EmployeeController.getEmployeeDetailsWithDepartment() ENTERED : email : Vaishnav.P@ikcontech.com
19:51:44.840 [AsyncResolver-bootstrap-executor-0] INFO  c.n.d.s.r.aws.ConfigClusterResolver - Resolving eureka endpoints via configuration
19:52:14.327 [RMI TCP Connection(528)-127.0.0.1] INFO  o.s.b.a.SpringApplicationAdminMXBeanRegistrar$SpringApplicationAdmin - Application shutdown requested.
19:52:14.347 [RMI TCP Connection(529)-127.0.0.1] INFO  o.s.b.a.SpringApplicationAdminMXBeanRegistrar$SpringApplicationAdmin - Application shutdown requested.
19:52:14.378 [RMI TCP Connection(528)-127.0.0.1] INFO  o.s.c.n.e.s.EurekaServiceRegistry - Unregistering application UMS-EMPLOYEE-SERVICE with eureka with status DOWN
19:52:14.381 [RMI TCP Connection(528)-127.0.0.1] INFO  c.netflix.discovery.DiscoveryClient - Saw local status change event StatusChangeEvent [timestamp=1696342934380, current=DOWN, previous=UP]
19:52:14.384 [DiscoveryClient-InstanceInfoReplicator-0] INFO  c.netflix.discovery.DiscoveryClient - DiscoveryClient_UMS-EMPLOYEE-SERVICE/IKCON1049:UMS-EMPLOYEE-SERVICE:9002: registering service...
19:52:14.452 [DiscoveryClient-InstanceInfoReplicator-0] INFO  c.netflix.discovery.DiscoveryClient - DiscoveryClient_UMS-EMPLOYEE-SERVICE/IKCON1049:UMS-EMPLOYEE-SERVICE:9002 - registration status: 204
19:52:14.594 [RMI TCP Connection(528)-127.0.0.1] INFO  o.a.coyote.http11.Http11NioProtocol - Pausing ProtocolHandler ["http-nio-9002"]
19:52:14.595 [RMI TCP Connection(528)-127.0.0.1] INFO  o.a.catalina.core.StandardService - Stopping service [Tomcat]
19:52:14.626 [RMI TCP Connection(528)-127.0.0.1] INFO  o.a.c.c.C.[Tomcat].[localhost].[/] - Destroying Spring FrameworkServlet 'dispatcherServlet'
19:52:14.689 [RMI TCP Connection(528)-127.0.0.1] WARN  o.a.c.loader.WebappClassLoaderBase - The web application [ROOT] appears to have started a thread named [boundedElastic-evictor-1] but has failed to stop it. This is very likely to create a memory leak. Stack trace of thread:
 java.base@17.0.7/jdk.internal.misc.Unsafe.park(Native Method)
 java.base@17.0.7/java.util.concurrent.locks.LockSupport.parkNanos(LockSupport.java:252)
 java.base@17.0.7/java.util.concurrent.locks.AbstractQueuedSynchronizer$ConditionObject.awaitNanos(AbstractQueuedSynchronizer.java:1672)
 java.base@17.0.7/java.util.concurrent.ScheduledThreadPoolExecutor$DelayedWorkQueue.take(ScheduledThreadPoolExecutor.java:1182)
 java.base@17.0.7/java.util.concurrent.ScheduledThreadPoolExecutor$DelayedWorkQueue.take(ScheduledThreadPoolExecutor.java:899)
 java.base@17.0.7/java.util.concurrent.ThreadPoolExecutor.getTask(ThreadPoolExecutor.java:1062)
 java.base@17.0.7/java.util.concurrent.ThreadPoolExecutor.runWorker(ThreadPoolExecutor.java:1122)
 java.base@17.0.7/java.util.concurrent.ThreadPoolExecutor$Worker.run(ThreadPoolExecutor.java:635)
 java.base@17.0.7/java.lang.Thread.run(Thread.java:833)
19:52:14.691 [RMI TCP Connection(528)-127.0.0.1] WARN  o.a.c.loader.WebappClassLoaderBase - The web application [ROOT] appears to have started a thread named [pool-10-thread-1] but has failed to stop it. This is very likely to create a memory leak. Stack trace of thread:
 java.base@17.0.7/jdk.internal.misc.Unsafe.park(Native Method)
 java.base@17.0.7/java.util.concurrent.locks.LockSupport.park(LockSupport.java:341)
 java.base@17.0.7/java.util.concurrent.locks.AbstractQueuedSynchronizer$ConditionNode.block(AbstractQueuedSynchronizer.java:506)
 java.base@17.0.7/java.util.concurrent.ForkJoinPool.unmanagedBlock(ForkJoinPool.java:3463)
 java.base@17.0.7/java.util.concurrent.ForkJoinPool.managedBlock(ForkJoinPool.java:3434)
 java.base@17.0.7/java.util.concurrent.locks.AbstractQueuedSynchronizer$ConditionObject.await(AbstractQueuedSynchronizer.java:1623)
 java.base@17.0.7/java.util.concurrent.ScheduledThreadPoolExecutor$DelayedWorkQueue.take(ScheduledThreadPoolExecutor.java:1170)
 java.base@17.0.7/java.util.concurrent.ScheduledThreadPoolExecutor$DelayedWorkQueue.take(ScheduledThreadPoolExecutor.java:899)
 java.base@17.0.7/java.util.concurrent.ThreadPoolExecutor.getTask(ThreadPoolExecutor.java:1062)
 java.base@17.0.7/java.util.concurrent.ThreadPoolExecutor.runWorker(ThreadPoolExecutor.java:1122)
 java.base@17.0.7/java.util.concurrent.ThreadPoolExecutor$Worker.run(ThreadPoolExecutor.java:635)
 java.base@17.0.7/java.lang.Thread.run(Thread.java:833)
19:52:14.692 [RMI TCP Connection(528)-127.0.0.1] WARN  o.a.c.loader.WebappClassLoaderBase - The web application [ROOT] appears to have started a thread named [boundedElastic-89] but has failed to stop it. This is very likely to create a memory leak. Stack trace of thread:
 java.base@17.0.7/jdk.internal.misc.Unsafe.park(Native Method)
 java.base@17.0.7/java.util.concurrent.locks.LockSupport.park(LockSupport.java:341)
 java.base@17.0.7/java.util.concurrent.locks.AbstractQueuedSynchronizer$ConditionNode.block(AbstractQueuedSynchronizer.java:506)
 java.base@17.0.7/java.util.concurrent.ForkJoinPool.unmanagedBlock(ForkJoinPool.java:3463)
 java.base@17.0.7/java.util.concurrent.ForkJoinPool.managedBlock(ForkJoinPool.java:3434)
 java.base@17.0.7/java.util.concurrent.locks.AbstractQueuedSynchronizer$ConditionObject.await(AbstractQueuedSynchronizer.java:1623)
 java.base@17.0.7/java.util.concurrent.ScheduledThreadPoolExecutor$DelayedWorkQueue.take(ScheduledThreadPoolExecutor.java:1170)
 java.base@17.0.7/java.util.concurrent.ScheduledThreadPoolExecutor$DelayedWorkQueue.take(ScheduledThreadPoolExecutor.java:899)
 java.base@17.0.7/java.util.concurrent.ThreadPoolExecutor.getTask(ThreadPoolExecutor.java:1062)
 java.base@17.0.7/java.util.concurrent.ThreadPoolExecutor.runWorker(ThreadPoolExecutor.java:1122)
 java.base@17.0.7/java.util.concurrent.ThreadPoolExecutor$Worker.run(ThreadPoolExecutor.java:635)
 java.base@17.0.7/java.lang.Thread.run(Thread.java:833)
19:52:15.558 [RMI TCP Connection(528)-127.0.0.1] INFO  o.a.coyote.http11.Http11NioProtocol - Stopping ProtocolHandler ["http-nio-9002"]
19:52:15.682 [RMI TCP Connection(528)-127.0.0.1] INFO  o.s.o.j.LocalContainerEntityManagerFactoryBean - Closing JPA EntityManagerFactory for persistence unit 'default'
19:52:15.754 [RMI TCP Connection(528)-127.0.0.1] INFO  com.zaxxer.hikari.HikariDataSource - HikariPool-1 - Shutdown initiated...
19:52:15.775 [RMI TCP Connection(528)-127.0.0.1] INFO  com.zaxxer.hikari.HikariDataSource - HikariPool-1 - Shutdown completed.
19:52:15.779 [RMI TCP Connection(528)-127.0.0.1] INFO  c.netflix.discovery.DiscoveryClient - Shutting down DiscoveryClient ...
